<!DOCTYPE html PUBLIC "-//W3C//DTD XHTML 1.1//EN" "http://www.w3.org/TR/xhtml11/DTD/xhtml11.dtd">
<html xmlns="http://www.w3.org/1999/xhtml">
<head>
<meta http-equiv="content-type" content="text/html; charset=UTF-8"/>
<title>TestNG Report</title>
<style type="text/css">table {margin-bottom:10px;border-collapse:collapse;empty-cells:show}th,td {border:1px solid #009;padding:.25em .5em}th {vertical-align:bottom}td {vertical-align:top}table a {font-weight:bold}.stripe td {background-color: #E6EBF9}.num {text-align:right}.passedodd td {background-color: #3F3}.passedeven td {background-color: #0A0}.skippedodd td {background-color: #DDD}.skippedeven td {background-color: #CCC}.failedodd td,.attn {background-color: #F33}.failedeven td,.stripe .attn {background-color: #D00}.stacktrace {white-space:pre;font-family:monospace}.totop {font-size:85%;text-align:center;border-bottom:2px solid #000}.invisible {display:none}</style>
</head>
<body>
<table>
<tr><th>Test</th><th># Passed</th><th># Skipped</th><th># Failed</th><th>Time (ms)</th><th>Included Groups</th><th>Excluded Groups</th></tr>
<tr><th colspan="7">DemoQATest</th></tr>
<tr><td><a href="#t0">toolsqaHomeTest</a></td><td class="num">9</td><td class="num">0</td><td class="num">0</td><td class="num">15,202</td><td></td><td></td></tr>
<tr class="stripe"><td><a href="#t1">toolsqaFormTest</a></td><td class="num">3</td><td class="num">0</td><td class="num">0</td><td class="num">36,936</td><td></td><td></td></tr>
<tr><td><a href="#t2">toolsqaWindowTest</a></td><td class="num">6</td><td class="num">0</td><td class="num">0</td><td class="num">66,608</td><td></td><td></td></tr>
<tr class="stripe"><td><a href="#t3">toolsqaElementTest</a></td><td class="num">10</td><td class="num">0</td><td class="num">0</td><td class="num">97,001</td><td></td><td></td></tr>
<tr><td><a href="#t4">toolsqaWidgetTest</a></td><td class="num">2</td><td class="num attn">6</td><td class="num attn">2</td><td class="num">101,636</td><td></td><td></td></tr>
<tr><th>Total</th><th class="num">30</th><th class="num attn">6</th><th class="num attn">2</th><th class="num">317,383</th><th colspan="2"></th></tr>
</table>
<table id='summary'><thead><tr><th>Class</th><th>Method</th><th>Start</th><th>Time (ms)</th></tr></thead><tbody><tr><th colspan="4">DemoQATest</th></tr></tbody><tbody id="t0"><tr><th colspan="4">toolsqaHomeTest &#8212; passed</th></tr><tr class="passedeven"><td rowspan="9">com.cybage.assignment.test.toolsqaHomePageTest</td><td><a href="#m0">validateIfAlertTabPresent</a></td><td rowspan="1">1633064499272</td><td rowspan="1">56</td></tr><tr class="passedeven"><td><a href="#m1">validateIfBookStoreTabPresent</a></td><td rowspan="1">1633064499381</td><td rowspan="1">49</td></tr><tr class="passedeven"><td><a href="#m2">validateIfElementsTabPresent</a></td><td rowspan="1">1633064499442</td><td rowspan="1">67</td></tr><tr class="passedeven"><td><a href="#m3">validateIfFormsTabPresent</a></td><td rowspan="1">1633064499519</td><td rowspan="1">38</td></tr><tr class="passedeven"><td><a href="#m4">validateIfInteractionsTabPresent</a></td><td rowspan="1">1633064499564</td><td rowspan="1">54</td></tr><tr class="passedeven"><td><a href="#m5">validateIfLogoPresent</a></td><td rowspan="1">1633064499627</td><td rowspan="1">35</td></tr><tr class="passedeven"><td><a href="#m6">validateIfWidgetTabPresent</a></td><td rowspan="1">1633064499672</td><td rowspan="1">36</td></tr><tr class="passedeven"><td><a href="#m7">validatePageBanner</a></td><td rowspan="1">1633064499719</td><td rowspan="1">36</td></tr><tr class="passedeven"><td><a href="#m8">validatePageTitle</a></td><td rowspan="1">1633064499766</td><td rowspan="1">3</td></tr></tbody>
<tbody id="t1"><tr><th colspan="4">toolsqaFormTest &#8212; passed</th></tr><tr class="passedeven"><td rowspan="3">com.cybage.assignment.test.toolsqaFormPageTest</td><td><a href="#m9">validateFormAfterSubmit</a></td><td rowspan="1">1633064517184</td><td rowspan="1">400</td></tr><tr class="passedeven"><td><a href="#m10">validateFormFilling</a></td><td rowspan="1">1633064509357</td><td rowspan="1">4815</td></tr><tr class="passedeven"><td><a href="#m11">validatePracticeFormOption</a></td><td rowspan="1">1633064504088</td><td rowspan="1">2260</td></tr></tbody>
<tbody id="t2"><tr><th colspan="4">toolsqaWindowTest &#8212; passed</th></tr><tr class="passedeven"><td rowspan="6">com.cybage.assignment.test.alertFrameWindowPageTest</td><td><a href="#m12">validateAlertsOption</a></td><td rowspan="1">1633064505523</td><td rowspan="1">19434</td></tr><tr class="passedeven"><td><a href="#m13">validateBrowserWindowOptions</a></td><td rowspan="1">1633064527966</td><td rowspan="1">4815</td></tr><tr class="passedeven"><td><a href="#m14">validateIFrameOperations</a></td><td rowspan="1">1633064535794</td><td rowspan="1">4434</td></tr><tr class="passedeven"><td><a href="#m15">validateModalDialogsOperation</a></td><td rowspan="1">1633064543233</td><td rowspan="1">675</td></tr><tr class="passedeven"><td><a href="#m16">validateNestedFramesOperation</a></td><td rowspan="1">1633064546912</td><td rowspan="1">382</td></tr><tr class="passedeven"><td><a href="#m17">validatePresenceOfAlertFrameWindowOptions</a></td><td rowspan="1">1633064501891</td><td rowspan="1">622</td></tr></tbody>
<tbody id="t3"><tr><th colspan="4">toolsqaElementTest &#8212; passed</th></tr><tr class="passedeven"><td rowspan="10">com.cybage.assignment.test.toolsqaElementPageTest</td><td><a href="#m18">validateBrokenLinkImagesOperations</a></td><td rowspan="1">1633064504960</td><td rowspan="1">9302</td></tr><tr class="passedeven"><td><a href="#m19">validateButtonsOperations</a></td><td rowspan="1">1633064517277</td><td rowspan="1">687</td></tr><tr class="passedeven"><td><a href="#m20">validateCheckBoxOperation</a></td><td rowspan="1">1633064520981</td><td rowspan="1">456</td></tr><tr class="passedeven"><td><a href="#m21">validateDynamicButtonsOperations</a></td><td rowspan="1">1633064524444</td><td rowspan="1">11150</td></tr><tr class="passedeven"><td><a href="#m22">validateElementScreen</a></td><td rowspan="1">1633064501304</td><td rowspan="1">645</td></tr><tr class="passedeven"><td><a href="#m23">validateLinksOperations</a></td><td rowspan="1">1633064538603</td><td rowspan="1">2678</td></tr><tr class="passedeven"><td><a href="#m24">validateRadioButtonOperations</a></td><td rowspan="1">1633064544295</td><td rowspan="1">579</td></tr><tr class="passedeven"><td><a href="#m25">validateTextBoxOnSubmission</a></td><td rowspan="1">1633064547884</td><td rowspan="1">892</td></tr><tr class="passedeven"><td><a href="#m26">validateUploadDownloadOperations</a></td><td rowspan="1">1633064551793</td><td rowspan="1">2301</td></tr><tr class="passedeven"><td><a href="#m27">validateWebTablesOperations</a></td><td rowspan="1">1633064557101</td><td rowspan="1">20558</td></tr></tbody>
<tbody id="t4"><tr><th colspan="4">toolsqaWidgetTest &#8212; failed</th></tr><tr class="failedeven"><td rowspan="2">com.cybage.assignment.test.widgetsPageTest</td><td><a href="#m28">validateAutoCompleteTextBoxes</a></td><td rowspan="1">1633064533430</td><td rowspan="1">3826</td></tr><tr class="failedeven"><td><a href="#m29">validateDatePickerOperation</a></td><td rowspan="1">1633064579286</td><td rowspan="1">2887</td></tr><tr><th colspan="4">toolsqaWidgetTest &#8212; skipped</th></tr><tr class="skippedeven"><td rowspan="6">com.cybage.assignment.test.widgetsPageTest</td><td><a href="#m30">validateAutoCompleteTextBoxes</a></td><td rowspan="3">1633064526649</td><td rowspan="3">3766</td></tr><tr class="skippedeven"><td><a href="#m31">validateAutoCompleteTextBoxes</a></td></tr><tr class="skippedeven"><td><a href="#m32">validateAutoCompleteTextBoxes</a></td></tr><tr class="skippedeven"><td><a href="#m33">validateDatePickerOperation</a></td><td rowspan="3">1633064573389</td><td rowspan="3">2884</td></tr><tr class="skippedeven"><td><a href="#m34">validateDatePickerOperation</a></td></tr><tr class="skippedeven"><td><a href="#m35">validateDatePickerOperation</a></td></tr><tr><th colspan="4">toolsqaWidgetTest &#8212; passed</th></tr><tr class="passedeven"><td rowspan="2">com.cybage.assignment.test.widgetsPageTest</td><td><a href="#m36">validateAccordianPageOperations</a></td><td rowspan="1">1633064505244</td><td rowspan="1">4785</td></tr><tr class="passedeven"><td><a href="#m37">validatePresenceOfWidgetOptions</a></td><td rowspan="1">1633064501382</td><td rowspan="1">855</td></tr></tbody>
</table>
<h2>toolsqaHomeTest</h2><h3 id="m0">com.cybage.assignment.test.toolsqaHomePageTest#validateIfAlertTabPresent</h3><table class="result"><tr><th class="invisible"/></tr></table><p class="totop"><a href="#summary">back to summary</a></p>
<h3 id="m1">com.cybage.assignment.test.toolsqaHomePageTest#validateIfBookStoreTabPresent</h3><table class="result"><tr><th class="invisible"/></tr></table><p class="totop"><a href="#summary">back to summary</a></p>
<h3 id="m2">com.cybage.assignment.test.toolsqaHomePageTest#validateIfElementsTabPresent</h3><table class="result"><tr><th class="invisible"/></tr></table><p class="totop"><a href="#summary">back to summary</a></p>
<h3 id="m3">com.cybage.assignment.test.toolsqaHomePageTest#validateIfFormsTabPresent</h3><table class="result"><tr><th class="invisible"/></tr></table><p class="totop"><a href="#summary">back to summary</a></p>
<h3 id="m4">com.cybage.assignment.test.toolsqaHomePageTest#validateIfInteractionsTabPresent</h3><table class="result"><tr><th class="invisible"/></tr></table><p class="totop"><a href="#summary">back to summary</a></p>
<h3 id="m5">com.cybage.assignment.test.toolsqaHomePageTest#validateIfLogoPresent</h3><table class="result"><tr><th class="invisible"/></tr></table><p class="totop"><a href="#summary">back to summary</a></p>
<h3 id="m6">com.cybage.assignment.test.toolsqaHomePageTest#validateIfWidgetTabPresent</h3><table class="result"><tr><th class="invisible"/></tr></table><p class="totop"><a href="#summary">back to summary</a></p>
<h3 id="m7">com.cybage.assignment.test.toolsqaHomePageTest#validatePageBanner</h3><table class="result"><tr><th class="invisible"/></tr></table><p class="totop"><a href="#summary">back to summary</a></p>
<h3 id="m8">com.cybage.assignment.test.toolsqaHomePageTest#validatePageTitle</h3><table class="result"><tr><th class="invisible"/></tr></table><p class="totop"><a href="#summary">back to summary</a></p>
<h2>toolsqaFormTest</h2><h3 id="m9">com.cybage.assignment.test.toolsqaFormPageTest#validateFormAfterSubmit</h3><table class="result"><tr><th class="invisible"/></tr></table><p class="totop"><a href="#summary">back to summary</a></p>
<h3 id="m10">com.cybage.assignment.test.toolsqaFormPageTest#validateFormFilling</h3><table class="result"><tr><th class="invisible"/></tr></table><p class="totop"><a href="#summary">back to summary</a></p>
<h3 id="m11">com.cybage.assignment.test.toolsqaFormPageTest#validatePracticeFormOption</h3><table class="result"><tr><th class="invisible"/></tr></table><p class="totop"><a href="#summary">back to summary</a></p>
<h2>toolsqaWindowTest</h2><h3 id="m12">com.cybage.assignment.test.alertFrameWindowPageTest#validateAlertsOption</h3><table class="result"><tr><th class="invisible"/></tr></table><p class="totop"><a href="#summary">back to summary</a></p>
<h3 id="m13">com.cybage.assignment.test.alertFrameWindowPageTest#validateBrowserWindowOptions</h3><table class="result"><tr><th class="invisible"/></tr></table><p class="totop"><a href="#summary">back to summary</a></p>
<h3 id="m14">com.cybage.assignment.test.alertFrameWindowPageTest#validateIFrameOperations</h3><table class="result"><tr><th class="invisible"/></tr></table><p class="totop"><a href="#summary">back to summary</a></p>
<h3 id="m15">com.cybage.assignment.test.alertFrameWindowPageTest#validateModalDialogsOperation</h3><table class="result"><tr><th class="invisible"/></tr></table><p class="totop"><a href="#summary">back to summary</a></p>
<h3 id="m16">com.cybage.assignment.test.alertFrameWindowPageTest#validateNestedFramesOperation</h3><table class="result"><tr><th class="invisible"/></tr></table><p class="totop"><a href="#summary">back to summary</a></p>
<h3 id="m17">com.cybage.assignment.test.alertFrameWindowPageTest#validatePresenceOfAlertFrameWindowOptions</h3><table class="result"><tr><th class="invisible"/></tr></table><p class="totop"><a href="#summary">back to summary</a></p>
<h2>toolsqaElementTest</h2><h3 id="m18">com.cybage.assignment.test.toolsqaElementPageTest#validateBrokenLinkImagesOperations</h3><table class="result"><tr><th class="invisible"/></tr></table><p class="totop"><a href="#summary">back to summary</a></p>
<h3 id="m19">com.cybage.assignment.test.toolsqaElementPageTest#validateButtonsOperations</h3><table class="result"><tr><th class="invisible"/></tr></table><p class="totop"><a href="#summary">back to summary</a></p>
<h3 id="m20">com.cybage.assignment.test.toolsqaElementPageTest#validateCheckBoxOperation</h3><table class="result"><tr><th class="invisible"/></tr></table><p class="totop"><a href="#summary">back to summary</a></p>
<h3 id="m21">com.cybage.assignment.test.toolsqaElementPageTest#validateDynamicButtonsOperations</h3><table class="result"><tr><th class="invisible"/></tr></table><p class="totop"><a href="#summary">back to summary</a></p>
<h3 id="m22">com.cybage.assignment.test.toolsqaElementPageTest#validateElementScreen</h3><table class="result"><tr><th class="invisible"/></tr></table><p class="totop"><a href="#summary">back to summary</a></p>
<h3 id="m23">com.cybage.assignment.test.toolsqaElementPageTest#validateLinksOperations</h3><table class="result"><tr><th class="invisible"/></tr></table><p class="totop"><a href="#summary">back to summary</a></p>
<h3 id="m24">com.cybage.assignment.test.toolsqaElementPageTest#validateRadioButtonOperations</h3><table class="result"><tr><th class="invisible"/></tr></table><p class="totop"><a href="#summary">back to summary</a></p>
<h3 id="m25">com.cybage.assignment.test.toolsqaElementPageTest#validateTextBoxOnSubmission</h3><table class="result"><tr><th class="invisible"/></tr></table><p class="totop"><a href="#summary">back to summary</a></p>
<h3 id="m26">com.cybage.assignment.test.toolsqaElementPageTest#validateUploadDownloadOperations</h3><table class="result"><tr><th class="invisible"/></tr></table><p class="totop"><a href="#summary">back to summary</a></p>
<h3 id="m27">com.cybage.assignment.test.toolsqaElementPageTest#validateWebTablesOperations</h3><table class="result"><tr><th class="invisible"/></tr></table><p class="totop"><a href="#summary">back to summary</a></p>
<h2>toolsqaWidgetTest</h2><h3 id="m28">com.cybage.assignment.test.widgetsPageTest#validateAutoCompleteTextBoxes</h3><table class="result"><tr><th>Exception</th></tr><tr><td><div class="stacktrace">java.lang.AssertionError: The following asserts failed:
	expected [Purple] but found [Red],
	expected [Red] but found [Green]
	at com.cybage.assignment.test.widgetsPageTest.validateAutoCompleteTextBoxes(widgetsPageTest.java:88)
	at java.util.concurrent.FutureTask.run(FutureTask.java:266)
	at java.util.concurrent.ThreadPoolExecutor.runWorker(ThreadPoolExecutor.java:1149)
	at java.util.concurrent.ThreadPoolExecutor$Worker.run(ThreadPoolExecutor.java:624)
	at java.lang.Thread.run(Thread.java:748)
... Removed 17 stack frames</div></td></tr></table><p class="totop"><a href="#summary">back to summary</a></p>
<h3 id="m29">com.cybage.assignment.test.widgetsPageTest#validateDatePickerOperation</h3><table class="result"><tr><th>Exception</th></tr><tr><td><div class="stacktrace">org.openqa.selenium.ElementClickInterceptedException: element click intercepted: Element &lt;div class=&quot;react-datepicker__day react-datepicker__day--0...&quot; tabindex=&quot;-1&quot; aria-label=&quot;Choose Wednesday, May 25th, 1988&quot; role=&quot;option&quot; aria-disabled=&quot;false&quot;&gt;25&lt;/div&gt; is not clickable at point (644, 244). Other element would receive the click: &lt;div class=&quot;react-datepicker__year-option&quot;&gt;...&lt;/div&gt;
  (Session info: chrome=93.0.4577.82)
Build info: version: &apos;3.141.59&apos;, revision: &apos;e82be7d358&apos;, time: &apos;2018-11-14T08:17:03&apos;
System info: host: &apos;SACHINTAW-W10&apos;, ip: &apos;172.27.85.17&apos;, os.name: &apos;Windows 10&apos;, os.arch: &apos;x86&apos;, os.version: &apos;10.0&apos;, java.version: &apos;1.8.0_171&apos;
Driver info: org.openqa.selenium.chrome.ChromeDriver
Capabilities {acceptInsecureCerts: true, browserName: chrome, browserVersion: 93.0.4577.82, chrome: {chromedriverVersion: 93.0.4577.15 (660fc11082ba5..., userDataDir: C:\Users\SACHIN~1\AppData\L...}, goog:chromeOptions: {debuggerAddress: localhost:50552}, javascriptEnabled: true, networkConnectionEnabled: false, pageLoadStrategy: normal, platform: WINDOWS, platformName: WINDOWS, proxy: Proxy(), setWindowRect: true, strictFileInteractability: false, timeouts: {implicit: 0, pageLoad: 300000, script: 30000}, unhandledPromptBehavior: dismiss and notify, webauthn:extension:credBlob: true, webauthn:extension:largeBlob: true, webauthn:virtualAuthenticators: true}
Session ID: 9363b6f16f4270114bd8e9288a0a12a2
	at org.openqa.selenium.remote.http.W3CHttpResponseCodec.createException(W3CHttpResponseCodec.java:187)
	at org.openqa.selenium.remote.http.W3CHttpResponseCodec.decode(W3CHttpResponseCodec.java:122)
	at org.openqa.selenium.remote.http.W3CHttpResponseCodec.decode(W3CHttpResponseCodec.java:49)
	at org.openqa.selenium.remote.HttpCommandExecutor.execute(HttpCommandExecutor.java:158)
	at org.openqa.selenium.remote.service.DriverCommandExecutor.execute(DriverCommandExecutor.java:83)
	at org.openqa.selenium.remote.RemoteWebDriver.execute(RemoteWebDriver.java:552)
	at org.openqa.selenium.remote.RemoteWebElement.execute(RemoteWebElement.java:285)
	at org.openqa.selenium.remote.RemoteWebElement.click(RemoteWebElement.java:84)
	at com.cybage.assignment.page.widgetsPage.selectDateTimeUsingDatePicker(widgetsPage.java:260)
	at com.cybage.assignment.test.widgetsPageTest.validateDatePickerOperation(widgetsPageTest.java:97)
	at java.util.concurrent.FutureTask.run(FutureTask.java:266)
	at java.util.concurrent.ThreadPoolExecutor.runWorker(ThreadPoolExecutor.java:1149)
	at java.util.concurrent.ThreadPoolExecutor$Worker.run(ThreadPoolExecutor.java:624)
	at java.lang.Thread.run(Thread.java:748)
... Removed 20 stack frames</div></td></tr></table><p class="totop"><a href="#summary">back to summary</a></p>
<h3 id="m30">com.cybage.assignment.test.widgetsPageTest#validateAutoCompleteTextBoxes</h3><table class="result"><tr><th>Exception</th></tr><tr><td><div class="stacktrace">java.lang.AssertionError: The following asserts failed:
	expected [Purple] but found [Red],
	expected [Red] but found [Green]
	at com.cybage.assignment.test.widgetsPageTest.validateAutoCompleteTextBoxes(widgetsPageTest.java:88)
	at java.util.concurrent.FutureTask.run(FutureTask.java:266)
	at java.util.concurrent.ThreadPoolExecutor.runWorker(ThreadPoolExecutor.java:1149)
	at java.util.concurrent.ThreadPoolExecutor$Worker.run(ThreadPoolExecutor.java:624)
	at java.lang.Thread.run(Thread.java:748)
... Removed 17 stack frames</div></td></tr></table><p class="totop"><a href="#summary">back to summary</a></p>
<h3 id="m31">com.cybage.assignment.test.widgetsPageTest#validateAutoCompleteTextBoxes</h3><table class="result"><tr><th>Exception</th></tr><tr><td><div class="stacktrace">java.lang.AssertionError: The following asserts failed:
	expected [Purple] but found [Red],
	expected [Red] but found [Green]
	at com.cybage.assignment.test.widgetsPageTest.validateAutoCompleteTextBoxes(widgetsPageTest.java:88)
	at java.util.concurrent.FutureTask.run(FutureTask.java:266)
	at java.util.concurrent.ThreadPoolExecutor.runWorker(ThreadPoolExecutor.java:1149)
	at java.util.concurrent.ThreadPoolExecutor$Worker.run(ThreadPoolExecutor.java:624)
	at java.lang.Thread.run(Thread.java:748)
... Removed 17 stack frames</div></td></tr></table><p class="totop"><a href="#summary">back to summary</a></p>
<h3 id="m32">com.cybage.assignment.test.widgetsPageTest#validateAutoCompleteTextBoxes</h3><table class="result"><tr><th>Exception</th></tr><tr><td><div class="stacktrace">java.lang.AssertionError: The following asserts failed:
	expected [Purple] but found [Red],
	expected [Red] but found [Green]
	at com.cybage.assignment.test.widgetsPageTest.validateAutoCompleteTextBoxes(widgetsPageTest.java:88)
	at java.util.concurrent.FutureTask.run(FutureTask.java:266)
	at java.util.concurrent.ThreadPoolExecutor.runWorker(ThreadPoolExecutor.java:1149)
	at java.util.concurrent.ThreadPoolExecutor$Worker.run(ThreadPoolExecutor.java:624)
	at java.lang.Thread.run(Thread.java:748)
... Removed 17 stack frames</div></td></tr></table><p class="totop"><a href="#summary">back to summary</a></p>
<h3 id="m33">com.cybage.assignment.test.widgetsPageTest#validateDatePickerOperation</h3><table class="result"><tr><th>Exception</th></tr><tr><td><div class="stacktrace">org.openqa.selenium.ElementClickInterceptedException: element click intercepted: Element &lt;div class=&quot;react-datepicker__day react-datepicker__day--0...&quot; tabindex=&quot;-1&quot; aria-label=&quot;Choose Wednesday, May 25th, 1988&quot; role=&quot;option&quot; aria-disabled=&quot;false&quot;&gt;25&lt;/div&gt; is not clickable at point (644, 244). Other element would receive the click: &lt;div class=&quot;react-datepicker__year-option&quot;&gt;...&lt;/div&gt;
  (Session info: chrome=93.0.4577.82)
Build info: version: &apos;3.141.59&apos;, revision: &apos;e82be7d358&apos;, time: &apos;2018-11-14T08:17:03&apos;
System info: host: &apos;SACHINTAW-W10&apos;, ip: &apos;172.27.85.17&apos;, os.name: &apos;Windows 10&apos;, os.arch: &apos;x86&apos;, os.version: &apos;10.0&apos;, java.version: &apos;1.8.0_171&apos;
Driver info: org.openqa.selenium.chrome.ChromeDriver
Capabilities {acceptInsecureCerts: true, browserName: chrome, browserVersion: 93.0.4577.82, chrome: {chromedriverVersion: 93.0.4577.15 (660fc11082ba5..., userDataDir: C:\Users\SACHIN~1\AppData\L...}, goog:chromeOptions: {debuggerAddress: localhost:50552}, javascriptEnabled: true, networkConnectionEnabled: false, pageLoadStrategy: normal, platform: WINDOWS, platformName: WINDOWS, proxy: Proxy(), setWindowRect: true, strictFileInteractability: false, timeouts: {implicit: 0, pageLoad: 300000, script: 30000}, unhandledPromptBehavior: dismiss and notify, webauthn:extension:credBlob: true, webauthn:extension:largeBlob: true, webauthn:virtualAuthenticators: true}
Session ID: 9363b6f16f4270114bd8e9288a0a12a2
	at org.openqa.selenium.remote.http.W3CHttpResponseCodec.createException(W3CHttpResponseCodec.java:187)
	at org.openqa.selenium.remote.http.W3CHttpResponseCodec.decode(W3CHttpResponseCodec.java:122)
	at org.openqa.selenium.remote.http.W3CHttpResponseCodec.decode(W3CHttpResponseCodec.java:49)
	at org.openqa.selenium.remote.HttpCommandExecutor.execute(HttpCommandExecutor.java:158)
	at org.openqa.selenium.remote.service.DriverCommandExecutor.execute(DriverCommandExecutor.java:83)
	at org.openqa.selenium.remote.RemoteWebDriver.execute(RemoteWebDriver.java:552)
	at org.openqa.selenium.remote.RemoteWebElement.execute(RemoteWebElement.java:285)
	at org.openqa.selenium.remote.RemoteWebElement.click(RemoteWebElement.java:84)
	at com.cybage.assignment.page.widgetsPage.selectDateTimeUsingDatePicker(widgetsPage.java:260)
	at com.cybage.assignment.test.widgetsPageTest.validateDatePickerOperation(widgetsPageTest.java:97)
	at java.util.concurrent.FutureTask.run(FutureTask.java:266)
	at java.util.concurrent.ThreadPoolExecutor.runWorker(ThreadPoolExecutor.java:1149)
	at java.util.concurrent.ThreadPoolExecutor$Worker.run(ThreadPoolExecutor.java:624)
	at java.lang.Thread.run(Thread.java:748)
... Removed 20 stack frames</div></td></tr></table><p class="totop"><a href="#summary">back to summary</a></p>
<h3 id="m34">com.cybage.assignment.test.widgetsPageTest#validateDatePickerOperation</h3><table class="result"><tr><th>Exception</th></tr><tr><td><div class="stacktrace">java.lang.AssertionError: The following asserts failed:
	expected [May 25, 1988 12:15 AM] but found [January 25, 1988 10:32 AM]
	at com.cybage.assignment.test.widgetsPageTest.validateDatePickerOperation(widgetsPageTest.java:98)
	at java.util.concurrent.FutureTask.run(FutureTask.java:266)
	at java.util.concurrent.ThreadPoolExecutor.runWorker(ThreadPoolExecutor.java:1149)
	at java.util.concurrent.ThreadPoolExecutor$Worker.run(ThreadPoolExecutor.java:624)
	at java.lang.Thread.run(Thread.java:748)
... Removed 17 stack frames</div></td></tr></table><p class="totop"><a href="#summary">back to summary</a></p>
<h3 id="m35">com.cybage.assignment.test.widgetsPageTest#validateDatePickerOperation</h3><table class="result"><tr><th>Exception</th></tr><tr><td><div class="stacktrace">java.lang.AssertionError: The following asserts failed:
	expected [May 25, 1988 12:15 AM] but found [May 25, 1988 10:32 AM]
	at com.cybage.assignment.test.widgetsPageTest.validateDatePickerOperation(widgetsPageTest.java:98)
	at java.util.concurrent.FutureTask.run(FutureTask.java:266)
	at java.util.concurrent.ThreadPoolExecutor.runWorker(ThreadPoolExecutor.java:1149)
	at java.util.concurrent.ThreadPoolExecutor$Worker.run(ThreadPoolExecutor.java:624)
	at java.lang.Thread.run(Thread.java:748)
... Removed 17 stack frames</div></td></tr></table><p class="totop"><a href="#summary">back to summary</a></p>
<h3 id="m36">com.cybage.assignment.test.widgetsPageTest#validateAccordianPageOperations</h3><table class="result"><tr><th class="invisible"/></tr></table><p class="totop"><a href="#summary">back to summary</a></p>
<h3 id="m37">com.cybage.assignment.test.widgetsPageTest#validatePresenceOfWidgetOptions</h3><table class="result"><tr><th class="invisible"/></tr></table><p class="totop"><a href="#summary">back to summary</a></p>
</body>
</html>
