<!DOCTYPE html>

<html>
  <head>
  <meta charset='utf-8'>
  <title>TestNG reports</title>

    <link type="text/css" href="testng-reports.css" rel="stylesheet" />
    <script type="text/javascript" src="jquery-1.7.1.min.js"></script>
    <script type="text/javascript" src="testng-reports.js"></script>
    <script type="text/javascript" src="https://www.google.com/jsapi"></script>
    <script type='text/javascript'>
      google.load('visualization', '1', {packages:['table']});
      google.setOnLoadCallback(drawTable);
      var suiteTableInitFunctions = new Array();
      var suiteTableData = new Array();
    </script>
    <!--
      <script type="text/javascript" src="jquery-ui/js/jquery-ui-1.8.16.custom.min.js"></script>
     -->
  </head>

  <body>
    <div class="top-banner-root">
      <span class="top-banner-title-font">Test results</span>
      <br/>
      <span class="top-banner-font-1">1 suite, 1 failed test</span>
    </div> <!-- top-banner-root -->
    <div class="navigator-root">
      <div class="navigator-suite-header">
        <span>All suites</span>
        <a href="#" class="collapse-all-link" title="Collapse/expand all the suites">
          <img class="collapse-all-icon" src="collapseall.gif">
          </img> <!-- collapse-all-icon -->
        </a> <!-- collapse-all-link -->
      </div> <!-- navigator-suite-header -->
      <div class="suite">
        <div class="rounded-window">
          <div class="suite-header light-rounded-window-top">
            <a href="#" class="navigator-link" panel-name="suite-DemoQATest">
              <span class="suite-name border-failed">DemoQATest</span>
            </a> <!-- navigator-link -->
          </div> <!-- suite-header light-rounded-window-top -->
          <div class="navigator-suite-content">
            <div class="suite-section-title">
              <span>Info</span>
            </div> <!-- suite-section-title -->
            <div class="suite-section-content">
              <ul>
                <li>
                  <a href="#" class="navigator-link " panel-name="test-xml-DemoQATest">
                    <span>C:\Users\sachintaw\IdeaProjects\ToolsQA\src\main\resources\suites\testng.xml</span>
                  </a> <!-- navigator-link  -->
                </li>
                <li>
                  <a href="#" class="navigator-link " panel-name="testlist-DemoQATest">
                    <span class="test-stats">5 tests</span>
                  </a> <!-- navigator-link  -->
                </li>
                <li>
                  <a href="#" class="navigator-link " panel-name="group-DemoQATest">
                    <span>0 groups</span>
                  </a> <!-- navigator-link  -->
                </li>
                <li>
                  <a href="#" class="navigator-link " panel-name="times-DemoQATest">
                    <span>Times</span>
                  </a> <!-- navigator-link  -->
                </li>
                <li>
                  <a href="#" class="navigator-link " panel-name="reporter-DemoQATest">
                    <span>Reporter output</span>
                  </a> <!-- navigator-link  -->
                </li>
                <li>
                  <a href="#" class="navigator-link " panel-name="ignored-methods-DemoQATest">
                    <span>Ignored methods</span>
                  </a> <!-- navigator-link  -->
                </li>
                <li>
                  <a href="#" class="navigator-link " panel-name="chronological-DemoQATest">
                    <span>Chronological view</span>
                  </a> <!-- navigator-link  -->
                </li>
              </ul>
            </div> <!-- suite-section-content -->
            <div class="result-section">
              <div class="suite-section-title">
                <span>Results</span>
              </div> <!-- suite-section-title -->
              <div class="suite-section-content">
                <ul>
                  <li>
                    <span class="method-stats">35 methods, 1 failed,  11 skipped,  23 passed</span>
                  </li>
                  <li>
                    <span class="method-list-title failed">Failed methods</span>
                    <span class="show-or-hide-methods failed">
                      <a href="#" panel-name="suite-DemoQATest" class="hide-methods failed suite-DemoQATest"> (hide)</a> <!-- hide-methods failed suite-DemoQATest -->
                      <a href="#" panel-name="suite-DemoQATest" class="show-methods failed suite-DemoQATest"> (show)</a> <!-- show-methods failed suite-DemoQATest -->
                    </span>
                    <div class="method-list-content failed suite-DemoQATest">
                      <span>
                        <img width="3%" src="failed.png"/>
                        <a href="#" class="method navigator-link" panel-name="suite-DemoQATest" title="com.cybage.assignment.test.toolsqaElementPageTest" hash-for-method="validateBrokenLinkImagesOperations">validateBrokenLinkImagesOperations</a> <!-- method navigator-link -->
                      </span>
                      <br/>
                    </div> <!-- method-list-content failed suite-DemoQATest -->
                  </li>
                  <li>
                    <span class="method-list-title skipped">Skipped methods</span>
                    <span class="show-or-hide-methods skipped">
                      <a href="#" panel-name="suite-DemoQATest" class="hide-methods skipped suite-DemoQATest"> (hide)</a> <!-- hide-methods skipped suite-DemoQATest -->
                      <a href="#" panel-name="suite-DemoQATest" class="show-methods skipped suite-DemoQATest"> (show)</a> <!-- show-methods skipped suite-DemoQATest -->
                    </span>
                    <div class="method-list-content skipped suite-DemoQATest">
                      <span>
                        <img width="3%" src="skipped.png"/>
                        <a href="#" class="method navigator-link" panel-name="suite-DemoQATest" title="com.cybage.assignment.test.toolsqaElementPageTest" hash-for-method="validateBrokenLinkImagesOperations">validateBrokenLinkImagesOperations</a> <!-- method navigator-link -->
                      </span>
                      <br/>
                      <span>
                        <img width="3%" src="skipped.png"/>
                        <a href="#" class="method navigator-link" panel-name="suite-DemoQATest" title="com.cybage.assignment.test.toolsqaElementPageTest" hash-for-method="validateBrokenLinkImagesOperations">validateBrokenLinkImagesOperations</a> <!-- method navigator-link -->
                      </span>
                      <br/>
                      <span>
                        <img width="3%" src="skipped.png"/>
                        <a href="#" class="method navigator-link" panel-name="suite-DemoQATest" title="com.cybage.assignment.test.toolsqaElementPageTest" hash-for-method="validateBrokenLinkImagesOperations">validateBrokenLinkImagesOperations</a> <!-- method navigator-link -->
                      </span>
                      <br/>
                      <span>
                        <img width="3%" src="skipped.png"/>
                        <a href="#" class="method navigator-link" panel-name="suite-DemoQATest" title="com.cybage.assignment.test.toolsqaElementPageTest" hash-for-method="validateButtonsOperations">validateButtonsOperations</a> <!-- method navigator-link -->
                      </span>
                      <br/>
                      <span>
                        <img width="3%" src="skipped.png"/>
                        <a href="#" class="method navigator-link" panel-name="suite-DemoQATest" title="com.cybage.assignment.test.toolsqaElementPageTest" hash-for-method="validateCheckBoxOperation">validateCheckBoxOperation</a> <!-- method navigator-link -->
                      </span>
                      <br/>
                      <span>
                        <img width="3%" src="skipped.png"/>
                        <a href="#" class="method navigator-link" panel-name="suite-DemoQATest" title="com.cybage.assignment.test.toolsqaElementPageTest" hash-for-method="validateDynamicButtonsOperations">validateDynamicButtonsOperations</a> <!-- method navigator-link -->
                      </span>
                      <br/>
                      <span>
                        <img width="3%" src="skipped.png"/>
                        <a href="#" class="method navigator-link" panel-name="suite-DemoQATest" title="com.cybage.assignment.test.toolsqaElementPageTest" hash-for-method="validateLinksOperations">validateLinksOperations</a> <!-- method navigator-link -->
                      </span>
                      <br/>
                      <span>
                        <img width="3%" src="skipped.png"/>
                        <a href="#" class="method navigator-link" panel-name="suite-DemoQATest" title="com.cybage.assignment.test.toolsqaElementPageTest" hash-for-method="validateRadioButtonOperations">validateRadioButtonOperations</a> <!-- method navigator-link -->
                      </span>
                      <br/>
                      <span>
                        <img width="3%" src="skipped.png"/>
                        <a href="#" class="method navigator-link" panel-name="suite-DemoQATest" title="com.cybage.assignment.test.toolsqaElementPageTest" hash-for-method="validateTextBoxOnSubmission">validateTextBoxOnSubmission</a> <!-- method navigator-link -->
                      </span>
                      <br/>
                      <span>
                        <img width="3%" src="skipped.png"/>
                        <a href="#" class="method navigator-link" panel-name="suite-DemoQATest" title="com.cybage.assignment.test.toolsqaElementPageTest" hash-for-method="validateUploadDownloadOperations">validateUploadDownloadOperations</a> <!-- method navigator-link -->
                      </span>
                      <br/>
                      <span>
                        <img width="3%" src="skipped.png"/>
                        <a href="#" class="method navigator-link" panel-name="suite-DemoQATest" title="com.cybage.assignment.test.toolsqaElementPageTest" hash-for-method="validateWebTablesOperations">validateWebTablesOperations</a> <!-- method navigator-link -->
                      </span>
                      <br/>
                    </div> <!-- method-list-content skipped suite-DemoQATest -->
                  </li>
                  <li>
                    <span class="method-list-title passed">Passed methods</span>
                    <span class="show-or-hide-methods passed">
                      <a href="#" panel-name="suite-DemoQATest" class="hide-methods passed suite-DemoQATest"> (hide)</a> <!-- hide-methods passed suite-DemoQATest -->
                      <a href="#" panel-name="suite-DemoQATest" class="show-methods passed suite-DemoQATest"> (show)</a> <!-- show-methods passed suite-DemoQATest -->
                    </span>
                    <div class="method-list-content passed suite-DemoQATest">
                      <span>
                        <img width="3%" src="passed.png"/>
                        <a href="#" class="method navigator-link" panel-name="suite-DemoQATest" title="com.cybage.assignment.test.widgetsPageTest" hash-for-method="validateAccordianPageOperations">validateAccordianPageOperations</a> <!-- method navigator-link -->
                      </span>
                      <br/>
                      <span>
                        <img width="3%" src="passed.png"/>
                        <a href="#" class="method navigator-link" panel-name="suite-DemoQATest" title="com.cybage.assignment.test.alertFrameWindowPageTest" hash-for-method="validateAlertsOption">validateAlertsOption</a> <!-- method navigator-link -->
                      </span>
                      <br/>
                      <span>
                        <img width="3%" src="passed.png"/>
                        <a href="#" class="method navigator-link" panel-name="suite-DemoQATest" title="com.cybage.assignment.test.widgetsPageTest" hash-for-method="validateAutoCompleteTextBoxes">validateAutoCompleteTextBoxes</a> <!-- method navigator-link -->
                      </span>
                      <br/>
                      <span>
                        <img width="3%" src="passed.png"/>
                        <a href="#" class="method navigator-link" panel-name="suite-DemoQATest" title="com.cybage.assignment.test.alertFrameWindowPageTest" hash-for-method="validateBrowserWindowOptions">validateBrowserWindowOptions</a> <!-- method navigator-link -->
                      </span>
                      <br/>
                      <span>
                        <img width="3%" src="passed.png"/>
                        <a href="#" class="method navigator-link" panel-name="suite-DemoQATest" title="com.cybage.assignment.test.widgetsPageTest" hash-for-method="validateDatePickerOperation">validateDatePickerOperation</a> <!-- method navigator-link -->
                      </span>
                      <br/>
                      <span>
                        <img width="3%" src="passed.png"/>
                        <a href="#" class="method navigator-link" panel-name="suite-DemoQATest" title="com.cybage.assignment.test.toolsqaElementPageTest" hash-for-method="validateElementScreen">validateElementScreen</a> <!-- method navigator-link -->
                      </span>
                      <br/>
                      <span>
                        <img width="3%" src="passed.png"/>
                        <a href="#" class="method navigator-link" panel-name="suite-DemoQATest" title="com.cybage.assignment.test.toolsqaFormPageTest" hash-for-method="validateFormAfterSubmit">validateFormAfterSubmit</a> <!-- method navigator-link -->
                      </span>
                      <br/>
                      <span>
                        <img width="3%" src="passed.png"/>
                        <a href="#" class="method navigator-link" panel-name="suite-DemoQATest" title="com.cybage.assignment.test.toolsqaFormPageTest" hash-for-method="validateFormFilling">validateFormFilling</a> <!-- method navigator-link -->
                      </span>
                      <br/>
                      <span>
                        <img width="3%" src="passed.png"/>
                        <a href="#" class="method navigator-link" panel-name="suite-DemoQATest" title="com.cybage.assignment.test.alertFrameWindowPageTest" hash-for-method="validateIFrameOperations">validateIFrameOperations</a> <!-- method navigator-link -->
                      </span>
                      <br/>
                      <span>
                        <img width="3%" src="passed.png"/>
                        <a href="#" class="method navigator-link" panel-name="suite-DemoQATest" title="com.cybage.assignment.test.toolsqaHomePageTest" hash-for-method="validateIfAlertTabPresent">validateIfAlertTabPresent</a> <!-- method navigator-link -->
                      </span>
                      <br/>
                      <span>
                        <img width="3%" src="passed.png"/>
                        <a href="#" class="method navigator-link" panel-name="suite-DemoQATest" title="com.cybage.assignment.test.toolsqaHomePageTest" hash-for-method="validateIfBookStoreTabPresent">validateIfBookStoreTabPresent</a> <!-- method navigator-link -->
                      </span>
                      <br/>
                      <span>
                        <img width="3%" src="passed.png"/>
                        <a href="#" class="method navigator-link" panel-name="suite-DemoQATest" title="com.cybage.assignment.test.toolsqaHomePageTest" hash-for-method="validateIfElementsTabPresent">validateIfElementsTabPresent</a> <!-- method navigator-link -->
                      </span>
                      <br/>
                      <span>
                        <img width="3%" src="passed.png"/>
                        <a href="#" class="method navigator-link" panel-name="suite-DemoQATest" title="com.cybage.assignment.test.toolsqaHomePageTest" hash-for-method="validateIfFormsTabPresent">validateIfFormsTabPresent</a> <!-- method navigator-link -->
                      </span>
                      <br/>
                      <span>
                        <img width="3%" src="passed.png"/>
                        <a href="#" class="method navigator-link" panel-name="suite-DemoQATest" title="com.cybage.assignment.test.toolsqaHomePageTest" hash-for-method="validateIfInteractionsTabPresent">validateIfInteractionsTabPresent</a> <!-- method navigator-link -->
                      </span>
                      <br/>
                      <span>
                        <img width="3%" src="passed.png"/>
                        <a href="#" class="method navigator-link" panel-name="suite-DemoQATest" title="com.cybage.assignment.test.toolsqaHomePageTest" hash-for-method="validateIfLogoPresent">validateIfLogoPresent</a> <!-- method navigator-link -->
                      </span>
                      <br/>
                      <span>
                        <img width="3%" src="passed.png"/>
                        <a href="#" class="method navigator-link" panel-name="suite-DemoQATest" title="com.cybage.assignment.test.toolsqaHomePageTest" hash-for-method="validateIfWidgetTabPresent">validateIfWidgetTabPresent</a> <!-- method navigator-link -->
                      </span>
                      <br/>
                      <span>
                        <img width="3%" src="passed.png"/>
                        <a href="#" class="method navigator-link" panel-name="suite-DemoQATest" title="com.cybage.assignment.test.alertFrameWindowPageTest" hash-for-method="validateModalDialogsOperation">validateModalDialogsOperation</a> <!-- method navigator-link -->
                      </span>
                      <br/>
                      <span>
                        <img width="3%" src="passed.png"/>
                        <a href="#" class="method navigator-link" panel-name="suite-DemoQATest" title="com.cybage.assignment.test.alertFrameWindowPageTest" hash-for-method="validateNestedFramesOperation">validateNestedFramesOperation</a> <!-- method navigator-link -->
                      </span>
                      <br/>
                      <span>
                        <img width="3%" src="passed.png"/>
                        <a href="#" class="method navigator-link" panel-name="suite-DemoQATest" title="com.cybage.assignment.test.toolsqaHomePageTest" hash-for-method="validatePageBanner">validatePageBanner</a> <!-- method navigator-link -->
                      </span>
                      <br/>
                      <span>
                        <img width="3%" src="passed.png"/>
                        <a href="#" class="method navigator-link" panel-name="suite-DemoQATest" title="com.cybage.assignment.test.toolsqaHomePageTest" hash-for-method="validatePageTitle">validatePageTitle</a> <!-- method navigator-link -->
                      </span>
                      <br/>
                      <span>
                        <img width="3%" src="passed.png"/>
                        <a href="#" class="method navigator-link" panel-name="suite-DemoQATest" title="com.cybage.assignment.test.toolsqaFormPageTest" hash-for-method="validatePracticeFormOption">validatePracticeFormOption</a> <!-- method navigator-link -->
                      </span>
                      <br/>
                      <span>
                        <img width="3%" src="passed.png"/>
                        <a href="#" class="method navigator-link" panel-name="suite-DemoQATest" title="com.cybage.assignment.test.alertFrameWindowPageTest" hash-for-method="validatePresenceOfAlertFrameWindowOptions">validatePresenceOfAlertFrameWindowOptions</a> <!-- method navigator-link -->
                      </span>
                      <br/>
                      <span>
                        <img width="3%" src="passed.png"/>
                        <a href="#" class="method navigator-link" panel-name="suite-DemoQATest" title="com.cybage.assignment.test.widgetsPageTest" hash-for-method="validatePresenceOfWidgetOptions">validatePresenceOfWidgetOptions</a> <!-- method navigator-link -->
                      </span>
                      <br/>
                    </div> <!-- method-list-content passed suite-DemoQATest -->
                  </li>
                </ul>
              </div> <!-- suite-section-content -->
            </div> <!-- result-section -->
          </div> <!-- navigator-suite-content -->
        </div> <!-- rounded-window -->
      </div> <!-- suite -->
    </div> <!-- navigator-root -->
    <div class="wrapper">
      <div class="main-panel-root">
        <div panel-name="suite-DemoQATest" class="panel DemoQATest">
          <div class="suite-DemoQATest-class-failed">
            <div class="main-panel-header rounded-window-top">
              <img src="failed.png"/>
              <span class="class-name">com.cybage.assignment.test.toolsqaElementPageTest</span>
            </div> <!-- main-panel-header rounded-window-top -->
            <div class="main-panel-content rounded-window-bottom">
              <div class="method">
                <div class="method-content">
                  <a name="validateBrokenLinkImagesOperations">
                  </a> <!-- validateBrokenLinkImagesOperations -->
                  <span class="method-name">validateBrokenLinkImagesOperations</span>
                  <div class="stack-trace">org.openqa.selenium.WebDriverException: chrome not reachable
  (Session info: chrome=94.0.4606.61)
Build info: version: &apos;3.141.59&apos;, revision: &apos;e82be7d358&apos;, time: &apos;2018-11-14T08:17:03&apos;
System info: host: &apos;SACHINTAW-W10&apos;, ip: &apos;172.27.85.17&apos;, os.name: &apos;Windows 10&apos;, os.arch: &apos;x86&apos;, os.version: &apos;10.0&apos;, java.version: &apos;1.8.0_171&apos;
Driver info: org.openqa.selenium.chrome.ChromeDriver
Capabilities {acceptInsecureCerts: true, browserName: chrome, browserVersion: 94.0.4606.61, chrome: {chromedriverVersion: 93.0.4577.15 (660fc11082ba5..., userDataDir: C:\Users\SACHIN~1\AppData\L...}, goog:chromeOptions: {debuggerAddress: localhost:58822}, javascriptEnabled: true, networkConnectionEnabled: false, pageLoadStrategy: normal, platform: WINDOWS, platformName: WINDOWS, proxy: Proxy(), setWindowRect: true, strictFileInteractability: false, timeouts: {implicit: 0, pageLoad: 300000, script: 30000}, unhandledPromptBehavior: dismiss and notify, webauthn:extension:credBlob: true, webauthn:extension:largeBlob: true, webauthn:virtualAuthenticators: true}
Session ID: 3274ba838aaeb49d70d6ff904f38728f
*** Element info: {Using=xpath, value=//div[@class=&apos;element-list collapse show&apos;]//ul//li[7]}
	at org.openqa.selenium.remote.http.W3CHttpResponseCodec.createException(W3CHttpResponseCodec.java:187)
	at org.openqa.selenium.remote.http.W3CHttpResponseCodec.decode(W3CHttpResponseCodec.java:122)
	at org.openqa.selenium.remote.http.W3CHttpResponseCodec.decode(W3CHttpResponseCodec.java:49)
	at org.openqa.selenium.remote.HttpCommandExecutor.execute(HttpCommandExecutor.java:158)
	at org.openqa.selenium.remote.service.DriverCommandExecutor.execute(DriverCommandExecutor.java:83)
	at org.openqa.selenium.remote.RemoteWebDriver.execute(RemoteWebDriver.java:552)
	at org.openqa.selenium.remote.RemoteWebDriver.findElement(RemoteWebDriver.java:323)
	at org.openqa.selenium.remote.RemoteWebDriver.findElementByXPath(RemoteWebDriver.java:428)
	at org.openqa.selenium.By$ByXPath.findElement(By.java:353)
	at org.openqa.selenium.remote.RemoteWebDriver.findElement(RemoteWebDriver.java:315)
	at org.openqa.selenium.support.pagefactory.DefaultElementLocator.findElement(DefaultElementLocator.java:69)
	at org.openqa.selenium.support.pagefactory.internal.LocatingElementHandler.invoke(LocatingElementHandler.java:38)
	at com.sun.proxy.$Proxy34.getWrappedElement(Unknown Source)
	at org.openqa.selenium.remote.internal.WebElementToJsonConverter.apply(WebElementToJsonConverter.java:50)
	at java.util.stream.ReferencePipeline$3$1.accept(ReferencePipeline.java:193)
	at java.util.Spliterators$ArraySpliterator.forEachRemaining(Spliterators.java:948)
	at java.util.stream.AbstractPipeline.copyInto(AbstractPipeline.java:481)
	at java.util.stream.AbstractPipeline.wrapAndCopyInto(AbstractPipeline.java:471)
	at java.util.stream.ReduceOps$ReduceOp.evaluateSequential(ReduceOps.java:708)
	at java.util.stream.AbstractPipeline.evaluate(AbstractPipeline.java:234)
	at java.util.stream.ReferencePipeline.collect(ReferencePipeline.java:499)
	at org.openqa.selenium.remote.RemoteWebDriver.executeScript(RemoteWebDriver.java:484)
	at com.cybage.assignment.objects.utilities.scrollIntoView(utilities.java:162)
	at com.cybage.assignment.page.elementsPage.checkPresenceOfBrokenLinkImagesOption(elementsPage.java:393)
	at com.cybage.assignment.test.toolsqaElementPageTest.validateBrokenLinkImagesOperations(toolsqaElementPageTest.java:144)
	at java.util.concurrent.FutureTask.run(FutureTask.java:266)
	at java.util.concurrent.ThreadPoolExecutor.runWorker(ThreadPoolExecutor.java:1149)
	at java.util.concurrent.ThreadPoolExecutor$Worker.run(ThreadPoolExecutor.java:624)
	at java.lang.Thread.run(Thread.java:748)
... Removed 20 stack frames
</div> <!-- stack-trace -->
                </div> <!-- method-content -->
              </div> <!-- method -->
            </div> <!-- main-panel-content rounded-window-bottom -->
          </div> <!-- suite-DemoQATest-class-failed -->
          <div class="suite-DemoQATest-class-skipped">
            <div class="main-panel-header rounded-window-top">
              <img src="skipped.png"/>
              <span class="class-name">com.cybage.assignment.test.toolsqaElementPageTest</span>
            </div> <!-- main-panel-header rounded-window-top -->
            <div class="main-panel-content rounded-window-bottom">
              <div class="method">
                <div class="method-content">
                  <a name="validateBrokenLinkImagesOperations">
                  </a> <!-- validateBrokenLinkImagesOperations -->
                  <span class="method-name">validateBrokenLinkImagesOperations</span>
                  <div class="stack-trace">org.openqa.selenium.WebDriverException: chrome not reachable
  (Session info: chrome=94.0.4606.61)
Build info: version: &apos;3.141.59&apos;, revision: &apos;e82be7d358&apos;, time: &apos;2018-11-14T08:17:03&apos;
System info: host: &apos;SACHINTAW-W10&apos;, ip: &apos;172.27.85.17&apos;, os.name: &apos;Windows 10&apos;, os.arch: &apos;x86&apos;, os.version: &apos;10.0&apos;, java.version: &apos;1.8.0_171&apos;
Driver info: org.openqa.selenium.chrome.ChromeDriver
Capabilities {acceptInsecureCerts: true, browserName: chrome, browserVersion: 94.0.4606.61, chrome: {chromedriverVersion: 93.0.4577.15 (660fc11082ba5..., userDataDir: C:\Users\SACHIN~1\AppData\L...}, goog:chromeOptions: {debuggerAddress: localhost:58822}, javascriptEnabled: true, networkConnectionEnabled: false, pageLoadStrategy: normal, platform: WINDOWS, platformName: WINDOWS, proxy: Proxy(), setWindowRect: true, strictFileInteractability: false, timeouts: {implicit: 0, pageLoad: 300000, script: 30000}, unhandledPromptBehavior: dismiss and notify, webauthn:extension:credBlob: true, webauthn:extension:largeBlob: true, webauthn:virtualAuthenticators: true}
Session ID: 3274ba838aaeb49d70d6ff904f38728f
*** Element info: {Using=xpath, value=//div[@class=&apos;element-list collapse show&apos;]//ul//li[7]}
	at org.openqa.selenium.remote.http.W3CHttpResponseCodec.createException(W3CHttpResponseCodec.java:187)
	at org.openqa.selenium.remote.http.W3CHttpResponseCodec.decode(W3CHttpResponseCodec.java:122)
	at org.openqa.selenium.remote.http.W3CHttpResponseCodec.decode(W3CHttpResponseCodec.java:49)
	at org.openqa.selenium.remote.HttpCommandExecutor.execute(HttpCommandExecutor.java:158)
	at org.openqa.selenium.remote.service.DriverCommandExecutor.execute(DriverCommandExecutor.java:83)
	at org.openqa.selenium.remote.RemoteWebDriver.execute(RemoteWebDriver.java:552)
	at org.openqa.selenium.remote.RemoteWebDriver.findElement(RemoteWebDriver.java:323)
	at org.openqa.selenium.remote.RemoteWebDriver.findElementByXPath(RemoteWebDriver.java:428)
	at org.openqa.selenium.By$ByXPath.findElement(By.java:353)
	at org.openqa.selenium.remote.RemoteWebDriver.findElement(RemoteWebDriver.java:315)
	at org.openqa.selenium.support.pagefactory.DefaultElementLocator.findElement(DefaultElementLocator.java:69)
	at org.openqa.selenium.support.pagefactory.internal.LocatingElementHandler.invoke(LocatingElementHandler.java:38)
	at com.sun.proxy.$Proxy34.getWrappedElement(Unknown Source)
	at org.openqa.selenium.remote.internal.WebElementToJsonConverter.apply(WebElementToJsonConverter.java:50)
	at java.util.stream.ReferencePipeline$3$1.accept(ReferencePipeline.java:193)
	at java.util.Spliterators$ArraySpliterator.forEachRemaining(Spliterators.java:948)
	at java.util.stream.AbstractPipeline.copyInto(AbstractPipeline.java:481)
	at java.util.stream.AbstractPipeline.wrapAndCopyInto(AbstractPipeline.java:471)
	at java.util.stream.ReduceOps$ReduceOp.evaluateSequential(ReduceOps.java:708)
	at java.util.stream.AbstractPipeline.evaluate(AbstractPipeline.java:234)
	at java.util.stream.ReferencePipeline.collect(ReferencePipeline.java:499)
	at org.openqa.selenium.remote.RemoteWebDriver.executeScript(RemoteWebDriver.java:484)
	at com.cybage.assignment.objects.utilities.scrollIntoView(utilities.java:162)
	at com.cybage.assignment.page.elementsPage.checkPresenceOfBrokenLinkImagesOption(elementsPage.java:393)
	at com.cybage.assignment.test.toolsqaElementPageTest.validateBrokenLinkImagesOperations(toolsqaElementPageTest.java:144)
	at java.util.concurrent.FutureTask.run(FutureTask.java:266)
	at java.util.concurrent.ThreadPoolExecutor.runWorker(ThreadPoolExecutor.java:1149)
	at java.util.concurrent.ThreadPoolExecutor$Worker.run(ThreadPoolExecutor.java:624)
	at java.lang.Thread.run(Thread.java:748)
... Removed 20 stack frames
</div> <!-- stack-trace -->
                </div> <!-- method-content -->
              </div> <!-- method -->
              <div class="method">
                <div class="method-content">
                  <a name="validateBrokenLinkImagesOperations">
                  </a> <!-- validateBrokenLinkImagesOperations -->
                  <span class="method-name">validateBrokenLinkImagesOperations</span>
                  <div class="stack-trace">org.openqa.selenium.WebDriverException: chrome not reachable
  (Session info: chrome=94.0.4606.61)
Build info: version: &apos;3.141.59&apos;, revision: &apos;e82be7d358&apos;, time: &apos;2018-11-14T08:17:03&apos;
System info: host: &apos;SACHINTAW-W10&apos;, ip: &apos;172.27.85.17&apos;, os.name: &apos;Windows 10&apos;, os.arch: &apos;x86&apos;, os.version: &apos;10.0&apos;, java.version: &apos;1.8.0_171&apos;
Driver info: org.openqa.selenium.chrome.ChromeDriver
Capabilities {acceptInsecureCerts: true, browserName: chrome, browserVersion: 94.0.4606.61, chrome: {chromedriverVersion: 93.0.4577.15 (660fc11082ba5..., userDataDir: C:\Users\SACHIN~1\AppData\L...}, goog:chromeOptions: {debuggerAddress: localhost:58822}, javascriptEnabled: true, networkConnectionEnabled: false, pageLoadStrategy: normal, platform: WINDOWS, platformName: WINDOWS, proxy: Proxy(), setWindowRect: true, strictFileInteractability: false, timeouts: {implicit: 0, pageLoad: 300000, script: 30000}, unhandledPromptBehavior: dismiss and notify, webauthn:extension:credBlob: true, webauthn:extension:largeBlob: true, webauthn:virtualAuthenticators: true}
Session ID: 3274ba838aaeb49d70d6ff904f38728f
	at org.openqa.selenium.remote.http.W3CHttpResponseCodec.createException(W3CHttpResponseCodec.java:187)
	at org.openqa.selenium.remote.http.W3CHttpResponseCodec.decode(W3CHttpResponseCodec.java:122)
	at org.openqa.selenium.remote.http.W3CHttpResponseCodec.decode(W3CHttpResponseCodec.java:49)
	at org.openqa.selenium.remote.HttpCommandExecutor.execute(HttpCommandExecutor.java:158)
	at org.openqa.selenium.remote.service.DriverCommandExecutor.execute(DriverCommandExecutor.java:83)
	at org.openqa.selenium.remote.RemoteWebDriver.execute(RemoteWebDriver.java:552)
	at org.openqa.selenium.remote.RemoteWebDriver.execute(RemoteWebDriver.java:609)
	at org.openqa.selenium.remote.RemoteWebDriver$RemoteNavigation.back(RemoteWebDriver.java:849)
	at com.cybage.assignment.page.elementsPage.checkBrokenLink(elementsPage.java:424)
	at com.cybage.assignment.test.toolsqaElementPageTest.validateBrokenLinkImagesOperations(toolsqaElementPageTest.java:148)
	at java.util.concurrent.FutureTask.run(FutureTask.java:266)
	at java.util.concurrent.ThreadPoolExecutor.runWorker(ThreadPoolExecutor.java:1149)
	at java.util.concurrent.ThreadPoolExecutor$Worker.run(ThreadPoolExecutor.java:624)
	at java.lang.Thread.run(Thread.java:748)
... Removed 20 stack frames
</div> <!-- stack-trace -->
                </div> <!-- method-content -->
              </div> <!-- method -->
              <div class="method">
                <div class="method-content">
                  <a name="validateBrokenLinkImagesOperations">
                  </a> <!-- validateBrokenLinkImagesOperations -->
                  <span class="method-name">validateBrokenLinkImagesOperations</span>
                  <div class="stack-trace">org.openqa.selenium.WebDriverException: chrome not reachable
  (Session info: chrome=94.0.4606.61)
Build info: version: &apos;3.141.59&apos;, revision: &apos;e82be7d358&apos;, time: &apos;2018-11-14T08:17:03&apos;
System info: host: &apos;SACHINTAW-W10&apos;, ip: &apos;172.27.85.17&apos;, os.name: &apos;Windows 10&apos;, os.arch: &apos;x86&apos;, os.version: &apos;10.0&apos;, java.version: &apos;1.8.0_171&apos;
Driver info: org.openqa.selenium.chrome.ChromeDriver
Capabilities {acceptInsecureCerts: true, browserName: chrome, browserVersion: 94.0.4606.61, chrome: {chromedriverVersion: 93.0.4577.15 (660fc11082ba5..., userDataDir: C:\Users\SACHIN~1\AppData\L...}, goog:chromeOptions: {debuggerAddress: localhost:58822}, javascriptEnabled: true, networkConnectionEnabled: false, pageLoadStrategy: normal, platform: WINDOWS, platformName: WINDOWS, proxy: Proxy(), setWindowRect: true, strictFileInteractability: false, timeouts: {implicit: 0, pageLoad: 300000, script: 30000}, unhandledPromptBehavior: dismiss and notify, webauthn:extension:credBlob: true, webauthn:extension:largeBlob: true, webauthn:virtualAuthenticators: true}
Session ID: 3274ba838aaeb49d70d6ff904f38728f
*** Element info: {Using=xpath, value=//div[@class=&apos;element-list collapse show&apos;]//ul//li[7]}
	at org.openqa.selenium.remote.http.W3CHttpResponseCodec.createException(W3CHttpResponseCodec.java:187)
	at org.openqa.selenium.remote.http.W3CHttpResponseCodec.decode(W3CHttpResponseCodec.java:122)
	at org.openqa.selenium.remote.http.W3CHttpResponseCodec.decode(W3CHttpResponseCodec.java:49)
	at org.openqa.selenium.remote.HttpCommandExecutor.execute(HttpCommandExecutor.java:158)
	at org.openqa.selenium.remote.service.DriverCommandExecutor.execute(DriverCommandExecutor.java:83)
	at org.openqa.selenium.remote.RemoteWebDriver.execute(RemoteWebDriver.java:552)
	at org.openqa.selenium.remote.RemoteWebDriver.findElement(RemoteWebDriver.java:323)
	at org.openqa.selenium.remote.RemoteWebDriver.findElementByXPath(RemoteWebDriver.java:428)
	at org.openqa.selenium.By$ByXPath.findElement(By.java:353)
	at org.openqa.selenium.remote.RemoteWebDriver.findElement(RemoteWebDriver.java:315)
	at org.openqa.selenium.support.pagefactory.DefaultElementLocator.findElement(DefaultElementLocator.java:69)
	at org.openqa.selenium.support.pagefactory.internal.LocatingElementHandler.invoke(LocatingElementHandler.java:38)
	at com.sun.proxy.$Proxy34.getWrappedElement(Unknown Source)
	at org.openqa.selenium.remote.internal.WebElementToJsonConverter.apply(WebElementToJsonConverter.java:50)
	at java.util.stream.ReferencePipeline$3$1.accept(ReferencePipeline.java:193)
	at java.util.Spliterators$ArraySpliterator.forEachRemaining(Spliterators.java:948)
	at java.util.stream.AbstractPipeline.copyInto(AbstractPipeline.java:481)
	at java.util.stream.AbstractPipeline.wrapAndCopyInto(AbstractPipeline.java:471)
	at java.util.stream.ReduceOps$ReduceOp.evaluateSequential(ReduceOps.java:708)
	at java.util.stream.AbstractPipeline.evaluate(AbstractPipeline.java:234)
	at java.util.stream.ReferencePipeline.collect(ReferencePipeline.java:499)
	at org.openqa.selenium.remote.RemoteWebDriver.executeScript(RemoteWebDriver.java:484)
	at com.cybage.assignment.objects.utilities.scrollIntoView(utilities.java:162)
	at com.cybage.assignment.page.elementsPage.checkPresenceOfBrokenLinkImagesOption(elementsPage.java:393)
	at com.cybage.assignment.test.toolsqaElementPageTest.validateBrokenLinkImagesOperations(toolsqaElementPageTest.java:144)
	at java.util.concurrent.FutureTask.run(FutureTask.java:266)
	at java.util.concurrent.ThreadPoolExecutor.runWorker(ThreadPoolExecutor.java:1149)
	at java.util.concurrent.ThreadPoolExecutor$Worker.run(ThreadPoolExecutor.java:624)
	at java.lang.Thread.run(Thread.java:748)
... Removed 20 stack frames
</div> <!-- stack-trace -->
                </div> <!-- method-content -->
              </div> <!-- method -->
              <div class="method">
                <div class="method-content">
                  <a name="validateButtonsOperations">
                  </a> <!-- validateButtonsOperations -->
                  <span class="method-name">validateButtonsOperations</span>
                  <div class="stack-trace">org.openqa.selenium.WebDriverException: chrome not reachable
  (Session info: chrome=94.0.4606.61)
Build info: version: &apos;3.141.59&apos;, revision: &apos;e82be7d358&apos;, time: &apos;2018-11-14T08:17:03&apos;
System info: host: &apos;SACHINTAW-W10&apos;, ip: &apos;172.27.85.17&apos;, os.name: &apos;Windows 10&apos;, os.arch: &apos;x86&apos;, os.version: &apos;10.0&apos;, java.version: &apos;1.8.0_171&apos;
Driver info: org.openqa.selenium.chrome.ChromeDriver
Capabilities {acceptInsecureCerts: true, browserName: chrome, browserVersion: 94.0.4606.61, chrome: {chromedriverVersion: 93.0.4577.15 (660fc11082ba5..., userDataDir: C:\Users\SACHIN~1\AppData\L...}, goog:chromeOptions: {debuggerAddress: localhost:58822}, javascriptEnabled: true, networkConnectionEnabled: false, pageLoadStrategy: normal, platform: WINDOWS, platformName: WINDOWS, proxy: Proxy(), setWindowRect: true, strictFileInteractability: false, timeouts: {implicit: 0, pageLoad: 300000, script: 30000}, unhandledPromptBehavior: dismiss and notify, webauthn:extension:credBlob: true, webauthn:extension:largeBlob: true, webauthn:virtualAuthenticators: true}
Session ID: 3274ba838aaeb49d70d6ff904f38728f
	at org.openqa.selenium.remote.http.W3CHttpResponseCodec.createException(W3CHttpResponseCodec.java:187)
	at org.openqa.selenium.remote.http.W3CHttpResponseCodec.decode(W3CHttpResponseCodec.java:122)
	at org.openqa.selenium.remote.http.W3CHttpResponseCodec.decode(W3CHttpResponseCodec.java:49)
	at org.openqa.selenium.remote.HttpCommandExecutor.execute(HttpCommandExecutor.java:158)
	at org.openqa.selenium.remote.service.DriverCommandExecutor.execute(DriverCommandExecutor.java:83)
	at org.openqa.selenium.remote.RemoteWebDriver.execute(RemoteWebDriver.java:552)
	at org.openqa.selenium.remote.RemoteWebDriver.execute(RemoteWebDriver.java:609)
	at org.openqa.selenium.remote.RemoteWebDriver.getScreenshotAs(RemoteWebDriver.java:295)
	at com.cybage.assignment.objects.utilities.screenshot(utilities.java:58)
	at com.cybage.assignment.test.toolsqaElementPageTest.captureAndReport(toolsqaElementPageTest.java:179)
	at java.util.concurrent.FutureTask.run(FutureTask.java:266)
	at java.util.concurrent.ThreadPoolExecutor.runWorker(ThreadPoolExecutor.java:1149)
	at java.util.concurrent.ThreadPoolExecutor$Worker.run(ThreadPoolExecutor.java:624)
	at java.lang.Thread.run(Thread.java:748)
... Removed 23 stack frames
</div> <!-- stack-trace -->
                </div> <!-- method-content -->
              </div> <!-- method -->
              <div class="method">
                <div class="method-content">
                  <a name="validateCheckBoxOperation">
                  </a> <!-- validateCheckBoxOperation -->
                  <span class="method-name">validateCheckBoxOperation</span>
                  <div class="stack-trace">org.openqa.selenium.WebDriverException: chrome not reachable
  (Session info: chrome=94.0.4606.61)
Build info: version: &apos;3.141.59&apos;, revision: &apos;e82be7d358&apos;, time: &apos;2018-11-14T08:17:03&apos;
System info: host: &apos;SACHINTAW-W10&apos;, ip: &apos;172.27.85.17&apos;, os.name: &apos;Windows 10&apos;, os.arch: &apos;x86&apos;, os.version: &apos;10.0&apos;, java.version: &apos;1.8.0_171&apos;
Driver info: org.openqa.selenium.chrome.ChromeDriver
Capabilities {acceptInsecureCerts: true, browserName: chrome, browserVersion: 94.0.4606.61, chrome: {chromedriverVersion: 93.0.4577.15 (660fc11082ba5..., userDataDir: C:\Users\SACHIN~1\AppData\L...}, goog:chromeOptions: {debuggerAddress: localhost:58822}, javascriptEnabled: true, networkConnectionEnabled: false, pageLoadStrategy: normal, platform: WINDOWS, platformName: WINDOWS, proxy: Proxy(), setWindowRect: true, strictFileInteractability: false, timeouts: {implicit: 0, pageLoad: 300000, script: 30000}, unhandledPromptBehavior: dismiss and notify, webauthn:extension:credBlob: true, webauthn:extension:largeBlob: true, webauthn:virtualAuthenticators: true}
Session ID: 3274ba838aaeb49d70d6ff904f38728f
	at org.openqa.selenium.remote.http.W3CHttpResponseCodec.createException(W3CHttpResponseCodec.java:187)
	at org.openqa.selenium.remote.http.W3CHttpResponseCodec.decode(W3CHttpResponseCodec.java:122)
	at org.openqa.selenium.remote.http.W3CHttpResponseCodec.decode(W3CHttpResponseCodec.java:49)
	at org.openqa.selenium.remote.HttpCommandExecutor.execute(HttpCommandExecutor.java:158)
	at org.openqa.selenium.remote.service.DriverCommandExecutor.execute(DriverCommandExecutor.java:83)
	at org.openqa.selenium.remote.RemoteWebDriver.execute(RemoteWebDriver.java:552)
	at org.openqa.selenium.remote.RemoteWebDriver.execute(RemoteWebDriver.java:609)
	at org.openqa.selenium.remote.RemoteWebDriver.getScreenshotAs(RemoteWebDriver.java:295)
	at com.cybage.assignment.objects.utilities.screenshot(utilities.java:58)
	at com.cybage.assignment.test.toolsqaElementPageTest.captureAndReport(toolsqaElementPageTest.java:179)
	at java.util.concurrent.FutureTask.run(FutureTask.java:266)
	at java.util.concurrent.ThreadPoolExecutor.runWorker(ThreadPoolExecutor.java:1149)
	at java.util.concurrent.ThreadPoolExecutor$Worker.run(ThreadPoolExecutor.java:624)
	at java.lang.Thread.run(Thread.java:748)
... Removed 23 stack frames
</div> <!-- stack-trace -->
                </div> <!-- method-content -->
              </div> <!-- method -->
              <div class="method">
                <div class="method-content">
                  <a name="validateDynamicButtonsOperations">
                  </a> <!-- validateDynamicButtonsOperations -->
                  <span class="method-name">validateDynamicButtonsOperations</span>
                  <div class="stack-trace">org.openqa.selenium.WebDriverException: chrome not reachable
  (Session info: chrome=94.0.4606.61)
Build info: version: &apos;3.141.59&apos;, revision: &apos;e82be7d358&apos;, time: &apos;2018-11-14T08:17:03&apos;
System info: host: &apos;SACHINTAW-W10&apos;, ip: &apos;172.27.85.17&apos;, os.name: &apos;Windows 10&apos;, os.arch: &apos;x86&apos;, os.version: &apos;10.0&apos;, java.version: &apos;1.8.0_171&apos;
Driver info: org.openqa.selenium.chrome.ChromeDriver
Capabilities {acceptInsecureCerts: true, browserName: chrome, browserVersion: 94.0.4606.61, chrome: {chromedriverVersion: 93.0.4577.15 (660fc11082ba5..., userDataDir: C:\Users\SACHIN~1\AppData\L...}, goog:chromeOptions: {debuggerAddress: localhost:58822}, javascriptEnabled: true, networkConnectionEnabled: false, pageLoadStrategy: normal, platform: WINDOWS, platformName: WINDOWS, proxy: Proxy(), setWindowRect: true, strictFileInteractability: false, timeouts: {implicit: 0, pageLoad: 300000, script: 30000}, unhandledPromptBehavior: dismiss and notify, webauthn:extension:credBlob: true, webauthn:extension:largeBlob: true, webauthn:virtualAuthenticators: true}
Session ID: 3274ba838aaeb49d70d6ff904f38728f
	at org.openqa.selenium.remote.http.W3CHttpResponseCodec.createException(W3CHttpResponseCodec.java:187)
	at org.openqa.selenium.remote.http.W3CHttpResponseCodec.decode(W3CHttpResponseCodec.java:122)
	at org.openqa.selenium.remote.http.W3CHttpResponseCodec.decode(W3CHttpResponseCodec.java:49)
	at org.openqa.selenium.remote.HttpCommandExecutor.execute(HttpCommandExecutor.java:158)
	at org.openqa.selenium.remote.service.DriverCommandExecutor.execute(DriverCommandExecutor.java:83)
	at org.openqa.selenium.remote.RemoteWebDriver.execute(RemoteWebDriver.java:552)
	at org.openqa.selenium.remote.RemoteWebDriver.execute(RemoteWebDriver.java:609)
	at org.openqa.selenium.remote.RemoteWebDriver.getScreenshotAs(RemoteWebDriver.java:295)
	at com.cybage.assignment.objects.utilities.screenshot(utilities.java:58)
	at com.cybage.assignment.test.toolsqaElementPageTest.captureAndReport(toolsqaElementPageTest.java:179)
	at java.util.concurrent.FutureTask.run(FutureTask.java:266)
	at java.util.concurrent.ThreadPoolExecutor.runWorker(ThreadPoolExecutor.java:1149)
	at java.util.concurrent.ThreadPoolExecutor$Worker.run(ThreadPoolExecutor.java:624)
	at java.lang.Thread.run(Thread.java:748)
... Removed 23 stack frames
</div> <!-- stack-trace -->
                </div> <!-- method-content -->
              </div> <!-- method -->
              <div class="method">
                <div class="method-content">
                  <a name="validateLinksOperations">
                  </a> <!-- validateLinksOperations -->
                  <span class="method-name">validateLinksOperations</span>
                  <div class="stack-trace">org.openqa.selenium.WebDriverException: chrome not reachable
  (Session info: chrome=94.0.4606.61)
Build info: version: &apos;3.141.59&apos;, revision: &apos;e82be7d358&apos;, time: &apos;2018-11-14T08:17:03&apos;
System info: host: &apos;SACHINTAW-W10&apos;, ip: &apos;172.27.85.17&apos;, os.name: &apos;Windows 10&apos;, os.arch: &apos;x86&apos;, os.version: &apos;10.0&apos;, java.version: &apos;1.8.0_171&apos;
Driver info: org.openqa.selenium.chrome.ChromeDriver
Capabilities {acceptInsecureCerts: true, browserName: chrome, browserVersion: 94.0.4606.61, chrome: {chromedriverVersion: 93.0.4577.15 (660fc11082ba5..., userDataDir: C:\Users\SACHIN~1\AppData\L...}, goog:chromeOptions: {debuggerAddress: localhost:58822}, javascriptEnabled: true, networkConnectionEnabled: false, pageLoadStrategy: normal, platform: WINDOWS, platformName: WINDOWS, proxy: Proxy(), setWindowRect: true, strictFileInteractability: false, timeouts: {implicit: 0, pageLoad: 300000, script: 30000}, unhandledPromptBehavior: dismiss and notify, webauthn:extension:credBlob: true, webauthn:extension:largeBlob: true, webauthn:virtualAuthenticators: true}
Session ID: 3274ba838aaeb49d70d6ff904f38728f
	at org.openqa.selenium.remote.http.W3CHttpResponseCodec.createException(W3CHttpResponseCodec.java:187)
	at org.openqa.selenium.remote.http.W3CHttpResponseCodec.decode(W3CHttpResponseCodec.java:122)
	at org.openqa.selenium.remote.http.W3CHttpResponseCodec.decode(W3CHttpResponseCodec.java:49)
	at org.openqa.selenium.remote.HttpCommandExecutor.execute(HttpCommandExecutor.java:158)
	at org.openqa.selenium.remote.service.DriverCommandExecutor.execute(DriverCommandExecutor.java:83)
	at org.openqa.selenium.remote.RemoteWebDriver.execute(RemoteWebDriver.java:552)
	at org.openqa.selenium.remote.RemoteWebDriver.execute(RemoteWebDriver.java:609)
	at org.openqa.selenium.remote.RemoteWebDriver.getScreenshotAs(RemoteWebDriver.java:295)
	at com.cybage.assignment.objects.utilities.screenshot(utilities.java:58)
	at com.cybage.assignment.test.toolsqaElementPageTest.captureAndReport(toolsqaElementPageTest.java:179)
	at java.util.concurrent.FutureTask.run(FutureTask.java:266)
	at java.util.concurrent.ThreadPoolExecutor.runWorker(ThreadPoolExecutor.java:1149)
	at java.util.concurrent.ThreadPoolExecutor$Worker.run(ThreadPoolExecutor.java:624)
	at java.lang.Thread.run(Thread.java:748)
... Removed 23 stack frames
</div> <!-- stack-trace -->
                </div> <!-- method-content -->
              </div> <!-- method -->
              <div class="method">
                <div class="method-content">
                  <a name="validateRadioButtonOperations">
                  </a> <!-- validateRadioButtonOperations -->
                  <span class="method-name">validateRadioButtonOperations</span>
                  <div class="stack-trace">org.openqa.selenium.WebDriverException: chrome not reachable
  (Session info: chrome=94.0.4606.61)
Build info: version: &apos;3.141.59&apos;, revision: &apos;e82be7d358&apos;, time: &apos;2018-11-14T08:17:03&apos;
System info: host: &apos;SACHINTAW-W10&apos;, ip: &apos;172.27.85.17&apos;, os.name: &apos;Windows 10&apos;, os.arch: &apos;x86&apos;, os.version: &apos;10.0&apos;, java.version: &apos;1.8.0_171&apos;
Driver info: org.openqa.selenium.chrome.ChromeDriver
Capabilities {acceptInsecureCerts: true, browserName: chrome, browserVersion: 94.0.4606.61, chrome: {chromedriverVersion: 93.0.4577.15 (660fc11082ba5..., userDataDir: C:\Users\SACHIN~1\AppData\L...}, goog:chromeOptions: {debuggerAddress: localhost:58822}, javascriptEnabled: true, networkConnectionEnabled: false, pageLoadStrategy: normal, platform: WINDOWS, platformName: WINDOWS, proxy: Proxy(), setWindowRect: true, strictFileInteractability: false, timeouts: {implicit: 0, pageLoad: 300000, script: 30000}, unhandledPromptBehavior: dismiss and notify, webauthn:extension:credBlob: true, webauthn:extension:largeBlob: true, webauthn:virtualAuthenticators: true}
Session ID: 3274ba838aaeb49d70d6ff904f38728f
	at org.openqa.selenium.remote.http.W3CHttpResponseCodec.createException(W3CHttpResponseCodec.java:187)
	at org.openqa.selenium.remote.http.W3CHttpResponseCodec.decode(W3CHttpResponseCodec.java:122)
	at org.openqa.selenium.remote.http.W3CHttpResponseCodec.decode(W3CHttpResponseCodec.java:49)
	at org.openqa.selenium.remote.HttpCommandExecutor.execute(HttpCommandExecutor.java:158)
	at org.openqa.selenium.remote.service.DriverCommandExecutor.execute(DriverCommandExecutor.java:83)
	at org.openqa.selenium.remote.RemoteWebDriver.execute(RemoteWebDriver.java:552)
	at org.openqa.selenium.remote.RemoteWebDriver.execute(RemoteWebDriver.java:609)
	at org.openqa.selenium.remote.RemoteWebDriver.getScreenshotAs(RemoteWebDriver.java:295)
	at com.cybage.assignment.objects.utilities.screenshot(utilities.java:58)
	at com.cybage.assignment.test.toolsqaElementPageTest.captureAndReport(toolsqaElementPageTest.java:179)
	at java.util.concurrent.FutureTask.run(FutureTask.java:266)
	at java.util.concurrent.ThreadPoolExecutor.runWorker(ThreadPoolExecutor.java:1149)
	at java.util.concurrent.ThreadPoolExecutor$Worker.run(ThreadPoolExecutor.java:624)
	at java.lang.Thread.run(Thread.java:748)
... Removed 23 stack frames
</div> <!-- stack-trace -->
                </div> <!-- method-content -->
              </div> <!-- method -->
              <div class="method">
                <div class="method-content">
                  <a name="validateTextBoxOnSubmission">
                  </a> <!-- validateTextBoxOnSubmission -->
                  <span class="method-name">validateTextBoxOnSubmission</span>
                  <div class="stack-trace">org.openqa.selenium.WebDriverException: chrome not reachable
  (Session info: chrome=94.0.4606.61)
Build info: version: &apos;3.141.59&apos;, revision: &apos;e82be7d358&apos;, time: &apos;2018-11-14T08:17:03&apos;
System info: host: &apos;SACHINTAW-W10&apos;, ip: &apos;172.27.85.17&apos;, os.name: &apos;Windows 10&apos;, os.arch: &apos;x86&apos;, os.version: &apos;10.0&apos;, java.version: &apos;1.8.0_171&apos;
Driver info: org.openqa.selenium.chrome.ChromeDriver
Capabilities {acceptInsecureCerts: true, browserName: chrome, browserVersion: 94.0.4606.61, chrome: {chromedriverVersion: 93.0.4577.15 (660fc11082ba5..., userDataDir: C:\Users\SACHIN~1\AppData\L...}, goog:chromeOptions: {debuggerAddress: localhost:58822}, javascriptEnabled: true, networkConnectionEnabled: false, pageLoadStrategy: normal, platform: WINDOWS, platformName: WINDOWS, proxy: Proxy(), setWindowRect: true, strictFileInteractability: false, timeouts: {implicit: 0, pageLoad: 300000, script: 30000}, unhandledPromptBehavior: dismiss and notify, webauthn:extension:credBlob: true, webauthn:extension:largeBlob: true, webauthn:virtualAuthenticators: true}
Session ID: 3274ba838aaeb49d70d6ff904f38728f
	at org.openqa.selenium.remote.http.W3CHttpResponseCodec.createException(W3CHttpResponseCodec.java:187)
	at org.openqa.selenium.remote.http.W3CHttpResponseCodec.decode(W3CHttpResponseCodec.java:122)
	at org.openqa.selenium.remote.http.W3CHttpResponseCodec.decode(W3CHttpResponseCodec.java:49)
	at org.openqa.selenium.remote.HttpCommandExecutor.execute(HttpCommandExecutor.java:158)
	at org.openqa.selenium.remote.service.DriverCommandExecutor.execute(DriverCommandExecutor.java:83)
	at org.openqa.selenium.remote.RemoteWebDriver.execute(RemoteWebDriver.java:552)
	at org.openqa.selenium.remote.RemoteWebDriver.execute(RemoteWebDriver.java:609)
	at org.openqa.selenium.remote.RemoteWebDriver.getScreenshotAs(RemoteWebDriver.java:295)
	at com.cybage.assignment.objects.utilities.screenshot(utilities.java:58)
	at com.cybage.assignment.test.toolsqaElementPageTest.captureAndReport(toolsqaElementPageTest.java:179)
	at java.util.concurrent.FutureTask.run(FutureTask.java:266)
	at java.util.concurrent.ThreadPoolExecutor.runWorker(ThreadPoolExecutor.java:1149)
	at java.util.concurrent.ThreadPoolExecutor$Worker.run(ThreadPoolExecutor.java:624)
	at java.lang.Thread.run(Thread.java:748)
... Removed 23 stack frames
</div> <!-- stack-trace -->
                </div> <!-- method-content -->
              </div> <!-- method -->
              <div class="method">
                <div class="method-content">
                  <a name="validateUploadDownloadOperations">
                  </a> <!-- validateUploadDownloadOperations -->
                  <span class="method-name">validateUploadDownloadOperations</span>
                  <div class="stack-trace">org.openqa.selenium.WebDriverException: chrome not reachable
  (Session info: chrome=94.0.4606.61)
Build info: version: &apos;3.141.59&apos;, revision: &apos;e82be7d358&apos;, time: &apos;2018-11-14T08:17:03&apos;
System info: host: &apos;SACHINTAW-W10&apos;, ip: &apos;172.27.85.17&apos;, os.name: &apos;Windows 10&apos;, os.arch: &apos;x86&apos;, os.version: &apos;10.0&apos;, java.version: &apos;1.8.0_171&apos;
Driver info: org.openqa.selenium.chrome.ChromeDriver
Capabilities {acceptInsecureCerts: true, browserName: chrome, browserVersion: 94.0.4606.61, chrome: {chromedriverVersion: 93.0.4577.15 (660fc11082ba5..., userDataDir: C:\Users\SACHIN~1\AppData\L...}, goog:chromeOptions: {debuggerAddress: localhost:58822}, javascriptEnabled: true, networkConnectionEnabled: false, pageLoadStrategy: normal, platform: WINDOWS, platformName: WINDOWS, proxy: Proxy(), setWindowRect: true, strictFileInteractability: false, timeouts: {implicit: 0, pageLoad: 300000, script: 30000}, unhandledPromptBehavior: dismiss and notify, webauthn:extension:credBlob: true, webauthn:extension:largeBlob: true, webauthn:virtualAuthenticators: true}
Session ID: 3274ba838aaeb49d70d6ff904f38728f
	at org.openqa.selenium.remote.http.W3CHttpResponseCodec.createException(W3CHttpResponseCodec.java:187)
	at org.openqa.selenium.remote.http.W3CHttpResponseCodec.decode(W3CHttpResponseCodec.java:122)
	at org.openqa.selenium.remote.http.W3CHttpResponseCodec.decode(W3CHttpResponseCodec.java:49)
	at org.openqa.selenium.remote.HttpCommandExecutor.execute(HttpCommandExecutor.java:158)
	at org.openqa.selenium.remote.service.DriverCommandExecutor.execute(DriverCommandExecutor.java:83)
	at org.openqa.selenium.remote.RemoteWebDriver.execute(RemoteWebDriver.java:552)
	at org.openqa.selenium.remote.RemoteWebDriver.execute(RemoteWebDriver.java:609)
	at org.openqa.selenium.remote.RemoteWebDriver.getScreenshotAs(RemoteWebDriver.java:295)
	at com.cybage.assignment.objects.utilities.screenshot(utilities.java:58)
	at com.cybage.assignment.test.toolsqaElementPageTest.captureAndReport(toolsqaElementPageTest.java:179)
	at java.util.concurrent.FutureTask.run(FutureTask.java:266)
	at java.util.concurrent.ThreadPoolExecutor.runWorker(ThreadPoolExecutor.java:1149)
	at java.util.concurrent.ThreadPoolExecutor$Worker.run(ThreadPoolExecutor.java:624)
	at java.lang.Thread.run(Thread.java:748)
... Removed 23 stack frames
</div> <!-- stack-trace -->
                </div> <!-- method-content -->
              </div> <!-- method -->
              <div class="method">
                <div class="method-content">
                  <a name="validateWebTablesOperations">
                  </a> <!-- validateWebTablesOperations -->
                  <span class="method-name">validateWebTablesOperations</span>
                  <div class="stack-trace">org.openqa.selenium.WebDriverException: chrome not reachable
  (Session info: chrome=94.0.4606.61)
Build info: version: &apos;3.141.59&apos;, revision: &apos;e82be7d358&apos;, time: &apos;2018-11-14T08:17:03&apos;
System info: host: &apos;SACHINTAW-W10&apos;, ip: &apos;172.27.85.17&apos;, os.name: &apos;Windows 10&apos;, os.arch: &apos;x86&apos;, os.version: &apos;10.0&apos;, java.version: &apos;1.8.0_171&apos;
Driver info: org.openqa.selenium.chrome.ChromeDriver
Capabilities {acceptInsecureCerts: true, browserName: chrome, browserVersion: 94.0.4606.61, chrome: {chromedriverVersion: 93.0.4577.15 (660fc11082ba5..., userDataDir: C:\Users\SACHIN~1\AppData\L...}, goog:chromeOptions: {debuggerAddress: localhost:58822}, javascriptEnabled: true, networkConnectionEnabled: false, pageLoadStrategy: normal, platform: WINDOWS, platformName: WINDOWS, proxy: Proxy(), setWindowRect: true, strictFileInteractability: false, timeouts: {implicit: 0, pageLoad: 300000, script: 30000}, unhandledPromptBehavior: dismiss and notify, webauthn:extension:credBlob: true, webauthn:extension:largeBlob: true, webauthn:virtualAuthenticators: true}
Session ID: 3274ba838aaeb49d70d6ff904f38728f
	at org.openqa.selenium.remote.http.W3CHttpResponseCodec.createException(W3CHttpResponseCodec.java:187)
	at org.openqa.selenium.remote.http.W3CHttpResponseCodec.decode(W3CHttpResponseCodec.java:122)
	at org.openqa.selenium.remote.http.W3CHttpResponseCodec.decode(W3CHttpResponseCodec.java:49)
	at org.openqa.selenium.remote.HttpCommandExecutor.execute(HttpCommandExecutor.java:158)
	at org.openqa.selenium.remote.service.DriverCommandExecutor.execute(DriverCommandExecutor.java:83)
	at org.openqa.selenium.remote.RemoteWebDriver.execute(RemoteWebDriver.java:552)
	at org.openqa.selenium.remote.RemoteWebDriver.execute(RemoteWebDriver.java:609)
	at org.openqa.selenium.remote.RemoteWebDriver.getScreenshotAs(RemoteWebDriver.java:295)
	at com.cybage.assignment.objects.utilities.screenshot(utilities.java:58)
	at com.cybage.assignment.test.toolsqaElementPageTest.captureAndReport(toolsqaElementPageTest.java:179)
	at java.util.concurrent.FutureTask.run(FutureTask.java:266)
	at java.util.concurrent.ThreadPoolExecutor.runWorker(ThreadPoolExecutor.java:1149)
	at java.util.concurrent.ThreadPoolExecutor$Worker.run(ThreadPoolExecutor.java:624)
	at java.lang.Thread.run(Thread.java:748)
... Removed 23 stack frames
</div> <!-- stack-trace -->
                </div> <!-- method-content -->
              </div> <!-- method -->
            </div> <!-- main-panel-content rounded-window-bottom -->
          </div> <!-- suite-DemoQATest-class-skipped -->
          <div class="suite-DemoQATest-class-passed">
            <div class="main-panel-header rounded-window-top">
              <img src="passed.png"/>
              <span class="class-name">com.cybage.assignment.test.toolsqaHomePageTest</span>
            </div> <!-- main-panel-header rounded-window-top -->
            <div class="main-panel-content rounded-window-bottom">
              <div class="method">
                <div class="method-content">
                  <a name="validateIfAlertTabPresent">
                  </a> <!-- validateIfAlertTabPresent -->
                  <span class="method-name">validateIfAlertTabPresent</span>
                </div> <!-- method-content -->
              </div> <!-- method -->
              <div class="method">
                <div class="method-content">
                  <a name="validateIfBookStoreTabPresent">
                  </a> <!-- validateIfBookStoreTabPresent -->
                  <span class="method-name">validateIfBookStoreTabPresent</span>
                </div> <!-- method-content -->
              </div> <!-- method -->
              <div class="method">
                <div class="method-content">
                  <a name="validateIfElementsTabPresent">
                  </a> <!-- validateIfElementsTabPresent -->
                  <span class="method-name">validateIfElementsTabPresent</span>
                </div> <!-- method-content -->
              </div> <!-- method -->
              <div class="method">
                <div class="method-content">
                  <a name="validateIfFormsTabPresent">
                  </a> <!-- validateIfFormsTabPresent -->
                  <span class="method-name">validateIfFormsTabPresent</span>
                </div> <!-- method-content -->
              </div> <!-- method -->
              <div class="method">
                <div class="method-content">
                  <a name="validateIfInteractionsTabPresent">
                  </a> <!-- validateIfInteractionsTabPresent -->
                  <span class="method-name">validateIfInteractionsTabPresent</span>
                </div> <!-- method-content -->
              </div> <!-- method -->
              <div class="method">
                <div class="method-content">
                  <a name="validateIfLogoPresent">
                  </a> <!-- validateIfLogoPresent -->
                  <span class="method-name">validateIfLogoPresent</span>
                </div> <!-- method-content -->
              </div> <!-- method -->
              <div class="method">
                <div class="method-content">
                  <a name="validateIfWidgetTabPresent">
                  </a> <!-- validateIfWidgetTabPresent -->
                  <span class="method-name">validateIfWidgetTabPresent</span>
                </div> <!-- method-content -->
              </div> <!-- method -->
              <div class="method">
                <div class="method-content">
                  <a name="validatePageBanner">
                  </a> <!-- validatePageBanner -->
                  <span class="method-name">validatePageBanner</span>
                </div> <!-- method-content -->
              </div> <!-- method -->
              <div class="method">
                <div class="method-content">
                  <a name="validatePageTitle">
                  </a> <!-- validatePageTitle -->
                  <span class="method-name">validatePageTitle</span>
                </div> <!-- method-content -->
              </div> <!-- method -->
            </div> <!-- main-panel-content rounded-window-bottom -->
          </div> <!-- suite-DemoQATest-class-passed -->
          <div class="suite-DemoQATest-class-passed">
            <div class="main-panel-header rounded-window-top">
              <img src="passed.png"/>
              <span class="class-name">com.cybage.assignment.test.widgetsPageTest</span>
            </div> <!-- main-panel-header rounded-window-top -->
            <div class="main-panel-content rounded-window-bottom">
              <div class="method">
                <div class="method-content">
                  <a name="validateAccordianPageOperations">
                  </a> <!-- validateAccordianPageOperations -->
                  <span class="method-name">validateAccordianPageOperations</span>
                </div> <!-- method-content -->
              </div> <!-- method -->
              <div class="method">
                <div class="method-content">
                  <a name="validateAutoCompleteTextBoxes">
                  </a> <!-- validateAutoCompleteTextBoxes -->
                  <span class="method-name">validateAutoCompleteTextBoxes</span>
                </div> <!-- method-content -->
              </div> <!-- method -->
              <div class="method">
                <div class="method-content">
                  <a name="validateDatePickerOperation">
                  </a> <!-- validateDatePickerOperation -->
                  <span class="method-name">validateDatePickerOperation</span>
                </div> <!-- method-content -->
              </div> <!-- method -->
              <div class="method">
                <div class="method-content">
                  <a name="validatePresenceOfWidgetOptions">
                  </a> <!-- validatePresenceOfWidgetOptions -->
                  <span class="method-name">validatePresenceOfWidgetOptions</span>
                </div> <!-- method-content -->
              </div> <!-- method -->
            </div> <!-- main-panel-content rounded-window-bottom -->
          </div> <!-- suite-DemoQATest-class-passed -->
          <div class="suite-DemoQATest-class-passed">
            <div class="main-panel-header rounded-window-top">
              <img src="passed.png"/>
              <span class="class-name">com.cybage.assignment.test.toolsqaElementPageTest</span>
            </div> <!-- main-panel-header rounded-window-top -->
            <div class="main-panel-content rounded-window-bottom">
              <div class="method">
                <div class="method-content">
                  <a name="validateElementScreen">
                  </a> <!-- validateElementScreen -->
                  <span class="method-name">validateElementScreen</span>
                </div> <!-- method-content -->
              </div> <!-- method -->
            </div> <!-- main-panel-content rounded-window-bottom -->
          </div> <!-- suite-DemoQATest-class-passed -->
          <div class="suite-DemoQATest-class-passed">
            <div class="main-panel-header rounded-window-top">
              <img src="passed.png"/>
              <span class="class-name">com.cybage.assignment.test.toolsqaFormPageTest</span>
            </div> <!-- main-panel-header rounded-window-top -->
            <div class="main-panel-content rounded-window-bottom">
              <div class="method">
                <div class="method-content">
                  <a name="validateFormAfterSubmit">
                  </a> <!-- validateFormAfterSubmit -->
                  <span class="method-name">validateFormAfterSubmit</span>
                </div> <!-- method-content -->
              </div> <!-- method -->
              <div class="method">
                <div class="method-content">
                  <a name="validateFormFilling">
                  </a> <!-- validateFormFilling -->
                  <span class="method-name">validateFormFilling</span>
                </div> <!-- method-content -->
              </div> <!-- method -->
              <div class="method">
                <div class="method-content">
                  <a name="validatePracticeFormOption">
                  </a> <!-- validatePracticeFormOption -->
                  <span class="method-name">validatePracticeFormOption</span>
                </div> <!-- method-content -->
              </div> <!-- method -->
            </div> <!-- main-panel-content rounded-window-bottom -->
          </div> <!-- suite-DemoQATest-class-passed -->
          <div class="suite-DemoQATest-class-passed">
            <div class="main-panel-header rounded-window-top">
              <img src="passed.png"/>
              <span class="class-name">com.cybage.assignment.test.alertFrameWindowPageTest</span>
            </div> <!-- main-panel-header rounded-window-top -->
            <div class="main-panel-content rounded-window-bottom">
              <div class="method">
                <div class="method-content">
                  <a name="validateAlertsOption">
                  </a> <!-- validateAlertsOption -->
                  <span class="method-name">validateAlertsOption</span>
                </div> <!-- method-content -->
              </div> <!-- method -->
              <div class="method">
                <div class="method-content">
                  <a name="validateBrowserWindowOptions">
                  </a> <!-- validateBrowserWindowOptions -->
                  <span class="method-name">validateBrowserWindowOptions</span>
                </div> <!-- method-content -->
              </div> <!-- method -->
              <div class="method">
                <div class="method-content">
                  <a name="validateIFrameOperations">
                  </a> <!-- validateIFrameOperations -->
                  <span class="method-name">validateIFrameOperations</span>
                </div> <!-- method-content -->
              </div> <!-- method -->
              <div class="method">
                <div class="method-content">
                  <a name="validateModalDialogsOperation">
                  </a> <!-- validateModalDialogsOperation -->
                  <span class="method-name">validateModalDialogsOperation</span>
                </div> <!-- method-content -->
              </div> <!-- method -->
              <div class="method">
                <div class="method-content">
                  <a name="validateNestedFramesOperation">
                  </a> <!-- validateNestedFramesOperation -->
                  <span class="method-name">validateNestedFramesOperation</span>
                </div> <!-- method-content -->
              </div> <!-- method -->
              <div class="method">
                <div class="method-content">
                  <a name="validatePresenceOfAlertFrameWindowOptions">
                  </a> <!-- validatePresenceOfAlertFrameWindowOptions -->
                  <span class="method-name">validatePresenceOfAlertFrameWindowOptions</span>
                </div> <!-- method-content -->
              </div> <!-- method -->
            </div> <!-- main-panel-content rounded-window-bottom -->
          </div> <!-- suite-DemoQATest-class-passed -->
        </div> <!-- panel DemoQATest -->
        <div panel-name="test-xml-DemoQATest" class="panel">
          <div class="main-panel-header rounded-window-top">
            <span class="header-content">C:\Users\sachintaw\IdeaProjects\ToolsQA\src\main\resources\suites\testng.xml</span>
          </div> <!-- main-panel-header rounded-window-top -->
          <div class="main-panel-content rounded-window-bottom">
            <pre>
&lt;?xml version=&quot;1.0&quot; encoding=&quot;UTF-8&quot;?&gt;
&lt;!DOCTYPE suite SYSTEM &quot;http://testng.org/testng-1.0.dtd&quot;&gt;
&lt;suite thread-count=&quot;10&quot; guice-stage=&quot;DEVELOPMENT&quot; verbose=&quot;0&quot; name=&quot;DemoQATest&quot; parallel=&quot;tests&quot; group-by-instances=&quot;true&quot;&gt;
  &lt;listeners&gt;
    &lt;listener class-name=&quot;com.cybage.assignment.objects.AnnotationTransformer&quot;/&gt;
  &lt;/listeners&gt;
  &lt;test thread-count=&quot;10&quot; verbose=&quot;0&quot; name=&quot;toolsqaHomeTest&quot; parallel=&quot;tests&quot; group-by-instances=&quot;true&quot;&gt;
    &lt;classes&gt;
      &lt;class name=&quot;com.cybage.assignment.test.toolsqaHomePageTest&quot;/&gt;
    &lt;/classes&gt;
  &lt;/test&gt; &lt;!-- toolsqaHomeTest --&gt;
  &lt;test thread-count=&quot;10&quot; verbose=&quot;0&quot; name=&quot;toolsqaElementTest&quot; parallel=&quot;tests&quot; group-by-instances=&quot;true&quot;&gt;
    &lt;classes&gt;
      &lt;class name=&quot;com.cybage.assignment.test.toolsqaElementPageTest&quot;/&gt;
    &lt;/classes&gt;
  &lt;/test&gt; &lt;!-- toolsqaElementTest --&gt;
  &lt;test thread-count=&quot;10&quot; verbose=&quot;0&quot; name=&quot;toolsqaFormTest&quot; parallel=&quot;tests&quot; group-by-instances=&quot;true&quot;&gt;
    &lt;classes&gt;
      &lt;class name=&quot;com.cybage.assignment.test.toolsqaFormPageTest&quot;/&gt;
    &lt;/classes&gt;
  &lt;/test&gt; &lt;!-- toolsqaFormTest --&gt;
  &lt;test thread-count=&quot;10&quot; verbose=&quot;0&quot; name=&quot;toolsqaWindowTest&quot; parallel=&quot;tests&quot; group-by-instances=&quot;true&quot;&gt;
    &lt;classes&gt;
      &lt;class name=&quot;com.cybage.assignment.test.alertFrameWindowPageTest&quot;/&gt;
    &lt;/classes&gt;
  &lt;/test&gt; &lt;!-- toolsqaWindowTest --&gt;
  &lt;test thread-count=&quot;10&quot; verbose=&quot;0&quot; name=&quot;toolsqaWidgetTest&quot; parallel=&quot;tests&quot; group-by-instances=&quot;true&quot;&gt;
    &lt;classes&gt;
      &lt;class name=&quot;com.cybage.assignment.test.widgetsPageTest&quot;/&gt;
    &lt;/classes&gt;
  &lt;/test&gt; &lt;!-- toolsqaWidgetTest --&gt;
&lt;/suite&gt; &lt;!-- DemoQATest --&gt;
            </pre>
          </div> <!-- main-panel-content rounded-window-bottom -->
        </div> <!-- panel -->
        <div panel-name="testlist-DemoQATest" class="panel">
          <div class="main-panel-header rounded-window-top">
            <span class="header-content">Tests for DemoQATest</span>
          </div> <!-- main-panel-header rounded-window-top -->
          <div class="main-panel-content rounded-window-bottom">
            <ul>
              <li>
                <span class="test-name">toolsqaHomeTest (1 class)</span>
              </li>
              <li>
                <span class="test-name">toolsqaElementTest (1 class)</span>
              </li>
              <li>
                <span class="test-name">toolsqaFormTest (1 class)</span>
              </li>
              <li>
                <span class="test-name">toolsqaWindowTest (1 class)</span>
              </li>
              <li>
                <span class="test-name">toolsqaWidgetTest (1 class)</span>
              </li>
            </ul>
          </div> <!-- main-panel-content rounded-window-bottom -->
        </div> <!-- panel -->
        <div panel-name="group-DemoQATest" class="panel">
          <div class="main-panel-header rounded-window-top">
            <span class="header-content">Groups for DemoQATest</span>
          </div> <!-- main-panel-header rounded-window-top -->
          <div class="main-panel-content rounded-window-bottom">
          </div> <!-- main-panel-content rounded-window-bottom -->
        </div> <!-- panel -->
        <div panel-name="times-DemoQATest" class="panel">
          <div class="main-panel-header rounded-window-top">
            <span class="header-content">Times for DemoQATest</span>
          </div> <!-- main-panel-header rounded-window-top -->
          <div class="main-panel-content rounded-window-bottom">
            <div class="times-div">
              <script type="text/javascript">
suiteTableInitFunctions.push('tableData_DemoQATest');
function tableData_DemoQATest() {
var data = new google.visualization.DataTable();
data.addColumn('number', 'Number');
data.addColumn('string', 'Method');
data.addColumn('string', 'Class');
data.addColumn('number', 'Time (ms)');
data.addRows(35);
data.setCell(0, 0, 0)
data.setCell(0, 1, 'validateBrokenLinkImagesOperations')
data.setCell(0, 2, 'com.cybage.assignment.test.toolsqaElementPageTest')
data.setCell(0, 3, 620800);
data.setCell(1, 0, 1)
data.setCell(1, 1, 'validateAlertsOption')
data.setCell(1, 2, 'com.cybage.assignment.test.alertFrameWindowPageTest')
data.setCell(1, 3, 18266);
data.setCell(2, 0, 2)
data.setCell(2, 1, 'validateBrokenLinkImagesOperations')
data.setCell(2, 2, 'com.cybage.assignment.test.toolsqaElementPageTest')
data.setCell(2, 3, 12202);
data.setCell(3, 0, 3)
data.setCell(3, 1, 'validateBrokenLinkImagesOperations')
data.setCell(3, 2, 'com.cybage.assignment.test.toolsqaElementPageTest')
data.setCell(3, 3, 12188);
data.setCell(4, 0, 4)
data.setCell(4, 1, 'validateBrokenLinkImagesOperations')
data.setCell(4, 2, 'com.cybage.assignment.test.toolsqaElementPageTest')
data.setCell(4, 3, 12125);
data.setCell(5, 0, 5)
data.setCell(5, 1, 'validateDatePickerOperation')
data.setCell(5, 2, 'com.cybage.assignment.test.widgetsPageTest')
data.setCell(5, 3, 6002);
data.setCell(6, 0, 6)
data.setCell(6, 1, 'validateBrowserWindowOptions')
data.setCell(6, 2, 'com.cybage.assignment.test.alertFrameWindowPageTest')
data.setCell(6, 3, 4940);
data.setCell(7, 0, 7)
data.setCell(7, 1, 'validateIFrameOperations')
data.setCell(7, 2, 'com.cybage.assignment.test.alertFrameWindowPageTest')
data.setCell(7, 3, 4531);
data.setCell(8, 0, 8)
data.setCell(8, 1, 'validateAccordianPageOperations')
data.setCell(8, 2, 'com.cybage.assignment.test.widgetsPageTest')
data.setCell(8, 3, 4243);
data.setCell(9, 0, 9)
data.setCell(9, 1, 'validateAutoCompleteTextBoxes')
data.setCell(9, 2, 'com.cybage.assignment.test.widgetsPageTest')
data.setCell(9, 3, 4197);
data.setCell(10, 0, 10)
data.setCell(10, 1, 'validateFormFilling')
data.setCell(10, 2, 'com.cybage.assignment.test.toolsqaFormPageTest')
data.setCell(10, 3, 3995);
data.setCell(11, 0, 11)
data.setCell(11, 1, 'validateModalDialogsOperation')
data.setCell(11, 2, 'com.cybage.assignment.test.alertFrameWindowPageTest')
data.setCell(11, 3, 835);
data.setCell(12, 0, 12)
data.setCell(12, 1, 'validateNestedFramesOperation')
data.setCell(12, 2, 'com.cybage.assignment.test.alertFrameWindowPageTest')
data.setCell(12, 3, 500);
data.setCell(13, 0, 13)
data.setCell(13, 1, 'validateFormAfterSubmit')
data.setCell(13, 2, 'com.cybage.assignment.test.toolsqaFormPageTest')
data.setCell(13, 3, 498);
data.setCell(14, 0, 14)
data.setCell(14, 1, 'validatePresenceOfWidgetOptions')
data.setCell(14, 2, 'com.cybage.assignment.test.widgetsPageTest')
data.setCell(14, 3, 431);
data.setCell(15, 0, 15)
data.setCell(15, 1, 'validateElementScreen')
data.setCell(15, 2, 'com.cybage.assignment.test.toolsqaElementPageTest')
data.setCell(15, 3, 427);
data.setCell(16, 0, 16)
data.setCell(16, 1, 'validatePracticeFormOption')
data.setCell(16, 2, 'com.cybage.assignment.test.toolsqaFormPageTest')
data.setCell(16, 3, 383);
data.setCell(17, 0, 17)
data.setCell(17, 1, 'validatePresenceOfAlertFrameWindowOptions')
data.setCell(17, 2, 'com.cybage.assignment.test.alertFrameWindowPageTest')
data.setCell(17, 3, 231);
data.setCell(18, 0, 18)
data.setCell(18, 1, 'validateIfLogoPresent')
data.setCell(18, 2, 'com.cybage.assignment.test.toolsqaHomePageTest')
data.setCell(18, 3, 72);
data.setCell(19, 0, 19)
data.setCell(19, 1, 'validateIfAlertTabPresent')
data.setCell(19, 2, 'com.cybage.assignment.test.toolsqaHomePageTest')
data.setCell(19, 3, 57);
data.setCell(20, 0, 20)
data.setCell(20, 1, 'validateIfBookStoreTabPresent')
data.setCell(20, 2, 'com.cybage.assignment.test.toolsqaHomePageTest')
data.setCell(20, 3, 57);
data.setCell(21, 0, 21)
data.setCell(21, 1, 'validatePageBanner')
data.setCell(21, 2, 'com.cybage.assignment.test.toolsqaHomePageTest')
data.setCell(21, 3, 54);
data.setCell(22, 0, 22)
data.setCell(22, 1, 'validateIfElementsTabPresent')
data.setCell(22, 2, 'com.cybage.assignment.test.toolsqaHomePageTest')
data.setCell(22, 3, 42);
data.setCell(23, 0, 23)
data.setCell(23, 1, 'validateIfFormsTabPresent')
data.setCell(23, 2, 'com.cybage.assignment.test.toolsqaHomePageTest')
data.setCell(23, 3, 38);
data.setCell(24, 0, 24)
data.setCell(24, 1, 'validateIfInteractionsTabPresent')
data.setCell(24, 2, 'com.cybage.assignment.test.toolsqaHomePageTest')
data.setCell(24, 3, 38);
data.setCell(25, 0, 25)
data.setCell(25, 1, 'validateIfWidgetTabPresent')
data.setCell(25, 2, 'com.cybage.assignment.test.toolsqaHomePageTest')
data.setCell(25, 3, 38);
data.setCell(26, 0, 26)
data.setCell(26, 1, 'validatePageTitle')
data.setCell(26, 2, 'com.cybage.assignment.test.toolsqaHomePageTest')
data.setCell(26, 3, 4);
data.setCell(27, 0, 27)
data.setCell(27, 1, 'validateDynamicButtonsOperations')
data.setCell(27, 2, 'com.cybage.assignment.test.toolsqaElementPageTest')
data.setCell(27, 3, 0);
data.setCell(28, 0, 28)
data.setCell(28, 1, 'validateRadioButtonOperations')
data.setCell(28, 2, 'com.cybage.assignment.test.toolsqaElementPageTest')
data.setCell(28, 3, 0);
data.setCell(29, 0, 29)
data.setCell(29, 1, 'validateTextBoxOnSubmission')
data.setCell(29, 2, 'com.cybage.assignment.test.toolsqaElementPageTest')
data.setCell(29, 3, 0);
data.setCell(30, 0, 30)
data.setCell(30, 1, 'validateCheckBoxOperation')
data.setCell(30, 2, 'com.cybage.assignment.test.toolsqaElementPageTest')
data.setCell(30, 3, 0);
data.setCell(31, 0, 31)
data.setCell(31, 1, 'validateUploadDownloadOperations')
data.setCell(31, 2, 'com.cybage.assignment.test.toolsqaElementPageTest')
data.setCell(31, 3, 0);
data.setCell(32, 0, 32)
data.setCell(32, 1, 'validateLinksOperations')
data.setCell(32, 2, 'com.cybage.assignment.test.toolsqaElementPageTest')
data.setCell(32, 3, 0);
data.setCell(33, 0, 33)
data.setCell(33, 1, 'validateWebTablesOperations')
data.setCell(33, 2, 'com.cybage.assignment.test.toolsqaElementPageTest')
data.setCell(33, 3, 0);
data.setCell(34, 0, 34)
data.setCell(34, 1, 'validateButtonsOperations')
data.setCell(34, 2, 'com.cybage.assignment.test.toolsqaElementPageTest')
data.setCell(34, 3, 0);
window.suiteTableData['DemoQATest']= { tableData: data, tableDiv: 'times-div-DemoQATest'}
return data;
}
              </script>
              <span class="suite-total-time">Total running time: 11 minutes</span>
              <div id="times-div-DemoQATest">
              </div> <!-- times-div-DemoQATest -->
            </div> <!-- times-div -->
          </div> <!-- main-panel-content rounded-window-bottom -->
        </div> <!-- panel -->
        <div panel-name="reporter-DemoQATest" class="panel">
          <div class="main-panel-header rounded-window-top">
            <span class="header-content">Reporter output for DemoQATest</span>
          </div> <!-- main-panel-header rounded-window-top -->
          <div class="main-panel-content rounded-window-bottom">
          </div> <!-- main-panel-content rounded-window-bottom -->
        </div> <!-- panel -->
        <div panel-name="ignored-methods-DemoQATest" class="panel">
          <div class="main-panel-header rounded-window-top">
            <span class="header-content">0 ignored methods</span>
          </div> <!-- main-panel-header rounded-window-top -->
          <div class="main-panel-content rounded-window-bottom">
          </div> <!-- main-panel-content rounded-window-bottom -->
        </div> <!-- panel -->
        <div panel-name="chronological-DemoQATest" class="panel">
          <div class="main-panel-header rounded-window-top">
            <span class="header-content">Methods in chronological order</span>
          </div> <!-- main-panel-header rounded-window-top -->
          <div class="main-panel-content rounded-window-bottom">
            <div class="chronological-class">
              <div class="chronological-class-name">com.cybage.assignment.test.toolsqaElementPageTest</div> <!-- chronological-class-name -->
              <div class="test-method">
                <span class="method-name">validateButtonsOperations</span>
                <span class="method-start">0 ms</span>
              </div> <!-- test-method -->
              <div class="test-method">
                <span class="method-name">validateCheckBoxOperation</span>
                <span class="method-start">0 ms</span>
              </div> <!-- test-method -->
              <div class="test-method">
                <span class="method-name">validateDynamicButtonsOperations</span>
                <span class="method-start">0 ms</span>
              </div> <!-- test-method -->
              <div class="test-method">
                <span class="method-name">validateLinksOperations</span>
                <span class="method-start">0 ms</span>
              </div> <!-- test-method -->
              <div class="test-method">
                <span class="method-name">validateRadioButtonOperations</span>
                <span class="method-start">0 ms</span>
              </div> <!-- test-method -->
              <div class="test-method">
                <span class="method-name">validateTextBoxOnSubmission</span>
                <span class="method-start">0 ms</span>
              </div> <!-- test-method -->
              <div class="test-method">
                <span class="method-name">validateUploadDownloadOperations</span>
                <span class="method-start">0 ms</span>
              </div> <!-- test-method -->
              <div class="test-method">
                <span class="method-name">validateWebTablesOperations</span>
                <span class="method-start">0 ms</span>
              </div> <!-- test-method -->
            </div> <!-- chronological-class -->
            <div class="chronological-class">
              <div class="chronological-class-name">com.cybage.assignment.test.widgetsPageTest</div> <!-- chronological-class-name -->
              <div class="configuration-class before">
                <span class="method-name">testSetUp</span>
                <span class="method-start">0 ms</span>
              </div> <!-- configuration-class before -->
            </div> <!-- chronological-class -->
            <div class="chronological-class">
              <div class="chronological-class-name">com.cybage.assignment.test.toolsqaHomePageTest</div> <!-- chronological-class-name -->
              <div class="configuration-class before">
                <span class="method-name">testSetUp</span>
                <span class="method-start">0 ms</span>
              </div> <!-- configuration-class before -->
            </div> <!-- chronological-class -->
            <div class="chronological-class">
              <div class="chronological-class-name">com.cybage.assignment.test.toolsqaFormPageTest</div> <!-- chronological-class-name -->
              <div class="configuration-class before">
                <span class="method-name">testSetUp</span>
                <span class="method-start">0 ms</span>
              </div> <!-- configuration-class before -->
            </div> <!-- chronological-class -->
            <div class="chronological-class">
              <div class="chronological-class-name">com.cybage.assignment.test.toolsqaElementPageTest</div> <!-- chronological-class-name -->
              <div class="configuration-class before">
                <span class="method-name">testSetUp</span>
                <span class="method-start">0 ms</span>
              </div> <!-- configuration-class before -->
            </div> <!-- chronological-class -->
            <div class="chronological-class">
              <div class="chronological-class-name">com.cybage.assignment.test.alertFrameWindowPageTest</div> <!-- chronological-class-name -->
              <div class="configuration-class before">
                <span class="method-name">testSetUp</span>
                <span class="method-start">0 ms</span>
              </div> <!-- configuration-class before -->
            </div> <!-- chronological-class -->
            <div class="chronological-class">
              <div class="chronological-class-name">com.cybage.assignment.test.toolsqaElementPageTest</div> <!-- chronological-class-name -->
              <div class="configuration-method before">
                <span class="method-name">waitToLoadElements</span>
                <span class="method-start">12923 ms</span>
              </div> <!-- configuration-method before -->
            </div> <!-- chronological-class -->
            <div class="chronological-class">
              <div class="chronological-class-name">com.cybage.assignment.test.widgetsPageTest</div> <!-- chronological-class-name -->
              <div class="configuration-method before">
                <span class="method-name">waitToLoadElements</span>
                <span class="method-start">13062 ms</span>
              </div> <!-- configuration-method before -->
            </div> <!-- chronological-class -->
            <div class="chronological-class">
              <div class="chronological-class-name">com.cybage.assignment.test.alertFrameWindowPageTest</div> <!-- chronological-class-name -->
              <div class="configuration-method before">
                <span class="method-name">waitToLoadElements</span>
                <span class="method-start">13081 ms</span>
              </div> <!-- configuration-method before -->
            </div> <!-- chronological-class -->
            <div class="chronological-class">
              <div class="chronological-class-name">com.cybage.assignment.test.toolsqaHomePageTest</div> <!-- chronological-class-name -->
              <div class="configuration-method before">
                <span class="method-name">waitToLoadElements</span>
                <span class="method-start">14717 ms</span>
              </div> <!-- configuration-method before -->
              <div class="test-method">
                <span class="method-name">validateIfAlertTabPresent</span>
                <span class="method-start">14733 ms</span>
              </div> <!-- test-method -->
              <div class="configuration-method after">
                <span class="method-name">captureAndReport([TestResult name=validateIfAlertTabPresent status=SUCCESS method=toolsqaHomePageTest.validateIfAlert...)</span>
                <span class="method-start">14792 ms</span>
              </div> <!-- configuration-method after -->
              <div class="configuration-method before">
                <span class="method-name">waitToLoadElements</span>
                <span class="method-start">15055 ms</span>
              </div> <!-- configuration-method before -->
              <div class="test-method">
                <span class="method-name">validateIfBookStoreTabPresent</span>
                <span class="method-start">15059 ms</span>
              </div> <!-- test-method -->
              <div class="configuration-method after">
                <span class="method-name">captureAndReport([TestResult name=validateIfBookStoreTabPresent status=SUCCESS method=toolsqaHomePageTest.validateIfB...)</span>
                <span class="method-start">15116 ms</span>
              </div> <!-- configuration-method after -->
              <div class="configuration-method before">
                <span class="method-name">waitToLoadElements</span>
                <span class="method-start">15118 ms</span>
              </div> <!-- configuration-method before -->
              <div class="test-method">
                <span class="method-name">validateIfElementsTabPresent</span>
                <span class="method-start">15120 ms</span>
              </div> <!-- test-method -->
              <div class="configuration-method after">
                <span class="method-name">captureAndReport([TestResult name=validateIfElementsTabPresent status=SUCCESS method=toolsqaHomePageTest.validateIfEl...)</span>
                <span class="method-start">15162 ms</span>
              </div> <!-- configuration-method after -->
              <div class="configuration-method before">
                <span class="method-name">waitToLoadElements</span>
                <span class="method-start">15163 ms</span>
              </div> <!-- configuration-method before -->
              <div class="test-method">
                <span class="method-name">validateIfFormsTabPresent</span>
                <span class="method-start">15167 ms</span>
              </div> <!-- test-method -->
              <div class="configuration-method after">
                <span class="method-name">captureAndReport([TestResult name=validateIfFormsTabPresent status=SUCCESS method=toolsqaHomePageTest.validateIfForms...)</span>
                <span class="method-start">15205 ms</span>
              </div> <!-- configuration-method after -->
              <div class="configuration-method before">
                <span class="method-name">waitToLoadElements</span>
                <span class="method-start">15207 ms</span>
              </div> <!-- configuration-method before -->
              <div class="test-method">
                <span class="method-name">validateIfInteractionsTabPresent</span>
                <span class="method-start">15214 ms</span>
              </div> <!-- test-method -->
              <div class="configuration-method after">
                <span class="method-name">captureAndReport([TestResult name=validateIfInteractionsTabPresent status=SUCCESS method=toolsqaHomePageTest.validate...)</span>
                <span class="method-start">15252 ms</span>
              </div> <!-- configuration-method after -->
              <div class="configuration-method before">
                <span class="method-name">waitToLoadElements</span>
                <span class="method-start">15254 ms</span>
              </div> <!-- configuration-method before -->
              <div class="test-method">
                <span class="method-name">validateIfLogoPresent</span>
                <span class="method-start">15262 ms</span>
              </div> <!-- test-method -->
              <div class="configuration-method after">
                <span class="method-name">captureAndReport([TestResult name=validateIfLogoPresent status=SUCCESS method=toolsqaHomePageTest.validateIfLogoPrese...)</span>
                <span class="method-start">15334 ms</span>
              </div> <!-- configuration-method after -->
              <div class="configuration-method before">
                <span class="method-name">waitToLoadElements</span>
                <span class="method-start">15341 ms</span>
              </div> <!-- configuration-method before -->
              <div class="test-method">
                <span class="method-name">validateIfWidgetTabPresent</span>
                <span class="method-start">15354 ms</span>
              </div> <!-- test-method -->
              <div class="configuration-method after">
                <span class="method-name">captureAndReport([TestResult name=validateIfWidgetTabPresent status=SUCCESS method=toolsqaHomePageTest.validateIfWidg...)</span>
                <span class="method-start">15392 ms</span>
              </div> <!-- configuration-method after -->
              <div class="configuration-method before">
                <span class="method-name">waitToLoadElements</span>
                <span class="method-start">15394 ms</span>
              </div> <!-- configuration-method before -->
              <div class="test-method">
                <span class="method-name">validatePageBanner</span>
                <span class="method-start">15402 ms</span>
              </div> <!-- test-method -->
              <div class="configuration-method after">
                <span class="method-name">captureAndReport([TestResult name=validatePageBanner status=SUCCESS method=toolsqaHomePageTest.validatePageBanner()[p...)</span>
                <span class="method-start">15456 ms</span>
              </div> <!-- configuration-method after -->
              <div class="configuration-method before">
                <span class="method-name">waitToLoadElements</span>
                <span class="method-start">15458 ms</span>
              </div> <!-- configuration-method before -->
              <div class="test-method">
                <span class="method-name">validatePageTitle</span>
                <span class="method-start">15465 ms</span>
              </div> <!-- test-method -->
              <div class="configuration-method after">
                <span class="method-name">captureAndReport([TestResult name=validatePageTitle status=SUCCESS method=toolsqaHomePageTest.validatePageTitle()[pri...)</span>
                <span class="method-start">15469 ms</span>
              </div> <!-- configuration-method after -->
              <div class="configuration-class after">
                <span class="method-name">testCleanUp</span>
                <span class="method-start">15471 ms</span>
              </div> <!-- configuration-class after -->
            </div> <!-- chronological-class -->
            <div class="chronological-class">
              <div class="chronological-class-name">com.cybage.assignment.test.toolsqaElementPageTest</div> <!-- chronological-class-name -->
              <div class="test-method">
                <span class="method-name">validateElementScreen</span>
                <span class="method-start">15929 ms</span>
              </div> <!-- test-method -->
            </div> <!-- chronological-class -->
            <div class="chronological-class">
              <div class="chronological-class-name">com.cybage.assignment.test.widgetsPageTest</div> <!-- chronological-class-name -->
              <div class="test-method">
                <span class="method-name">validatePresenceOfWidgetOptions</span>
                <span class="method-start">16070 ms</span>
              </div> <!-- test-method -->
            </div> <!-- chronological-class -->
            <div class="chronological-class">
              <div class="chronological-class-name">com.cybage.assignment.test.alertFrameWindowPageTest</div> <!-- chronological-class-name -->
              <div class="test-method">
                <span class="method-name">validatePresenceOfAlertFrameWindowOptions</span>
                <span class="method-start">16084 ms</span>
              </div> <!-- test-method -->
              <div class="configuration-method after">
                <span class="method-name">captureAndReport([TestResult name=validatePresenceOfAlertFrameWindowOptions status=SUCCESS method=alertFrameWindowPag...)</span>
                <span class="method-start">16315 ms</span>
              </div> <!-- configuration-method after -->
              <div class="configuration-method before">
                <span class="method-name">waitToLoadElements</span>
                <span class="method-start">16319 ms</span>
              </div> <!-- configuration-method before -->
            </div> <!-- chronological-class -->
            <div class="chronological-class">
              <div class="chronological-class-name">com.cybage.assignment.test.toolsqaElementPageTest</div> <!-- chronological-class-name -->
              <div class="configuration-method after">
                <span class="method-name">captureAndReport([TestResult name=validateElementScreen status=SUCCESS method=toolsqaElementPageTest.validateElementS...)</span>
                <span class="method-start">16356 ms</span>
              </div> <!-- configuration-method after -->
              <div class="configuration-method before">
                <span class="method-name">waitToLoadElements</span>
                <span class="method-start">16358 ms</span>
              </div> <!-- configuration-method before -->
            </div> <!-- chronological-class -->
            <div class="chronological-class">
              <div class="chronological-class-name">com.cybage.assignment.test.toolsqaHomePageTest</div> <!-- chronological-class-name -->
              <div class="configuration-test after">
                <span class="method-name">releaseDriver</span>
                <span class="method-start">16487 ms</span>
              </div> <!-- configuration-test after -->
            </div> <!-- chronological-class -->
            <div class="chronological-class">
              <div class="chronological-class-name">com.cybage.assignment.test.widgetsPageTest</div> <!-- chronological-class-name -->
              <div class="configuration-method after">
                <span class="method-name">captureAndReport([TestResult name=validatePresenceOfWidgetOptions status=SUCCESS method=widgetsPageTest.validatePrese...)</span>
                <span class="method-start">16501 ms</span>
              </div> <!-- configuration-method after -->
              <div class="configuration-method before">
                <span class="method-name">waitToLoadElements</span>
                <span class="method-start">16503 ms</span>
              </div> <!-- configuration-method before -->
            </div> <!-- chronological-class -->
            <div class="chronological-class">
              <div class="chronological-class-name">com.cybage.assignment.test.alertFrameWindowPageTest</div> <!-- chronological-class-name -->
              <div class="test-method">
                <span class="method-name">validateAlertsOption</span>
                <span class="method-start">19323 ms</span>
              </div> <!-- test-method -->
            </div> <!-- chronological-class -->
            <div class="chronological-class">
              <div class="chronological-class-name">com.cybage.assignment.test.toolsqaElementPageTest</div> <!-- chronological-class-name -->
              <div class="test-method">
                <span class="method-name">validateBrokenLinkImagesOperations</span>
                <span class="method-start">19371 ms</span>
              </div> <!-- test-method -->
            </div> <!-- chronological-class -->
            <div class="chronological-class">
              <div class="chronological-class-name">com.cybage.assignment.test.widgetsPageTest</div> <!-- chronological-class-name -->
              <div class="test-method">
                <span class="method-name">validateAccordianPageOperations</span>
                <span class="method-start">19509 ms</span>
              </div> <!-- test-method -->
              <div class="configuration-method after">
                <span class="method-name">captureAndReport([TestResult name=validateAccordianPageOperations status=SUCCESS method=widgetsPageTest.validateAccor...)</span>
                <span class="method-start">23752 ms</span>
              </div> <!-- configuration-method after -->
              <div class="configuration-method before">
                <span class="method-name">waitToLoadElements</span>
                <span class="method-start">23755 ms</span>
              </div> <!-- configuration-method before -->
            </div> <!-- chronological-class -->
            <div class="chronological-class">
              <div class="chronological-class-name">com.cybage.assignment.test.toolsqaFormPageTest</div> <!-- chronological-class-name -->
              <div class="configuration-method before">
                <span class="method-name">waitToLoadElements</span>
                <span class="method-start">26458 ms</span>
              </div> <!-- configuration-method before -->
            </div> <!-- chronological-class -->
            <div class="chronological-class">
              <div class="chronological-class-name">com.cybage.assignment.test.widgetsPageTest</div> <!-- chronological-class-name -->
              <div class="test-method">
                <span class="method-name">validateAutoCompleteTextBoxes</span>
                <span class="method-start">26757 ms</span>
              </div> <!-- test-method -->
            </div> <!-- chronological-class -->
            <div class="chronological-class">
              <div class="chronological-class-name">com.cybage.assignment.test.toolsqaFormPageTest</div> <!-- chronological-class-name -->
              <div class="test-method">
                <span class="method-name">validatePracticeFormOption</span>
                <span class="method-start">29468 ms</span>
              </div> <!-- test-method -->
              <div class="configuration-method after">
                <span class="method-name">captureAndReport([TestResult name=validatePracticeFormOption status=SUCCESS method=toolsqaFormPageTest.validatePracti...)</span>
                <span class="method-start">29851 ms</span>
              </div> <!-- configuration-method after -->
              <div class="configuration-method before">
                <span class="method-name">waitToLoadElements</span>
                <span class="method-start">29853 ms</span>
              </div> <!-- configuration-method before -->
            </div> <!-- chronological-class -->
            <div class="chronological-class">
              <div class="chronological-class-name">com.cybage.assignment.test.widgetsPageTest</div> <!-- chronological-class-name -->
              <div class="configuration-method after">
                <span class="method-name">captureAndReport([TestResult name=validateAutoCompleteTextBoxes status=SUCCESS method=widgetsPageTest.validateAutoCom...)</span>
                <span class="method-start">30954 ms</span>
              </div> <!-- configuration-method after -->
              <div class="configuration-method before">
                <span class="method-name">waitToLoadElements</span>
                <span class="method-start">30956 ms</span>
              </div> <!-- configuration-method before -->
            </div> <!-- chronological-class -->
            <div class="chronological-class">
              <div class="chronological-class-name">com.cybage.assignment.test.toolsqaFormPageTest</div> <!-- chronological-class-name -->
              <div class="test-method">
                <span class="method-name">validateFormFilling</span>
                <span class="method-start">32869 ms</span>
              </div> <!-- test-method -->
            </div> <!-- chronological-class -->
            <div class="chronological-class">
              <div class="chronological-class-name">com.cybage.assignment.test.widgetsPageTest</div> <!-- chronological-class-name -->
              <div class="test-method">
                <span class="method-name">validateDatePickerOperation</span>
                <span class="method-start">33973 ms</span>
              </div> <!-- test-method -->
            </div> <!-- chronological-class -->
            <div class="chronological-class">
              <div class="chronological-class-name">com.cybage.assignment.test.toolsqaFormPageTest</div> <!-- chronological-class-name -->
              <div class="configuration-method after">
                <span class="method-name">captureAndReport([TestResult name=validateFormFilling status=SUCCESS method=toolsqaFormPageTest.validateFormFilling()...)</span>
                <span class="method-start">36865 ms</span>
              </div> <!-- configuration-method after -->
              <div class="configuration-method before">
                <span class="method-name">waitToLoadElements</span>
                <span class="method-start">36869 ms</span>
              </div> <!-- configuration-method before -->
            </div> <!-- chronological-class -->
            <div class="chronological-class">
              <div class="chronological-class-name">com.cybage.assignment.test.alertFrameWindowPageTest</div> <!-- chronological-class-name -->
              <div class="configuration-method after">
                <span class="method-name">captureAndReport([TestResult name=validateAlertsOption status=SUCCESS method=alertFrameWindowPageTest.validateAlertsO...)</span>
                <span class="method-start">37589 ms</span>
              </div> <!-- configuration-method after -->
              <div class="configuration-method before">
                <span class="method-name">waitToLoadElements</span>
                <span class="method-start">37593 ms</span>
              </div> <!-- configuration-method before -->
            </div> <!-- chronological-class -->
            <div class="chronological-class">
              <div class="chronological-class-name">com.cybage.assignment.test.toolsqaFormPageTest</div> <!-- chronological-class-name -->
              <div class="test-method">
                <span class="method-name">validateFormAfterSubmit</span>
                <span class="method-start">39874 ms</span>
              </div> <!-- test-method -->
            </div> <!-- chronological-class -->
            <div class="chronological-class">
              <div class="chronological-class-name">com.cybage.assignment.test.widgetsPageTest</div> <!-- chronological-class-name -->
              <div class="configuration-method after">
                <span class="method-name">captureAndReport([TestResult name=validateDatePickerOperation status=SUCCESS method=widgetsPageTest.validateDatePicke...)</span>
                <span class="method-start">39975 ms</span>
              </div> <!-- configuration-method after -->
              <div class="configuration-class after">
                <span class="method-name">testCleanUp</span>
                <span class="method-start">39978 ms</span>
              </div> <!-- configuration-class after -->
            </div> <!-- chronological-class -->
            <div class="chronological-class">
              <div class="chronological-class-name">com.cybage.assignment.test.toolsqaFormPageTest</div> <!-- chronological-class-name -->
              <div class="configuration-method after">
                <span class="method-name">captureAndReport([TestResult name=validateFormAfterSubmit status=SUCCESS method=toolsqaFormPageTest.validateFormAfter...)</span>
                <span class="method-start">40372 ms</span>
              </div> <!-- configuration-method after -->
              <div class="configuration-class after">
                <span class="method-name">testCleanUp</span>
                <span class="method-start">40374 ms</span>
              </div> <!-- configuration-class after -->
            </div> <!-- chronological-class -->
            <div class="chronological-class">
              <div class="chronological-class-name">com.cybage.assignment.test.alertFrameWindowPageTest</div> <!-- chronological-class-name -->
              <div class="test-method">
                <span class="method-name">validateBrowserWindowOptions</span>
                <span class="method-start">40594 ms</span>
              </div> <!-- test-method -->
            </div> <!-- chronological-class -->
            <div class="chronological-class">
              <div class="chronological-class-name">com.cybage.assignment.test.toolsqaFormPageTest</div> <!-- chronological-class-name -->
              <div class="configuration-test after">
                <span class="method-name">releaseDriver</span>
                <span class="method-start">41202 ms</span>
              </div> <!-- configuration-test after -->
            </div> <!-- chronological-class -->
            <div class="chronological-class">
              <div class="chronological-class-name">com.cybage.assignment.test.widgetsPageTest</div> <!-- chronological-class-name -->
              <div class="configuration-test after">
                <span class="method-name">releaseDriver</span>
                <span class="method-start">44735 ms</span>
              </div> <!-- configuration-test after -->
            </div> <!-- chronological-class -->
            <div class="chronological-class">
              <div class="chronological-class-name">com.cybage.assignment.test.alertFrameWindowPageTest</div> <!-- chronological-class-name -->
              <div class="configuration-method after">
                <span class="method-name">captureAndReport([TestResult name=validateBrowserWindowOptions status=SUCCESS method=alertFrameWindowPageTest.validat...)</span>
                <span class="method-start">45534 ms</span>
              </div> <!-- configuration-method after -->
              <div class="configuration-method before">
                <span class="method-name">waitToLoadElements</span>
                <span class="method-start">45537 ms</span>
              </div> <!-- configuration-method before -->
              <div class="test-method">
                <span class="method-name">validateIFrameOperations</span>
                <span class="method-start">48547 ms</span>
              </div> <!-- test-method -->
              <div class="configuration-method after">
                <span class="method-name">captureAndReport([TestResult name=validateIFrameOperations status=SUCCESS method=alertFrameWindowPageTest.validateIFr...)</span>
                <span class="method-start">53078 ms</span>
              </div> <!-- configuration-method after -->
              <div class="configuration-method before">
                <span class="method-name">waitToLoadElements</span>
                <span class="method-start">53078 ms</span>
              </div> <!-- configuration-method before -->
              <div class="test-method">
                <span class="method-name">validateModalDialogsOperation</span>
                <span class="method-start">56094 ms</span>
              </div> <!-- test-method -->
              <div class="configuration-method after">
                <span class="method-name">captureAndReport([TestResult name=validateModalDialogsOperation status=SUCCESS method=alertFrameWindowPageTest.valida...)</span>
                <span class="method-start">56929 ms</span>
              </div> <!-- configuration-method after -->
              <div class="configuration-method before">
                <span class="method-name">waitToLoadElements</span>
                <span class="method-start">56931 ms</span>
              </div> <!-- configuration-method before -->
              <div class="test-method">
                <span class="method-name">validateNestedFramesOperation</span>
                <span class="method-start">59938 ms</span>
              </div> <!-- test-method -->
              <div class="configuration-method after">
                <span class="method-name">captureAndReport([TestResult name=validateNestedFramesOperation status=SUCCESS method=alertFrameWindowPageTest.valida...)</span>
                <span class="method-start">60438 ms</span>
              </div> <!-- configuration-method after -->
              <div class="configuration-class after">
                <span class="method-name">testCleanUp</span>
                <span class="method-start">60438 ms</span>
              </div> <!-- configuration-class after -->
              <div class="configuration-test after">
                <span class="method-name">releaseDriver</span>
                <span class="method-start">61220 ms</span>
              </div> <!-- configuration-test after -->
            </div> <!-- chronological-class -->
            <div class="chronological-class">
              <div class="chronological-class-name">com.cybage.assignment.test.toolsqaElementPageTest</div> <!-- chronological-class-name -->
              <div class="configuration-method after">
                <span class="method-name">captureAndReport([TestResult name=validateBrokenLinkImagesOperations status=SKIP method=toolsqaElementPageTest.valida...)</span>
                <span class="method-start">640171 ms</span>
              </div> <!-- configuration-method after -->
              <div class="configuration-method before">
                <span class="method-name">waitToLoadElements</span>
                <span class="method-start">640187 ms</span>
              </div> <!-- configuration-method before -->
              <div class="test-method">
                <span class="method-name">validateBrokenLinkImagesOperations</span>
                <span class="method-start">643202 ms</span>
              </div> <!-- test-method -->
              <div class="configuration-method after">
                <span class="method-name">captureAndReport([TestResult name=validateBrokenLinkImagesOperations status=SKIP method=toolsqaElementPageTest.valida...)</span>
                <span class="method-start">655327 ms</span>
              </div> <!-- configuration-method after -->
              <div class="configuration-method before">
                <span class="method-name">waitToLoadElements</span>
                <span class="method-start">655327 ms</span>
              </div> <!-- configuration-method before -->
              <div class="test-method">
                <span class="method-name">validateBrokenLinkImagesOperations</span>
                <span class="method-start">658343 ms</span>
              </div> <!-- test-method -->
              <div class="configuration-method after">
                <span class="method-name">captureAndReport([TestResult name=validateBrokenLinkImagesOperations status=SKIP method=toolsqaElementPageTest.valida...)</span>
                <span class="method-start">670545 ms</span>
              </div> <!-- configuration-method after -->
              <div class="configuration-method before">
                <span class="method-name">waitToLoadElements</span>
                <span class="method-start">670545 ms</span>
              </div> <!-- configuration-method before -->
              <div class="test-method">
                <img src="failed.png">
                </img>
                <span class="method-name">validateBrokenLinkImagesOperations</span>
                <span class="method-start">673561 ms</span>
              </div> <!-- test-method -->
              <div class="configuration-method after">
                <img src="failed.png">
                </img>
                <span class="method-name">captureAndReport([TestResult name=validateBrokenLinkImagesOperations status=FAILURE method=toolsqaElementPageTest.val...)</span>
                <span class="method-start">685749 ms</span>
              </div> <!-- configuration-method after -->
          </div> <!-- main-panel-content rounded-window-bottom -->
        </div> <!-- panel -->
      </div> <!-- main-panel-root -->
    </div> <!-- wrapper -->
  </body>
</html>
