<?xml version="1.0" encoding="UTF-8"?>
<testng-results skipped="11" failed="1" ignored="0" total="35" passed="23">
  <reporter-output>
  </reporter-output>
  <suite name="DemoQATest" duration-ms="697999" started-at="2021-10-04T05:17:08Z" finished-at="2021-10-04T05:28:46Z">
    <groups>
    </groups>
    <test name="toolsqaHomeTest" duration-ms="16487" started-at="2021-10-04T05:17:08Z" finished-at="2021-10-04T05:17:25Z">
      <class name="com.cybage.assignment.test.toolsqaHomePageTest">
        <test-method status="PASS" signature="testSetUp()[pri:0, instance:com.cybage.assignment.test.toolsqaHomePageTest@437e9c]" name="testSetUp" is-config="true" duration-ms="14716" started-at="2021-10-04T05:17:08Z" finished-at="2021-10-04T05:17:23Z">
          <reporter-output>
          </reporter-output>
        </test-method> <!-- testSetUp -->
        <test-method status="PASS" signature="waitToLoadElements()[pri:0, instance:com.cybage.assignment.test.toolsqaHomePageTest@437e9c]" name="waitToLoadElements" is-config="true" duration-ms="15" started-at="2021-10-04T05:17:23Z" finished-at="2021-10-04T05:17:23Z">
          <reporter-output>
          </reporter-output>
        </test-method> <!-- waitToLoadElements -->
        <test-method status="PASS" signature="validateIfAlertTabPresent()[pri:0, instance:com.cybage.assignment.test.toolsqaHomePageTest@437e9c]" name="validateIfAlertTabPresent" duration-ms="57" started-at="2021-10-04T05:17:23Z" finished-at="2021-10-04T05:17:23Z">
          <reporter-output>
          </reporter-output>
        </test-method> <!-- validateIfAlertTabPresent -->
        <test-method status="PASS" signature="captureAndReport(org.testng.ITestResult)[pri:0, instance:com.cybage.assignment.test.toolsqaHomePageTest@437e9c]" name="captureAndReport" is-config="true" duration-ms="263" started-at="2021-10-04T05:17:23Z" finished-at="2021-10-04T05:17:23Z">
          <params>
            <param index="0">
              <value>
                <![CDATA[[TestResult name=validateIfAlertTabPresent status=SUCCESS method=toolsqaHomePageTest.validateIfAlertTabPresent()[pri:0, instance:com.cybage.assignment.test.toolsqaHomePageTest@437e9c] output={null}]]]>
              </value>
            </param>
          </params>
          <reporter-output>
          </reporter-output>
        </test-method> <!-- captureAndReport -->
        <test-method status="PASS" signature="waitToLoadElements()[pri:0, instance:com.cybage.assignment.test.toolsqaHomePageTest@437e9c]" name="waitToLoadElements" is-config="true" duration-ms="4" started-at="2021-10-04T05:17:23Z" finished-at="2021-10-04T05:17:23Z">
          <reporter-output>
          </reporter-output>
        </test-method> <!-- waitToLoadElements -->
        <test-method status="PASS" signature="validateIfBookStoreTabPresent()[pri:0, instance:com.cybage.assignment.test.toolsqaHomePageTest@437e9c]" name="validateIfBookStoreTabPresent" duration-ms="57" started-at="2021-10-04T05:17:23Z" finished-at="2021-10-04T05:17:23Z">
          <reporter-output>
          </reporter-output>
        </test-method> <!-- validateIfBookStoreTabPresent -->
        <test-method status="PASS" signature="captureAndReport(org.testng.ITestResult)[pri:0, instance:com.cybage.assignment.test.toolsqaHomePageTest@437e9c]" name="captureAndReport" is-config="true" duration-ms="1" started-at="2021-10-04T05:17:23Z" finished-at="2021-10-04T05:17:23Z">
          <params>
            <param index="0">
              <value>
                <![CDATA[[TestResult name=validateIfBookStoreTabPresent status=SUCCESS method=toolsqaHomePageTest.validateIfBookStoreTabPresent()[pri:0, instance:com.cybage.assignment.test.toolsqaHomePageTest@437e9c] output={null}]]]>
              </value>
            </param>
          </params>
          <reporter-output>
          </reporter-output>
        </test-method> <!-- captureAndReport -->
        <test-method status="PASS" signature="waitToLoadElements()[pri:0, instance:com.cybage.assignment.test.toolsqaHomePageTest@437e9c]" name="waitToLoadElements" is-config="true" duration-ms="2" started-at="2021-10-04T05:17:23Z" finished-at="2021-10-04T05:17:23Z">
          <reporter-output>
          </reporter-output>
        </test-method> <!-- waitToLoadElements -->
        <test-method status="PASS" signature="validateIfElementsTabPresent()[pri:0, instance:com.cybage.assignment.test.toolsqaHomePageTest@437e9c]" name="validateIfElementsTabPresent" duration-ms="42" started-at="2021-10-04T05:17:23Z" finished-at="2021-10-04T05:17:23Z">
          <reporter-output>
          </reporter-output>
        </test-method> <!-- validateIfElementsTabPresent -->
        <test-method status="PASS" signature="captureAndReport(org.testng.ITestResult)[pri:0, instance:com.cybage.assignment.test.toolsqaHomePageTest@437e9c]" name="captureAndReport" is-config="true" duration-ms="1" started-at="2021-10-04T05:17:23Z" finished-at="2021-10-04T05:17:23Z">
          <params>
            <param index="0">
              <value>
                <![CDATA[[TestResult name=validateIfElementsTabPresent status=SUCCESS method=toolsqaHomePageTest.validateIfElementsTabPresent()[pri:0, instance:com.cybage.assignment.test.toolsqaHomePageTest@437e9c] output={null}]]]>
              </value>
            </param>
          </params>
          <reporter-output>
          </reporter-output>
        </test-method> <!-- captureAndReport -->
        <test-method status="PASS" signature="waitToLoadElements()[pri:0, instance:com.cybage.assignment.test.toolsqaHomePageTest@437e9c]" name="waitToLoadElements" is-config="true" duration-ms="4" started-at="2021-10-04T05:17:23Z" finished-at="2021-10-04T05:17:23Z">
          <reporter-output>
          </reporter-output>
        </test-method> <!-- waitToLoadElements -->
        <test-method status="PASS" signature="validateIfFormsTabPresent()[pri:0, instance:com.cybage.assignment.test.toolsqaHomePageTest@437e9c]" name="validateIfFormsTabPresent" duration-ms="38" started-at="2021-10-04T05:17:23Z" finished-at="2021-10-04T05:17:23Z">
          <reporter-output>
          </reporter-output>
        </test-method> <!-- validateIfFormsTabPresent -->
        <test-method status="PASS" signature="captureAndReport(org.testng.ITestResult)[pri:0, instance:com.cybage.assignment.test.toolsqaHomePageTest@437e9c]" name="captureAndReport" is-config="true" duration-ms="2" started-at="2021-10-04T05:17:23Z" finished-at="2021-10-04T05:17:23Z">
          <params>
            <param index="0">
              <value>
                <![CDATA[[TestResult name=validateIfFormsTabPresent status=SUCCESS method=toolsqaHomePageTest.validateIfFormsTabPresent()[pri:0, instance:com.cybage.assignment.test.toolsqaHomePageTest@437e9c] output={null}]]]>
              </value>
            </param>
          </params>
          <reporter-output>
          </reporter-output>
        </test-method> <!-- captureAndReport -->
        <test-method status="PASS" signature="waitToLoadElements()[pri:0, instance:com.cybage.assignment.test.toolsqaHomePageTest@437e9c]" name="waitToLoadElements" is-config="true" duration-ms="7" started-at="2021-10-04T05:17:23Z" finished-at="2021-10-04T05:17:23Z">
          <reporter-output>
          </reporter-output>
        </test-method> <!-- waitToLoadElements -->
        <test-method status="PASS" signature="validateIfInteractionsTabPresent()[pri:0, instance:com.cybage.assignment.test.toolsqaHomePageTest@437e9c]" name="validateIfInteractionsTabPresent" duration-ms="38" started-at="2021-10-04T05:17:23Z" finished-at="2021-10-04T05:17:23Z">
          <reporter-output>
          </reporter-output>
        </test-method> <!-- validateIfInteractionsTabPresent -->
        <test-method status="PASS" signature="captureAndReport(org.testng.ITestResult)[pri:0, instance:com.cybage.assignment.test.toolsqaHomePageTest@437e9c]" name="captureAndReport" is-config="true" duration-ms="2" started-at="2021-10-04T05:17:23Z" finished-at="2021-10-04T05:17:23Z">
          <params>
            <param index="0">
              <value>
                <![CDATA[[TestResult name=validateIfInteractionsTabPresent status=SUCCESS method=toolsqaHomePageTest.validateIfInteractionsTabPresent()[pri:0, instance:com.cybage.assignment.test.toolsqaHomePageTest@437e9c] output={null}]]]>
              </value>
            </param>
          </params>
          <reporter-output>
          </reporter-output>
        </test-method> <!-- captureAndReport -->
        <test-method status="PASS" signature="waitToLoadElements()[pri:0, instance:com.cybage.assignment.test.toolsqaHomePageTest@437e9c]" name="waitToLoadElements" is-config="true" duration-ms="8" started-at="2021-10-04T05:17:23Z" finished-at="2021-10-04T05:17:23Z">
          <reporter-output>
          </reporter-output>
        </test-method> <!-- waitToLoadElements -->
        <test-method status="PASS" signature="validateIfLogoPresent()[pri:0, instance:com.cybage.assignment.test.toolsqaHomePageTest@437e9c]" name="validateIfLogoPresent" duration-ms="72" started-at="2021-10-04T05:17:23Z" finished-at="2021-10-04T05:17:23Z">
          <reporter-output>
          </reporter-output>
        </test-method> <!-- validateIfLogoPresent -->
        <test-method status="PASS" signature="captureAndReport(org.testng.ITestResult)[pri:0, instance:com.cybage.assignment.test.toolsqaHomePageTest@437e9c]" name="captureAndReport" is-config="true" duration-ms="6" started-at="2021-10-04T05:17:23Z" finished-at="2021-10-04T05:17:23Z">
          <params>
            <param index="0">
              <value>
                <![CDATA[[TestResult name=validateIfLogoPresent status=SUCCESS method=toolsqaHomePageTest.validateIfLogoPresent()[pri:0, instance:com.cybage.assignment.test.toolsqaHomePageTest@437e9c] output={null}]]]>
              </value>
            </param>
          </params>
          <reporter-output>
          </reporter-output>
        </test-method> <!-- captureAndReport -->
        <test-method status="PASS" signature="waitToLoadElements()[pri:0, instance:com.cybage.assignment.test.toolsqaHomePageTest@437e9c]" name="waitToLoadElements" is-config="true" duration-ms="13" started-at="2021-10-04T05:17:23Z" finished-at="2021-10-04T05:17:23Z">
          <reporter-output>
          </reporter-output>
        </test-method> <!-- waitToLoadElements -->
        <test-method status="PASS" signature="validateIfWidgetTabPresent()[pri:0, instance:com.cybage.assignment.test.toolsqaHomePageTest@437e9c]" name="validateIfWidgetTabPresent" duration-ms="38" started-at="2021-10-04T05:17:23Z" finished-at="2021-10-04T05:17:23Z">
          <reporter-output>
          </reporter-output>
        </test-method> <!-- validateIfWidgetTabPresent -->
        <test-method status="PASS" signature="captureAndReport(org.testng.ITestResult)[pri:0, instance:com.cybage.assignment.test.toolsqaHomePageTest@437e9c]" name="captureAndReport" is-config="true" duration-ms="2" started-at="2021-10-04T05:17:23Z" finished-at="2021-10-04T05:17:23Z">
          <params>
            <param index="0">
              <value>
                <![CDATA[[TestResult name=validateIfWidgetTabPresent status=SUCCESS method=toolsqaHomePageTest.validateIfWidgetTabPresent()[pri:0, instance:com.cybage.assignment.test.toolsqaHomePageTest@437e9c] output={null}]]]>
              </value>
            </param>
          </params>
          <reporter-output>
          </reporter-output>
        </test-method> <!-- captureAndReport -->
        <test-method status="PASS" signature="waitToLoadElements()[pri:0, instance:com.cybage.assignment.test.toolsqaHomePageTest@437e9c]" name="waitToLoadElements" is-config="true" duration-ms="8" started-at="2021-10-04T05:17:23Z" finished-at="2021-10-04T05:17:23Z">
          <reporter-output>
          </reporter-output>
        </test-method> <!-- waitToLoadElements -->
        <test-method status="PASS" signature="validatePageBanner()[pri:0, instance:com.cybage.assignment.test.toolsqaHomePageTest@437e9c]" name="validatePageBanner" duration-ms="54" started-at="2021-10-04T05:17:23Z" finished-at="2021-10-04T05:17:24Z">
          <reporter-output>
          </reporter-output>
        </test-method> <!-- validatePageBanner -->
        <test-method status="PASS" signature="captureAndReport(org.testng.ITestResult)[pri:0, instance:com.cybage.assignment.test.toolsqaHomePageTest@437e9c]" name="captureAndReport" is-config="true" duration-ms="2" started-at="2021-10-04T05:17:24Z" finished-at="2021-10-04T05:17:24Z">
          <params>
            <param index="0">
              <value>
                <![CDATA[[TestResult name=validatePageBanner status=SUCCESS method=toolsqaHomePageTest.validatePageBanner()[pri:0, instance:com.cybage.assignment.test.toolsqaHomePageTest@437e9c] output={null}]]]>
              </value>
            </param>
          </params>
          <reporter-output>
          </reporter-output>
        </test-method> <!-- captureAndReport -->
        <test-method status="PASS" signature="waitToLoadElements()[pri:0, instance:com.cybage.assignment.test.toolsqaHomePageTest@437e9c]" name="waitToLoadElements" is-config="true" duration-ms="7" started-at="2021-10-04T05:17:24Z" finished-at="2021-10-04T05:17:24Z">
          <reporter-output>
          </reporter-output>
        </test-method> <!-- waitToLoadElements -->
        <test-method status="PASS" signature="validatePageTitle()[pri:0, instance:com.cybage.assignment.test.toolsqaHomePageTest@437e9c]" name="validatePageTitle" duration-ms="4" started-at="2021-10-04T05:17:24Z" finished-at="2021-10-04T05:17:24Z">
          <reporter-output>
          </reporter-output>
        </test-method> <!-- validatePageTitle -->
        <test-method status="PASS" signature="captureAndReport(org.testng.ITestResult)[pri:0, instance:com.cybage.assignment.test.toolsqaHomePageTest@437e9c]" name="captureAndReport" is-config="true" duration-ms="2" started-at="2021-10-04T05:17:24Z" finished-at="2021-10-04T05:17:24Z">
          <params>
            <param index="0">
              <value>
                <![CDATA[[TestResult name=validatePageTitle status=SUCCESS method=toolsqaHomePageTest.validatePageTitle()[pri:0, instance:com.cybage.assignment.test.toolsqaHomePageTest@437e9c] output={null}]]]>
              </value>
            </param>
          </params>
          <reporter-output>
          </reporter-output>
        </test-method> <!-- captureAndReport -->
        <test-method status="PASS" signature="testCleanUp()[pri:0, instance:com.cybage.assignment.test.toolsqaHomePageTest@437e9c]" name="testCleanUp" is-config="true" duration-ms="1016" started-at="2021-10-04T05:17:24Z" finished-at="2021-10-04T05:17:25Z">
          <reporter-output>
          </reporter-output>
        </test-method> <!-- testCleanUp -->
        <test-method status="PASS" signature="releaseDriver()[pri:0, instance:com.cybage.assignment.test.toolsqaHomePageTest@437e9c]" name="releaseDriver" is-config="true" duration-ms="0" started-at="2021-10-04T05:17:25Z" finished-at="2021-10-04T05:17:25Z">
          <reporter-output>
          </reporter-output>
        </test-method> <!-- releaseDriver -->
      </class> <!-- com.cybage.assignment.test.toolsqaHomePageTest -->
    </test> <!-- toolsqaHomeTest -->
    <test name="toolsqaFormTest" duration-ms="41202" started-at="2021-10-04T05:17:08Z" finished-at="2021-10-04T05:17:49Z">
      <class name="com.cybage.assignment.test.toolsqaFormPageTest">
        <test-method status="PASS" signature="testSetUp()[pri:0, instance:com.cybage.assignment.test.toolsqaFormPageTest@1f22eef]" name="testSetUp" is-config="true" duration-ms="26458" started-at="2021-10-04T05:17:08Z" finished-at="2021-10-04T05:17:35Z">
          <reporter-output>
          </reporter-output>
        </test-method> <!-- testSetUp -->
        <test-method status="PASS" signature="waitToLoadElements()[pri:0, instance:com.cybage.assignment.test.toolsqaFormPageTest@1f22eef]" name="waitToLoadElements" is-config="true" duration-ms="3010" started-at="2021-10-04T05:17:35Z" finished-at="2021-10-04T05:17:38Z">
          <reporter-output>
          </reporter-output>
        </test-method> <!-- waitToLoadElements -->
        <test-method status="PASS" signature="validatePracticeFormOption()[pri:0, instance:com.cybage.assignment.test.toolsqaFormPageTest@1f22eef]" name="validatePracticeFormOption" duration-ms="383" started-at="2021-10-04T05:17:38Z" finished-at="2021-10-04T05:17:38Z">
          <reporter-output>
          </reporter-output>
        </test-method> <!-- validatePracticeFormOption -->
        <test-method status="PASS" signature="captureAndReport(org.testng.ITestResult)[pri:0, instance:com.cybage.assignment.test.toolsqaFormPageTest@1f22eef]" name="captureAndReport" is-config="true" duration-ms="2" started-at="2021-10-04T05:17:38Z" finished-at="2021-10-04T05:17:38Z">
          <params>
            <param index="0">
              <value>
                <![CDATA[[TestResult name=validatePracticeFormOption status=SUCCESS method=toolsqaFormPageTest.validatePracticeFormOption()[pri:0, instance:com.cybage.assignment.test.toolsqaFormPageTest@1f22eef] output={null}]]]>
              </value>
            </param>
          </params>
          <reporter-output>
          </reporter-output>
        </test-method> <!-- captureAndReport -->
        <test-method status="PASS" signature="waitToLoadElements()[pri:0, instance:com.cybage.assignment.test.toolsqaFormPageTest@1f22eef]" name="waitToLoadElements" is-config="true" duration-ms="3016" started-at="2021-10-04T05:17:38Z" finished-at="2021-10-04T05:17:41Z">
          <reporter-output>
          </reporter-output>
        </test-method> <!-- waitToLoadElements -->
        <test-method status="PASS" signature="validateFormFilling()[pri:1, instance:com.cybage.assignment.test.toolsqaFormPageTest@1f22eef]" name="validateFormFilling" duration-ms="3995" started-at="2021-10-04T05:17:41Z" depends-on-methods="com.cybage.assignment.test.toolsqaFormPageTest.validatePracticeFormOption" finished-at="2021-10-04T05:17:45Z">
          <reporter-output>
          </reporter-output>
        </test-method> <!-- validateFormFilling -->
        <test-method status="PASS" signature="captureAndReport(org.testng.ITestResult)[pri:0, instance:com.cybage.assignment.test.toolsqaFormPageTest@1f22eef]" name="captureAndReport" is-config="true" duration-ms="4" started-at="2021-10-04T05:17:45Z" finished-at="2021-10-04T05:17:45Z">
          <params>
            <param index="0">
              <value>
                <![CDATA[[TestResult name=validateFormFilling status=SUCCESS method=toolsqaFormPageTest.validateFormFilling()[pri:1, instance:com.cybage.assignment.test.toolsqaFormPageTest@1f22eef] output={null}]]]>
              </value>
            </param>
          </params>
          <reporter-output>
          </reporter-output>
        </test-method> <!-- captureAndReport -->
        <test-method status="PASS" signature="waitToLoadElements()[pri:0, instance:com.cybage.assignment.test.toolsqaFormPageTest@1f22eef]" name="waitToLoadElements" is-config="true" duration-ms="3005" started-at="2021-10-04T05:17:45Z" finished-at="2021-10-04T05:17:48Z">
          <reporter-output>
          </reporter-output>
        </test-method> <!-- waitToLoadElements -->
        <test-method status="PASS" signature="validateFormAfterSubmit()[pri:2, instance:com.cybage.assignment.test.toolsqaFormPageTest@1f22eef]" name="validateFormAfterSubmit" duration-ms="498" started-at="2021-10-04T05:17:48Z" depends-on-methods="com.cybage.assignment.test.toolsqaFormPageTest.validatePracticeFormOption" finished-at="2021-10-04T05:17:48Z">
          <reporter-output>
          </reporter-output>
        </test-method> <!-- validateFormAfterSubmit -->
        <test-method status="PASS" signature="captureAndReport(org.testng.ITestResult)[pri:0, instance:com.cybage.assignment.test.toolsqaFormPageTest@1f22eef]" name="captureAndReport" is-config="true" duration-ms="2" started-at="2021-10-04T05:17:48Z" finished-at="2021-10-04T05:17:48Z">
          <params>
            <param index="0">
              <value>
                <![CDATA[[TestResult name=validateFormAfterSubmit status=SUCCESS method=toolsqaFormPageTest.validateFormAfterSubmit()[pri:2, instance:com.cybage.assignment.test.toolsqaFormPageTest@1f22eef] output={null}]]]>
              </value>
            </param>
          </params>
          <reporter-output>
          </reporter-output>
        </test-method> <!-- captureAndReport -->
        <test-method status="PASS" signature="testCleanUp()[pri:0, instance:com.cybage.assignment.test.toolsqaFormPageTest@1f22eef]" name="testCleanUp" is-config="true" duration-ms="828" started-at="2021-10-04T05:17:48Z" finished-at="2021-10-04T05:17:49Z">
          <reporter-output>
          </reporter-output>
        </test-method> <!-- testCleanUp -->
        <test-method status="PASS" signature="releaseDriver()[pri:0, instance:com.cybage.assignment.test.toolsqaFormPageTest@1f22eef]" name="releaseDriver" is-config="true" duration-ms="0" started-at="2021-10-04T05:17:49Z" finished-at="2021-10-04T05:17:49Z">
          <reporter-output>
          </reporter-output>
        </test-method> <!-- releaseDriver -->
      </class> <!-- com.cybage.assignment.test.toolsqaFormPageTest -->
    </test> <!-- toolsqaFormTest -->
    <test name="toolsqaWidgetTest" duration-ms="44735" started-at="2021-10-04T05:17:08Z" finished-at="2021-10-04T05:17:53Z">
      <class name="com.cybage.assignment.test.widgetsPageTest">
        <test-method status="PASS" signature="testSetUp()[pri:0, instance:com.cybage.assignment.test.widgetsPageTest@4b8a0]" name="testSetUp" is-config="true" duration-ms="13061" started-at="2021-10-04T05:17:08Z" finished-at="2021-10-04T05:17:21Z">
          <reporter-output>
          </reporter-output>
        </test-method> <!-- testSetUp -->
        <test-method status="PASS" signature="waitToLoadElements()[pri:0, instance:com.cybage.assignment.test.widgetsPageTest@4b8a0]" name="waitToLoadElements" is-config="true" duration-ms="3008" started-at="2021-10-04T05:17:21Z" finished-at="2021-10-04T05:17:24Z">
          <reporter-output>
          </reporter-output>
        </test-method> <!-- waitToLoadElements -->
        <test-method status="PASS" signature="validatePresenceOfWidgetOptions()[pri:0, instance:com.cybage.assignment.test.widgetsPageTest@4b8a0]" name="validatePresenceOfWidgetOptions" duration-ms="431" started-at="2021-10-04T05:17:24Z" finished-at="2021-10-04T05:17:25Z">
          <reporter-output>
          </reporter-output>
        </test-method> <!-- validatePresenceOfWidgetOptions -->
        <test-method status="PASS" signature="captureAndReport(org.testng.ITestResult)[pri:0, instance:com.cybage.assignment.test.widgetsPageTest@4b8a0]" name="captureAndReport" is-config="true" duration-ms="2" started-at="2021-10-04T05:17:25Z" finished-at="2021-10-04T05:17:25Z">
          <params>
            <param index="0">
              <value>
                <![CDATA[[TestResult name=validatePresenceOfWidgetOptions status=SUCCESS method=widgetsPageTest.validatePresenceOfWidgetOptions()[pri:0, instance:com.cybage.assignment.test.widgetsPageTest@4b8a0] output={null}]]]>
              </value>
            </param>
          </params>
          <reporter-output>
          </reporter-output>
        </test-method> <!-- captureAndReport -->
        <test-method status="PASS" signature="waitToLoadElements()[pri:0, instance:com.cybage.assignment.test.widgetsPageTest@4b8a0]" name="waitToLoadElements" is-config="true" duration-ms="3006" started-at="2021-10-04T05:17:25Z" finished-at="2021-10-04T05:17:28Z">
          <reporter-output>
          </reporter-output>
        </test-method> <!-- waitToLoadElements -->
        <test-method status="PASS" signature="validateAccordianPageOperations()[pri:0, instance:com.cybage.assignment.test.widgetsPageTest@4b8a0]" name="validateAccordianPageOperations" duration-ms="4243" started-at="2021-10-04T05:17:28Z" depends-on-methods="com.cybage.assignment.test.widgetsPageTest.validatePresenceOfWidgetOptions" finished-at="2021-10-04T05:17:32Z">
          <reporter-output>
          </reporter-output>
        </test-method> <!-- validateAccordianPageOperations -->
        <test-method status="PASS" signature="captureAndReport(org.testng.ITestResult)[pri:0, instance:com.cybage.assignment.test.widgetsPageTest@4b8a0]" name="captureAndReport" is-config="true" duration-ms="2" started-at="2021-10-04T05:17:32Z" finished-at="2021-10-04T05:17:32Z">
          <params>
            <param index="0">
              <value>
                <![CDATA[[TestResult name=validateAccordianPageOperations status=SUCCESS method=widgetsPageTest.validateAccordianPageOperations()[pri:0, instance:com.cybage.assignment.test.widgetsPageTest@4b8a0] output={null}]]]>
              </value>
            </param>
          </params>
          <reporter-output>
          </reporter-output>
        </test-method> <!-- captureAndReport -->
        <test-method status="PASS" signature="waitToLoadElements()[pri:0, instance:com.cybage.assignment.test.widgetsPageTest@4b8a0]" name="waitToLoadElements" is-config="true" duration-ms="3002" started-at="2021-10-04T05:17:32Z" finished-at="2021-10-04T05:17:35Z">
          <reporter-output>
          </reporter-output>
        </test-method> <!-- waitToLoadElements -->
        <test-method status="PASS" signature="validateAutoCompleteTextBoxes()[pri:0, instance:com.cybage.assignment.test.widgetsPageTest@4b8a0]" name="validateAutoCompleteTextBoxes" duration-ms="4197" started-at="2021-10-04T05:17:35Z" depends-on-methods="com.cybage.assignment.test.widgetsPageTest.validatePresenceOfWidgetOptions" finished-at="2021-10-04T05:17:39Z">
          <reporter-output>
          </reporter-output>
        </test-method> <!-- validateAutoCompleteTextBoxes -->
        <test-method status="PASS" signature="captureAndReport(org.testng.ITestResult)[pri:0, instance:com.cybage.assignment.test.widgetsPageTest@4b8a0]" name="captureAndReport" is-config="true" duration-ms="2" started-at="2021-10-04T05:17:39Z" finished-at="2021-10-04T05:17:39Z">
          <params>
            <param index="0">
              <value>
                <![CDATA[[TestResult name=validateAutoCompleteTextBoxes status=SUCCESS method=widgetsPageTest.validateAutoCompleteTextBoxes()[pri:0, instance:com.cybage.assignment.test.widgetsPageTest@4b8a0] output={null}]]]>
              </value>
            </param>
          </params>
          <reporter-output>
          </reporter-output>
        </test-method> <!-- captureAndReport -->
        <test-method status="PASS" signature="waitToLoadElements()[pri:0, instance:com.cybage.assignment.test.widgetsPageTest@4b8a0]" name="waitToLoadElements" is-config="true" duration-ms="3017" started-at="2021-10-04T05:17:39Z" finished-at="2021-10-04T05:17:42Z">
          <reporter-output>
          </reporter-output>
        </test-method> <!-- waitToLoadElements -->
        <test-method status="PASS" signature="validateDatePickerOperation()[pri:0, instance:com.cybage.assignment.test.widgetsPageTest@4b8a0]" name="validateDatePickerOperation" duration-ms="6002" started-at="2021-10-04T05:17:42Z" depends-on-methods="com.cybage.assignment.test.widgetsPageTest.validatePresenceOfWidgetOptions" finished-at="2021-10-04T05:17:48Z">
          <reporter-output>
          </reporter-output>
        </test-method> <!-- validateDatePickerOperation -->
        <test-method status="PASS" signature="captureAndReport(org.testng.ITestResult)[pri:0, instance:com.cybage.assignment.test.widgetsPageTest@4b8a0]" name="captureAndReport" is-config="true" duration-ms="3" started-at="2021-10-04T05:17:48Z" finished-at="2021-10-04T05:17:48Z">
          <params>
            <param index="0">
              <value>
                <![CDATA[[TestResult name=validateDatePickerOperation status=SUCCESS method=widgetsPageTest.validateDatePickerOperation()[pri:0, instance:com.cybage.assignment.test.widgetsPageTest@4b8a0] output={null}]]]>
              </value>
            </param>
          </params>
          <reporter-output>
          </reporter-output>
        </test-method> <!-- captureAndReport -->
        <test-method status="PASS" signature="testCleanUp()[pri:0, instance:com.cybage.assignment.test.widgetsPageTest@4b8a0]" name="testCleanUp" is-config="true" duration-ms="4757" started-at="2021-10-04T05:17:48Z" finished-at="2021-10-04T05:17:53Z">
          <reporter-output>
          </reporter-output>
        </test-method> <!-- testCleanUp -->
        <test-method status="PASS" signature="releaseDriver()[pri:0, instance:com.cybage.assignment.test.widgetsPageTest@4b8a0]" name="releaseDriver" is-config="true" duration-ms="0" started-at="2021-10-04T05:17:53Z" finished-at="2021-10-04T05:17:53Z">
          <reporter-output>
          </reporter-output>
        </test-method> <!-- releaseDriver -->
      </class> <!-- com.cybage.assignment.test.widgetsPageTest -->
    </test> <!-- toolsqaWidgetTest -->
    <test name="toolsqaWindowTest" duration-ms="61220" started-at="2021-10-04T05:17:08Z" finished-at="2021-10-04T05:18:09Z">
      <class name="com.cybage.assignment.test.alertFrameWindowPageTest">
        <test-method status="PASS" signature="testSetUp()[pri:0, instance:com.cybage.assignment.test.alertFrameWindowPageTest@e4fb39]" name="testSetUp" is-config="true" duration-ms="13081" started-at="2021-10-04T05:17:08Z" finished-at="2021-10-04T05:17:21Z">
          <reporter-output>
          </reporter-output>
        </test-method> <!-- testSetUp -->
        <test-method status="PASS" signature="waitToLoadElements()[pri:0, instance:com.cybage.assignment.test.alertFrameWindowPageTest@e4fb39]" name="waitToLoadElements" is-config="true" duration-ms="3003" started-at="2021-10-04T05:17:21Z" finished-at="2021-10-04T05:17:24Z">
          <reporter-output>
          </reporter-output>
        </test-method> <!-- waitToLoadElements -->
        <test-method status="PASS" signature="validatePresenceOfAlertFrameWindowOptions()[pri:0, instance:com.cybage.assignment.test.alertFrameWindowPageTest@e4fb39]" name="validatePresenceOfAlertFrameWindowOptions" duration-ms="231" started-at="2021-10-04T05:17:24Z" finished-at="2021-10-04T05:17:24Z">
          <reporter-output>
          </reporter-output>
        </test-method> <!-- validatePresenceOfAlertFrameWindowOptions -->
        <test-method status="PASS" signature="captureAndReport(org.testng.ITestResult)[pri:0, instance:com.cybage.assignment.test.alertFrameWindowPageTest@e4fb39]" name="captureAndReport" is-config="true" duration-ms="3" started-at="2021-10-04T05:17:24Z" finished-at="2021-10-04T05:17:24Z">
          <params>
            <param index="0">
              <value>
                <![CDATA[[TestResult name=validatePresenceOfAlertFrameWindowOptions status=SUCCESS method=alertFrameWindowPageTest.validatePresenceOfAlertFrameWindowOptions()[pri:0, instance:com.cybage.assignment.test.alertFrameWindowPageTest@e4fb39] output={null}]]]>
              </value>
            </param>
          </params>
          <reporter-output>
          </reporter-output>
        </test-method> <!-- captureAndReport -->
        <test-method status="PASS" signature="waitToLoadElements()[pri:0, instance:com.cybage.assignment.test.alertFrameWindowPageTest@e4fb39]" name="waitToLoadElements" is-config="true" duration-ms="3004" started-at="2021-10-04T05:17:24Z" finished-at="2021-10-04T05:17:27Z">
          <reporter-output>
          </reporter-output>
        </test-method> <!-- waitToLoadElements -->
        <test-method status="PASS" signature="validateAlertsOption()[pri:0, instance:com.cybage.assignment.test.alertFrameWindowPageTest@e4fb39]" name="validateAlertsOption" duration-ms="18266" started-at="2021-10-04T05:17:27Z" depends-on-methods="com.cybage.assignment.test.alertFrameWindowPageTest.validatePresenceOfAlertFrameWindowOptions" finished-at="2021-10-04T05:17:46Z">
          <reporter-output>
          </reporter-output>
        </test-method> <!-- validateAlertsOption -->
        <test-method status="PASS" signature="captureAndReport(org.testng.ITestResult)[pri:0, instance:com.cybage.assignment.test.alertFrameWindowPageTest@e4fb39]" name="captureAndReport" is-config="true" duration-ms="3" started-at="2021-10-04T05:17:46Z" finished-at="2021-10-04T05:17:46Z">
          <params>
            <param index="0">
              <value>
                <![CDATA[[TestResult name=validateAlertsOption status=SUCCESS method=alertFrameWindowPageTest.validateAlertsOption()[pri:0, instance:com.cybage.assignment.test.alertFrameWindowPageTest@e4fb39] output={null}]]]>
              </value>
            </param>
          </params>
          <reporter-output>
          </reporter-output>
        </test-method> <!-- captureAndReport -->
        <test-method status="PASS" signature="waitToLoadElements()[pri:0, instance:com.cybage.assignment.test.alertFrameWindowPageTest@e4fb39]" name="waitToLoadElements" is-config="true" duration-ms="3001" started-at="2021-10-04T05:17:46Z" finished-at="2021-10-04T05:17:49Z">
          <reporter-output>
          </reporter-output>
        </test-method> <!-- waitToLoadElements -->
        <test-method status="PASS" signature="validateBrowserWindowOptions()[pri:0, instance:com.cybage.assignment.test.alertFrameWindowPageTest@e4fb39]" name="validateBrowserWindowOptions" duration-ms="4940" started-at="2021-10-04T05:17:49Z" depends-on-methods="com.cybage.assignment.test.alertFrameWindowPageTest.validatePresenceOfAlertFrameWindowOptions" finished-at="2021-10-04T05:17:54Z">
          <reporter-output>
          </reporter-output>
        </test-method> <!-- validateBrowserWindowOptions -->
        <test-method status="PASS" signature="captureAndReport(org.testng.ITestResult)[pri:0, instance:com.cybage.assignment.test.alertFrameWindowPageTest@e4fb39]" name="captureAndReport" is-config="true" duration-ms="3" started-at="2021-10-04T05:17:54Z" finished-at="2021-10-04T05:17:54Z">
          <params>
            <param index="0">
              <value>
                <![CDATA[[TestResult name=validateBrowserWindowOptions status=SUCCESS method=alertFrameWindowPageTest.validateBrowserWindowOptions()[pri:0, instance:com.cybage.assignment.test.alertFrameWindowPageTest@e4fb39] output={null}]]]>
              </value>
            </param>
          </params>
          <reporter-output>
          </reporter-output>
        </test-method> <!-- captureAndReport -->
        <test-method status="PASS" signature="waitToLoadElements()[pri:0, instance:com.cybage.assignment.test.alertFrameWindowPageTest@e4fb39]" name="waitToLoadElements" is-config="true" duration-ms="3010" started-at="2021-10-04T05:17:54Z" finished-at="2021-10-04T05:17:57Z">
          <reporter-output>
          </reporter-output>
        </test-method> <!-- waitToLoadElements -->
        <test-method status="PASS" signature="validateIFrameOperations()[pri:0, instance:com.cybage.assignment.test.alertFrameWindowPageTest@e4fb39]" name="validateIFrameOperations" duration-ms="4531" started-at="2021-10-04T05:17:57Z" depends-on-methods="com.cybage.assignment.test.alertFrameWindowPageTest.validatePresenceOfAlertFrameWindowOptions" finished-at="2021-10-04T05:18:01Z">
          <reporter-output>
          </reporter-output>
        </test-method> <!-- validateIFrameOperations -->
        <test-method status="PASS" signature="waitToLoadElements()[pri:0, instance:com.cybage.assignment.test.alertFrameWindowPageTest@e4fb39]" name="waitToLoadElements" is-config="true" duration-ms="3016" started-at="2021-10-04T05:18:01Z" finished-at="2021-10-04T05:18:04Z">
          <reporter-output>
          </reporter-output>
        </test-method> <!-- waitToLoadElements -->
        <test-method status="PASS" signature="captureAndReport(org.testng.ITestResult)[pri:0, instance:com.cybage.assignment.test.alertFrameWindowPageTest@e4fb39]" name="captureAndReport" is-config="true" duration-ms="0" started-at="2021-10-04T05:18:01Z" finished-at="2021-10-04T05:18:01Z">
          <params>
            <param index="0">
              <value>
                <![CDATA[[TestResult name=validateIFrameOperations status=SUCCESS method=alertFrameWindowPageTest.validateIFrameOperations()[pri:0, instance:com.cybage.assignment.test.alertFrameWindowPageTest@e4fb39] output={null}]]]>
              </value>
            </param>
          </params>
          <reporter-output>
          </reporter-output>
        </test-method> <!-- captureAndReport -->
        <test-method status="PASS" signature="validateModalDialogsOperation()[pri:0, instance:com.cybage.assignment.test.alertFrameWindowPageTest@e4fb39]" name="validateModalDialogsOperation" duration-ms="835" started-at="2021-10-04T05:18:04Z" depends-on-methods="com.cybage.assignment.test.alertFrameWindowPageTest.validatePresenceOfAlertFrameWindowOptions" finished-at="2021-10-04T05:18:05Z">
          <reporter-output>
          </reporter-output>
        </test-method> <!-- validateModalDialogsOperation -->
        <test-method status="PASS" signature="captureAndReport(org.testng.ITestResult)[pri:0, instance:com.cybage.assignment.test.alertFrameWindowPageTest@e4fb39]" name="captureAndReport" is-config="true" duration-ms="2" started-at="2021-10-04T05:18:05Z" finished-at="2021-10-04T05:18:05Z">
          <params>
            <param index="0">
              <value>
                <![CDATA[[TestResult name=validateModalDialogsOperation status=SUCCESS method=alertFrameWindowPageTest.validateModalDialogsOperation()[pri:0, instance:com.cybage.assignment.test.alertFrameWindowPageTest@e4fb39] output={null}]]]>
              </value>
            </param>
          </params>
          <reporter-output>
          </reporter-output>
        </test-method> <!-- captureAndReport -->
        <test-method status="PASS" signature="waitToLoadElements()[pri:0, instance:com.cybage.assignment.test.alertFrameWindowPageTest@e4fb39]" name="waitToLoadElements" is-config="true" duration-ms="3007" started-at="2021-10-04T05:18:05Z" finished-at="2021-10-04T05:18:08Z">
          <reporter-output>
          </reporter-output>
        </test-method> <!-- waitToLoadElements -->
        <test-method status="PASS" signature="validateNestedFramesOperation()[pri:0, instance:com.cybage.assignment.test.alertFrameWindowPageTest@e4fb39]" name="validateNestedFramesOperation" duration-ms="500" started-at="2021-10-04T05:18:08Z" depends-on-methods="com.cybage.assignment.test.alertFrameWindowPageTest.validatePresenceOfAlertFrameWindowOptions" finished-at="2021-10-04T05:18:09Z">
          <reporter-output>
          </reporter-output>
        </test-method> <!-- validateNestedFramesOperation -->
        <test-method status="PASS" signature="captureAndReport(org.testng.ITestResult)[pri:0, instance:com.cybage.assignment.test.alertFrameWindowPageTest@e4fb39]" name="captureAndReport" is-config="true" duration-ms="0" started-at="2021-10-04T05:18:09Z" finished-at="2021-10-04T05:18:09Z">
          <params>
            <param index="0">
              <value>
                <![CDATA[[TestResult name=validateNestedFramesOperation status=SUCCESS method=alertFrameWindowPageTest.validateNestedFramesOperation()[pri:0, instance:com.cybage.assignment.test.alertFrameWindowPageTest@e4fb39] output={null}]]]>
              </value>
            </param>
          </params>
          <reporter-output>
          </reporter-output>
        </test-method> <!-- captureAndReport -->
        <test-method status="PASS" signature="testCleanUp()[pri:0, instance:com.cybage.assignment.test.alertFrameWindowPageTest@e4fb39]" name="testCleanUp" is-config="true" duration-ms="782" started-at="2021-10-04T05:18:09Z" finished-at="2021-10-04T05:18:09Z">
          <reporter-output>
          </reporter-output>
        </test-method> <!-- testCleanUp -->
        <test-method status="PASS" signature="releaseDriver()[pri:0, instance:com.cybage.assignment.test.alertFrameWindowPageTest@e4fb39]" name="releaseDriver" is-config="true" duration-ms="0" started-at="2021-10-04T05:18:09Z" finished-at="2021-10-04T05:18:09Z">
          <reporter-output>
          </reporter-output>
        </test-method> <!-- releaseDriver -->
      </class> <!-- com.cybage.assignment.test.alertFrameWindowPageTest -->
    </test> <!-- toolsqaWindowTest -->
    <test name="toolsqaElementTest" duration-ms="697999" started-at="2021-10-04T05:17:08Z" finished-at="2021-10-04T05:28:46Z">
      <class name="com.cybage.assignment.test.toolsqaElementPageTest">
        <test-method status="PASS" signature="testSetUp()[pri:0, instance:com.cybage.assignment.test.toolsqaElementPageTest@10203de]" name="testSetUp" is-config="true" duration-ms="12913" started-at="2021-10-04T05:17:08Z" finished-at="2021-10-04T05:17:21Z">
          <reporter-output>
          </reporter-output>
        </test-method> <!-- testSetUp -->
        <test-method status="PASS" signature="waitToLoadElements()[pri:0, instance:com.cybage.assignment.test.toolsqaElementPageTest@10203de]" name="waitToLoadElements" is-config="true" duration-ms="3006" started-at="2021-10-04T05:17:21Z" finished-at="2021-10-04T05:17:24Z">
          <reporter-output>
          </reporter-output>
        </test-method> <!-- waitToLoadElements -->
        <test-method status="PASS" signature="validateElementScreen()[pri:0, instance:com.cybage.assignment.test.toolsqaElementPageTest@10203de]" name="validateElementScreen" duration-ms="427" started-at="2021-10-04T05:17:24Z" finished-at="2021-10-04T05:17:24Z">
          <reporter-output>
          </reporter-output>
        </test-method> <!-- validateElementScreen -->
        <test-method status="PASS" signature="captureAndReport(org.testng.ITestResult)[pri:0, instance:com.cybage.assignment.test.toolsqaElementPageTest@10203de]" name="captureAndReport" is-config="true" duration-ms="2" started-at="2021-10-04T05:17:24Z" finished-at="2021-10-04T05:17:24Z">
          <params>
            <param index="0">
              <value>
                <![CDATA[[TestResult name=validateElementScreen status=SUCCESS method=toolsqaElementPageTest.validateElementScreen()[pri:0, instance:com.cybage.assignment.test.toolsqaElementPageTest@10203de] output={null}]]]>
              </value>
            </param>
          </params>
          <reporter-output>
          </reporter-output>
        </test-method> <!-- captureAndReport -->
        <test-method status="PASS" signature="waitToLoadElements()[pri:0, instance:com.cybage.assignment.test.toolsqaElementPageTest@10203de]" name="waitToLoadElements" is-config="true" duration-ms="3013" started-at="2021-10-04T05:17:24Z" finished-at="2021-10-04T05:17:27Z">
          <reporter-output>
          </reporter-output>
        </test-method> <!-- waitToLoadElements -->
        <test-method status="SKIP" signature="validateBrokenLinkImagesOperations()[pri:0, instance:com.cybage.assignment.test.toolsqaElementPageTest@10203de]" name="validateBrokenLinkImagesOperations" duration-ms="620800" started-at="2021-10-04T05:17:27Z" depends-on-methods="com.cybage.assignment.test.toolsqaElementPageTest.validateElementScreen" finished-at="2021-10-04T05:27:48Z">
          <exception class="org.openqa.selenium.WebDriverException">
            <message>
              <![CDATA[chrome not reachable
  (Session info: chrome=94.0.4606.61)
Build info: version: '3.141.59', revision: 'e82be7d358', time: '2018-11-14T08:17:03'
System info: host: 'SACHINTAW-W10', ip: '172.27.85.17', os.name: 'Windows 10', os.arch: 'x86', os.version: '10.0', java.version: '1.8.0_171'
Driver info: org.openqa.selenium.chrome.ChromeDriver
Capabilities {acceptInsecureCerts: true, browserName: chrome, browserVersion: 94.0.4606.61, chrome: {chromedriverVersion: 93.0.4577.15 (660fc11082ba5..., userDataDir: C:\Users\SACHIN~1\AppData\L...}, goog:chromeOptions: {debuggerAddress: localhost:58822}, javascriptEnabled: true, networkConnectionEnabled: false, pageLoadStrategy: normal, platform: WINDOWS, platformName: WINDOWS, proxy: Proxy(), setWindowRect: true, strictFileInteractability: false, timeouts: {implicit: 0, pageLoad: 300000, script: 30000}, unhandledPromptBehavior: dismiss and notify, webauthn:extension:credBlob: true, webauthn:extension:largeBlob: true, webauthn:virtualAuthenticators: true}
Session ID: 3274ba838aaeb49d70d6ff904f38728f]]>
            </message>
            <full-stacktrace>
              <![CDATA[org.openqa.selenium.WebDriverException: chrome not reachable
  (Session info: chrome=94.0.4606.61)
Build info: version: '3.141.59', revision: 'e82be7d358', time: '2018-11-14T08:17:03'
System info: host: 'SACHINTAW-W10', ip: '172.27.85.17', os.name: 'Windows 10', os.arch: 'x86', os.version: '10.0', java.version: '1.8.0_171'
Driver info: org.openqa.selenium.chrome.ChromeDriver
Capabilities {acceptInsecureCerts: true, browserName: chrome, browserVersion: 94.0.4606.61, chrome: {chromedriverVersion: 93.0.4577.15 (660fc11082ba5..., userDataDir: C:\Users\SACHIN~1\AppData\L...}, goog:chromeOptions: {debuggerAddress: localhost:58822}, javascriptEnabled: true, networkConnectionEnabled: false, pageLoadStrategy: normal, platform: WINDOWS, platformName: WINDOWS, proxy: Proxy(), setWindowRect: true, strictFileInteractability: false, timeouts: {implicit: 0, pageLoad: 300000, script: 30000}, unhandledPromptBehavior: dismiss and notify, webauthn:extension:credBlob: true, webauthn:extension:largeBlob: true, webauthn:virtualAuthenticators: true}
Session ID: 3274ba838aaeb49d70d6ff904f38728f
at sun.reflect.NativeConstructorAccessorImpl.newInstance0(Native Method)
at sun.reflect.NativeConstructorAccessorImpl.newInstance(NativeConstructorAccessorImpl.java:62)
at sun.reflect.DelegatingConstructorAccessorImpl.newInstance(DelegatingConstructorAccessorImpl.java:45)
at java.lang.reflect.Constructor.newInstance(Constructor.java:423)
at org.openqa.selenium.remote.http.W3CHttpResponseCodec.createException(W3CHttpResponseCodec.java:187)
at org.openqa.selenium.remote.http.W3CHttpResponseCodec.decode(W3CHttpResponseCodec.java:122)
at org.openqa.selenium.remote.http.W3CHttpResponseCodec.decode(W3CHttpResponseCodec.java:49)
at org.openqa.selenium.remote.HttpCommandExecutor.execute(HttpCommandExecutor.java:158)
at org.openqa.selenium.remote.service.DriverCommandExecutor.execute(DriverCommandExecutor.java:83)
at org.openqa.selenium.remote.RemoteWebDriver.execute(RemoteWebDriver.java:552)
at org.openqa.selenium.remote.RemoteWebDriver.execute(RemoteWebDriver.java:609)
at org.openqa.selenium.remote.RemoteWebDriver$RemoteNavigation.back(RemoteWebDriver.java:849)
at com.cybage.assignment.page.elementsPage.checkBrokenLink(elementsPage.java:424)
at com.cybage.assignment.test.toolsqaElementPageTest.validateBrokenLinkImagesOperations(toolsqaElementPageTest.java:148)
at sun.reflect.NativeMethodAccessorImpl.invoke0(Native Method)
at sun.reflect.NativeMethodAccessorImpl.invoke(NativeMethodAccessorImpl.java:62)
at sun.reflect.DelegatingMethodAccessorImpl.invoke(DelegatingMethodAccessorImpl.java:43)
at java.lang.reflect.Method.invoke(Method.java:498)
at org.testng.internal.MethodInvocationHelper.invokeMethod(MethodInvocationHelper.java:124)
at org.testng.internal.Invoker.invokeMethod(Invoker.java:583)
at org.testng.internal.Invoker.invokeTestMethod(Invoker.java:719)
at org.testng.internal.Invoker.invokeTestMethods(Invoker.java:989)
at org.testng.internal.TestMethodWorker.invokeTestMethods(TestMethodWorker.java:125)
at org.testng.internal.TestMethodWorker.run(TestMethodWorker.java:109)
at org.testng.TestRunner.privateRun(TestRunner.java:648)
at org.testng.TestRunner.run(TestRunner.java:505)
at org.testng.SuiteRunner.runTest(SuiteRunner.java:455)
at org.testng.SuiteRunner.access$000(SuiteRunner.java:40)
at org.testng.SuiteRunner$SuiteWorker.run(SuiteRunner.java:489)
at org.testng.internal.thread.ThreadUtil$1.call(ThreadUtil.java:52)
at java.util.concurrent.FutureTask.run(FutureTask.java:266)
at java.util.concurrent.ThreadPoolExecutor.runWorker(ThreadPoolExecutor.java:1149)
at java.util.concurrent.ThreadPoolExecutor$Worker.run(ThreadPoolExecutor.java:624)
at java.lang.Thread.run(Thread.java:748)
]]>
            </full-stacktrace>
          </exception> <!-- org.openqa.selenium.WebDriverException -->
          <reporter-output>
          </reporter-output>
        </test-method> <!-- validateBrokenLinkImagesOperations -->
        <test-method status="PASS" signature="captureAndReport(org.testng.ITestResult)[pri:0, instance:com.cybage.assignment.test.toolsqaElementPageTest@10203de]" name="captureAndReport" is-config="true" duration-ms="16" started-at="2021-10-04T05:27:48Z" finished-at="2021-10-04T05:27:48Z">
          <params>
            <param index="0">
              <value>
                <![CDATA[[TestResult name=validateBrokenLinkImagesOperations status=SKIP method=toolsqaElementPageTest.validateBrokenLinkImagesOperations()[pri:0, instance:com.cybage.assignment.test.toolsqaElementPageTest@10203de] output={null}]]]>
              </value>
            </param>
          </params>
          <reporter-output>
          </reporter-output>
        </test-method> <!-- captureAndReport -->
        <test-method status="PASS" signature="waitToLoadElements()[pri:0, instance:com.cybage.assignment.test.toolsqaElementPageTest@10203de]" name="waitToLoadElements" is-config="true" duration-ms="3015" started-at="2021-10-04T05:27:48Z" finished-at="2021-10-04T05:27:51Z">
          <reporter-output>
          </reporter-output>
        </test-method> <!-- waitToLoadElements -->
        <test-method status="SKIP" signature="validateBrokenLinkImagesOperations()[pri:0, instance:com.cybage.assignment.test.toolsqaElementPageTest@10203de]" name="validateBrokenLinkImagesOperations" duration-ms="12125" started-at="2021-10-04T05:27:51Z" depends-on-methods="com.cybage.assignment.test.toolsqaElementPageTest.validateElementScreen" finished-at="2021-10-04T05:28:03Z">
          <exception class="org.openqa.selenium.WebDriverException">
            <message>
              <![CDATA[chrome not reachable
  (Session info: chrome=94.0.4606.61)
Build info: version: '3.141.59', revision: 'e82be7d358', time: '2018-11-14T08:17:03'
System info: host: 'SACHINTAW-W10', ip: '172.27.85.17', os.name: 'Windows 10', os.arch: 'x86', os.version: '10.0', java.version: '1.8.0_171'
Driver info: org.openqa.selenium.chrome.ChromeDriver
Capabilities {acceptInsecureCerts: true, browserName: chrome, browserVersion: 94.0.4606.61, chrome: {chromedriverVersion: 93.0.4577.15 (660fc11082ba5..., userDataDir: C:\Users\SACHIN~1\AppData\L...}, goog:chromeOptions: {debuggerAddress: localhost:58822}, javascriptEnabled: true, networkConnectionEnabled: false, pageLoadStrategy: normal, platform: WINDOWS, platformName: WINDOWS, proxy: Proxy(), setWindowRect: true, strictFileInteractability: false, timeouts: {implicit: 0, pageLoad: 300000, script: 30000}, unhandledPromptBehavior: dismiss and notify, webauthn:extension:credBlob: true, webauthn:extension:largeBlob: true, webauthn:virtualAuthenticators: true}
Session ID: 3274ba838aaeb49d70d6ff904f38728f
*** Element info: {Using=xpath, value=//div[@class='element-list collapse show']//ul//li[7]}]]>
            </message>
            <full-stacktrace>
              <![CDATA[org.openqa.selenium.WebDriverException: chrome not reachable
  (Session info: chrome=94.0.4606.61)
Build info: version: '3.141.59', revision: 'e82be7d358', time: '2018-11-14T08:17:03'
System info: host: 'SACHINTAW-W10', ip: '172.27.85.17', os.name: 'Windows 10', os.arch: 'x86', os.version: '10.0', java.version: '1.8.0_171'
Driver info: org.openqa.selenium.chrome.ChromeDriver
Capabilities {acceptInsecureCerts: true, browserName: chrome, browserVersion: 94.0.4606.61, chrome: {chromedriverVersion: 93.0.4577.15 (660fc11082ba5..., userDataDir: C:\Users\SACHIN~1\AppData\L...}, goog:chromeOptions: {debuggerAddress: localhost:58822}, javascriptEnabled: true, networkConnectionEnabled: false, pageLoadStrategy: normal, platform: WINDOWS, platformName: WINDOWS, proxy: Proxy(), setWindowRect: true, strictFileInteractability: false, timeouts: {implicit: 0, pageLoad: 300000, script: 30000}, unhandledPromptBehavior: dismiss and notify, webauthn:extension:credBlob: true, webauthn:extension:largeBlob: true, webauthn:virtualAuthenticators: true}
Session ID: 3274ba838aaeb49d70d6ff904f38728f
*** Element info: {Using=xpath, value=//div[@class='element-list collapse show']//ul//li[7]}
at sun.reflect.NativeConstructorAccessorImpl.newInstance0(Native Method)
at sun.reflect.NativeConstructorAccessorImpl.newInstance(NativeConstructorAccessorImpl.java:62)
at sun.reflect.DelegatingConstructorAccessorImpl.newInstance(DelegatingConstructorAccessorImpl.java:45)
at java.lang.reflect.Constructor.newInstance(Constructor.java:423)
at org.openqa.selenium.remote.http.W3CHttpResponseCodec.createException(W3CHttpResponseCodec.java:187)
at org.openqa.selenium.remote.http.W3CHttpResponseCodec.decode(W3CHttpResponseCodec.java:122)
at org.openqa.selenium.remote.http.W3CHttpResponseCodec.decode(W3CHttpResponseCodec.java:49)
at org.openqa.selenium.remote.HttpCommandExecutor.execute(HttpCommandExecutor.java:158)
at org.openqa.selenium.remote.service.DriverCommandExecutor.execute(DriverCommandExecutor.java:83)
at org.openqa.selenium.remote.RemoteWebDriver.execute(RemoteWebDriver.java:552)
at org.openqa.selenium.remote.RemoteWebDriver.findElement(RemoteWebDriver.java:323)
at org.openqa.selenium.remote.RemoteWebDriver.findElementByXPath(RemoteWebDriver.java:428)
at org.openqa.selenium.By$ByXPath.findElement(By.java:353)
at org.openqa.selenium.remote.RemoteWebDriver.findElement(RemoteWebDriver.java:315)
at org.openqa.selenium.support.pagefactory.DefaultElementLocator.findElement(DefaultElementLocator.java:69)
at org.openqa.selenium.support.pagefactory.internal.LocatingElementHandler.invoke(LocatingElementHandler.java:38)
at com.sun.proxy.$Proxy34.getWrappedElement(Unknown Source)
at org.openqa.selenium.remote.internal.WebElementToJsonConverter.apply(WebElementToJsonConverter.java:50)
at java.util.stream.ReferencePipeline$3$1.accept(ReferencePipeline.java:193)
at java.util.Spliterators$ArraySpliterator.forEachRemaining(Spliterators.java:948)
at java.util.stream.AbstractPipeline.copyInto(AbstractPipeline.java:481)
at java.util.stream.AbstractPipeline.wrapAndCopyInto(AbstractPipeline.java:471)
at java.util.stream.ReduceOps$ReduceOp.evaluateSequential(ReduceOps.java:708)
at java.util.stream.AbstractPipeline.evaluate(AbstractPipeline.java:234)
at java.util.stream.ReferencePipeline.collect(ReferencePipeline.java:499)
at org.openqa.selenium.remote.RemoteWebDriver.executeScript(RemoteWebDriver.java:484)
at com.cybage.assignment.objects.utilities.scrollIntoView(utilities.java:162)
at com.cybage.assignment.page.elementsPage.checkPresenceOfBrokenLinkImagesOption(elementsPage.java:393)
at com.cybage.assignment.test.toolsqaElementPageTest.validateBrokenLinkImagesOperations(toolsqaElementPageTest.java:144)
at sun.reflect.NativeMethodAccessorImpl.invoke0(Native Method)
at sun.reflect.NativeMethodAccessorImpl.invoke(NativeMethodAccessorImpl.java:62)
at sun.reflect.DelegatingMethodAccessorImpl.invoke(DelegatingMethodAccessorImpl.java:43)
at java.lang.reflect.Method.invoke(Method.java:498)
at org.testng.internal.MethodInvocationHelper.invokeMethod(MethodInvocationHelper.java:124)
at org.testng.internal.Invoker.invokeMethod(Invoker.java:583)
at org.testng.internal.Invoker.retryFailed(Invoker.java:839)
at org.testng.internal.Invoker.invokeTestMethods(Invoker.java:1010)
at org.testng.internal.TestMethodWorker.invokeTestMethods(TestMethodWorker.java:125)
at org.testng.internal.TestMethodWorker.run(TestMethodWorker.java:109)
at org.testng.TestRunner.privateRun(TestRunner.java:648)
at org.testng.TestRunner.run(TestRunner.java:505)
at org.testng.SuiteRunner.runTest(SuiteRunner.java:455)
at org.testng.SuiteRunner.access$000(SuiteRunner.java:40)
at org.testng.SuiteRunner$SuiteWorker.run(SuiteRunner.java:489)
at org.testng.internal.thread.ThreadUtil$1.call(ThreadUtil.java:52)
at java.util.concurrent.FutureTask.run(FutureTask.java:266)
at java.util.concurrent.ThreadPoolExecutor.runWorker(ThreadPoolExecutor.java:1149)
at java.util.concurrent.ThreadPoolExecutor$Worker.run(ThreadPoolExecutor.java:624)
at java.lang.Thread.run(Thread.java:748)
]]>
            </full-stacktrace>
          </exception> <!-- org.openqa.selenium.WebDriverException -->
          <reporter-output>
          </reporter-output>
        </test-method> <!-- validateBrokenLinkImagesOperations -->
        <test-method status="PASS" signature="waitToLoadElements()[pri:0, instance:com.cybage.assignment.test.toolsqaElementPageTest@10203de]" name="waitToLoadElements" is-config="true" duration-ms="3016" started-at="2021-10-04T05:28:03Z" finished-at="2021-10-04T05:28:06Z">
          <reporter-output>
          </reporter-output>
        </test-method> <!-- waitToLoadElements -->
        <test-method status="PASS" signature="captureAndReport(org.testng.ITestResult)[pri:0, instance:com.cybage.assignment.test.toolsqaElementPageTest@10203de]" name="captureAndReport" is-config="true" duration-ms="0" started-at="2021-10-04T05:28:03Z" finished-at="2021-10-04T05:28:03Z">
          <params>
            <param index="0">
              <value>
                <![CDATA[[TestResult name=validateBrokenLinkImagesOperations status=SKIP method=toolsqaElementPageTest.validateBrokenLinkImagesOperations()[pri:0, instance:com.cybage.assignment.test.toolsqaElementPageTest@10203de] output={null}]]]>
              </value>
            </param>
          </params>
          <reporter-output>
          </reporter-output>
        </test-method> <!-- captureAndReport -->
        <test-method status="SKIP" signature="validateBrokenLinkImagesOperations()[pri:0, instance:com.cybage.assignment.test.toolsqaElementPageTest@10203de]" name="validateBrokenLinkImagesOperations" duration-ms="12202" started-at="2021-10-04T05:28:06Z" depends-on-methods="com.cybage.assignment.test.toolsqaElementPageTest.validateElementScreen" finished-at="2021-10-04T05:28:19Z">
          <exception class="org.openqa.selenium.WebDriverException">
            <message>
              <![CDATA[chrome not reachable
  (Session info: chrome=94.0.4606.61)
Build info: version: '3.141.59', revision: 'e82be7d358', time: '2018-11-14T08:17:03'
System info: host: 'SACHINTAW-W10', ip: '172.27.85.17', os.name: 'Windows 10', os.arch: 'x86', os.version: '10.0', java.version: '1.8.0_171'
Driver info: org.openqa.selenium.chrome.ChromeDriver
Capabilities {acceptInsecureCerts: true, browserName: chrome, browserVersion: 94.0.4606.61, chrome: {chromedriverVersion: 93.0.4577.15 (660fc11082ba5..., userDataDir: C:\Users\SACHIN~1\AppData\L...}, goog:chromeOptions: {debuggerAddress: localhost:58822}, javascriptEnabled: true, networkConnectionEnabled: false, pageLoadStrategy: normal, platform: WINDOWS, platformName: WINDOWS, proxy: Proxy(), setWindowRect: true, strictFileInteractability: false, timeouts: {implicit: 0, pageLoad: 300000, script: 30000}, unhandledPromptBehavior: dismiss and notify, webauthn:extension:credBlob: true, webauthn:extension:largeBlob: true, webauthn:virtualAuthenticators: true}
Session ID: 3274ba838aaeb49d70d6ff904f38728f
*** Element info: {Using=xpath, value=//div[@class='element-list collapse show']//ul//li[7]}]]>
            </message>
            <full-stacktrace>
              <![CDATA[org.openqa.selenium.WebDriverException: chrome not reachable
  (Session info: chrome=94.0.4606.61)
Build info: version: '3.141.59', revision: 'e82be7d358', time: '2018-11-14T08:17:03'
System info: host: 'SACHINTAW-W10', ip: '172.27.85.17', os.name: 'Windows 10', os.arch: 'x86', os.version: '10.0', java.version: '1.8.0_171'
Driver info: org.openqa.selenium.chrome.ChromeDriver
Capabilities {acceptInsecureCerts: true, browserName: chrome, browserVersion: 94.0.4606.61, chrome: {chromedriverVersion: 93.0.4577.15 (660fc11082ba5..., userDataDir: C:\Users\SACHIN~1\AppData\L...}, goog:chromeOptions: {debuggerAddress: localhost:58822}, javascriptEnabled: true, networkConnectionEnabled: false, pageLoadStrategy: normal, platform: WINDOWS, platformName: WINDOWS, proxy: Proxy(), setWindowRect: true, strictFileInteractability: false, timeouts: {implicit: 0, pageLoad: 300000, script: 30000}, unhandledPromptBehavior: dismiss and notify, webauthn:extension:credBlob: true, webauthn:extension:largeBlob: true, webauthn:virtualAuthenticators: true}
Session ID: 3274ba838aaeb49d70d6ff904f38728f
*** Element info: {Using=xpath, value=//div[@class='element-list collapse show']//ul//li[7]}
at sun.reflect.NativeConstructorAccessorImpl.newInstance0(Native Method)
at sun.reflect.NativeConstructorAccessorImpl.newInstance(NativeConstructorAccessorImpl.java:62)
at sun.reflect.DelegatingConstructorAccessorImpl.newInstance(DelegatingConstructorAccessorImpl.java:45)
at java.lang.reflect.Constructor.newInstance(Constructor.java:423)
at org.openqa.selenium.remote.http.W3CHttpResponseCodec.createException(W3CHttpResponseCodec.java:187)
at org.openqa.selenium.remote.http.W3CHttpResponseCodec.decode(W3CHttpResponseCodec.java:122)
at org.openqa.selenium.remote.http.W3CHttpResponseCodec.decode(W3CHttpResponseCodec.java:49)
at org.openqa.selenium.remote.HttpCommandExecutor.execute(HttpCommandExecutor.java:158)
at org.openqa.selenium.remote.service.DriverCommandExecutor.execute(DriverCommandExecutor.java:83)
at org.openqa.selenium.remote.RemoteWebDriver.execute(RemoteWebDriver.java:552)
at org.openqa.selenium.remote.RemoteWebDriver.findElement(RemoteWebDriver.java:323)
at org.openqa.selenium.remote.RemoteWebDriver.findElementByXPath(RemoteWebDriver.java:428)
at org.openqa.selenium.By$ByXPath.findElement(By.java:353)
at org.openqa.selenium.remote.RemoteWebDriver.findElement(RemoteWebDriver.java:315)
at org.openqa.selenium.support.pagefactory.DefaultElementLocator.findElement(DefaultElementLocator.java:69)
at org.openqa.selenium.support.pagefactory.internal.LocatingElementHandler.invoke(LocatingElementHandler.java:38)
at com.sun.proxy.$Proxy34.getWrappedElement(Unknown Source)
at org.openqa.selenium.remote.internal.WebElementToJsonConverter.apply(WebElementToJsonConverter.java:50)
at java.util.stream.ReferencePipeline$3$1.accept(ReferencePipeline.java:193)
at java.util.Spliterators$ArraySpliterator.forEachRemaining(Spliterators.java:948)
at java.util.stream.AbstractPipeline.copyInto(AbstractPipeline.java:481)
at java.util.stream.AbstractPipeline.wrapAndCopyInto(AbstractPipeline.java:471)
at java.util.stream.ReduceOps$ReduceOp.evaluateSequential(ReduceOps.java:708)
at java.util.stream.AbstractPipeline.evaluate(AbstractPipeline.java:234)
at java.util.stream.ReferencePipeline.collect(ReferencePipeline.java:499)
at org.openqa.selenium.remote.RemoteWebDriver.executeScript(RemoteWebDriver.java:484)
at com.cybage.assignment.objects.utilities.scrollIntoView(utilities.java:162)
at com.cybage.assignment.page.elementsPage.checkPresenceOfBrokenLinkImagesOption(elementsPage.java:393)
at com.cybage.assignment.test.toolsqaElementPageTest.validateBrokenLinkImagesOperations(toolsqaElementPageTest.java:144)
at sun.reflect.NativeMethodAccessorImpl.invoke0(Native Method)
at sun.reflect.NativeMethodAccessorImpl.invoke(NativeMethodAccessorImpl.java:62)
at sun.reflect.DelegatingMethodAccessorImpl.invoke(DelegatingMethodAccessorImpl.java:43)
at java.lang.reflect.Method.invoke(Method.java:498)
at org.testng.internal.MethodInvocationHelper.invokeMethod(MethodInvocationHelper.java:124)
at org.testng.internal.Invoker.invokeMethod(Invoker.java:583)
at org.testng.internal.Invoker.retryFailed(Invoker.java:839)
at org.testng.internal.Invoker.invokeTestMethods(Invoker.java:1010)
at org.testng.internal.TestMethodWorker.invokeTestMethods(TestMethodWorker.java:125)
at org.testng.internal.TestMethodWorker.run(TestMethodWorker.java:109)
at org.testng.TestRunner.privateRun(TestRunner.java:648)
at org.testng.TestRunner.run(TestRunner.java:505)
at org.testng.SuiteRunner.runTest(SuiteRunner.java:455)
at org.testng.SuiteRunner.access$000(SuiteRunner.java:40)
at org.testng.SuiteRunner$SuiteWorker.run(SuiteRunner.java:489)
at org.testng.internal.thread.ThreadUtil$1.call(ThreadUtil.java:52)
at java.util.concurrent.FutureTask.run(FutureTask.java:266)
at java.util.concurrent.ThreadPoolExecutor.runWorker(ThreadPoolExecutor.java:1149)
at java.util.concurrent.ThreadPoolExecutor$Worker.run(ThreadPoolExecutor.java:624)
at java.lang.Thread.run(Thread.java:748)
]]>
            </full-stacktrace>
          </exception> <!-- org.openqa.selenium.WebDriverException -->
          <reporter-output>
          </reporter-output>
        </test-method> <!-- validateBrokenLinkImagesOperations -->
        <test-method status="PASS" signature="waitToLoadElements()[pri:0, instance:com.cybage.assignment.test.toolsqaElementPageTest@10203de]" name="waitToLoadElements" is-config="true" duration-ms="3016" started-at="2021-10-04T05:28:19Z" finished-at="2021-10-04T05:28:22Z">
          <reporter-output>
          </reporter-output>
        </test-method> <!-- waitToLoadElements -->
        <test-method status="PASS" signature="captureAndReport(org.testng.ITestResult)[pri:0, instance:com.cybage.assignment.test.toolsqaElementPageTest@10203de]" name="captureAndReport" is-config="true" duration-ms="0" started-at="2021-10-04T05:28:19Z" finished-at="2021-10-04T05:28:19Z">
          <params>
            <param index="0">
              <value>
                <![CDATA[[TestResult name=validateBrokenLinkImagesOperations status=SKIP method=toolsqaElementPageTest.validateBrokenLinkImagesOperations()[pri:0, instance:com.cybage.assignment.test.toolsqaElementPageTest@10203de] output={null}]]]>
              </value>
            </param>
          </params>
          <reporter-output>
          </reporter-output>
        </test-method> <!-- captureAndReport -->
        <test-method status="FAIL" signature="validateBrokenLinkImagesOperations()[pri:0, instance:com.cybage.assignment.test.toolsqaElementPageTest@10203de]" name="validateBrokenLinkImagesOperations" duration-ms="12188" started-at="2021-10-04T05:28:22Z" depends-on-methods="com.cybage.assignment.test.toolsqaElementPageTest.validateElementScreen" finished-at="2021-10-04T05:28:34Z">
          <exception class="org.openqa.selenium.WebDriverException">
            <message>
              <![CDATA[chrome not reachable
  (Session info: chrome=94.0.4606.61)
Build info: version: '3.141.59', revision: 'e82be7d358', time: '2018-11-14T08:17:03'
System info: host: 'SACHINTAW-W10', ip: '172.27.85.17', os.name: 'Windows 10', os.arch: 'x86', os.version: '10.0', java.version: '1.8.0_171'
Driver info: org.openqa.selenium.chrome.ChromeDriver
Capabilities {acceptInsecureCerts: true, browserName: chrome, browserVersion: 94.0.4606.61, chrome: {chromedriverVersion: 93.0.4577.15 (660fc11082ba5..., userDataDir: C:\Users\SACHIN~1\AppData\L...}, goog:chromeOptions: {debuggerAddress: localhost:58822}, javascriptEnabled: true, networkConnectionEnabled: false, pageLoadStrategy: normal, platform: WINDOWS, platformName: WINDOWS, proxy: Proxy(), setWindowRect: true, strictFileInteractability: false, timeouts: {implicit: 0, pageLoad: 300000, script: 30000}, unhandledPromptBehavior: dismiss and notify, webauthn:extension:credBlob: true, webauthn:extension:largeBlob: true, webauthn:virtualAuthenticators: true}
Session ID: 3274ba838aaeb49d70d6ff904f38728f
*** Element info: {Using=xpath, value=//div[@class='element-list collapse show']//ul//li[7]}]]>
            </message>
            <full-stacktrace>
              <![CDATA[org.openqa.selenium.WebDriverException: chrome not reachable
  (Session info: chrome=94.0.4606.61)
Build info: version: '3.141.59', revision: 'e82be7d358', time: '2018-11-14T08:17:03'
System info: host: 'SACHINTAW-W10', ip: '172.27.85.17', os.name: 'Windows 10', os.arch: 'x86', os.version: '10.0', java.version: '1.8.0_171'
Driver info: org.openqa.selenium.chrome.ChromeDriver
Capabilities {acceptInsecureCerts: true, browserName: chrome, browserVersion: 94.0.4606.61, chrome: {chromedriverVersion: 93.0.4577.15 (660fc11082ba5..., userDataDir: C:\Users\SACHIN~1\AppData\L...}, goog:chromeOptions: {debuggerAddress: localhost:58822}, javascriptEnabled: true, networkConnectionEnabled: false, pageLoadStrategy: normal, platform: WINDOWS, platformName: WINDOWS, proxy: Proxy(), setWindowRect: true, strictFileInteractability: false, timeouts: {implicit: 0, pageLoad: 300000, script: 30000}, unhandledPromptBehavior: dismiss and notify, webauthn:extension:credBlob: true, webauthn:extension:largeBlob: true, webauthn:virtualAuthenticators: true}
Session ID: 3274ba838aaeb49d70d6ff904f38728f
*** Element info: {Using=xpath, value=//div[@class='element-list collapse show']//ul//li[7]}
at sun.reflect.NativeConstructorAccessorImpl.newInstance0(Native Method)
at sun.reflect.NativeConstructorAccessorImpl.newInstance(NativeConstructorAccessorImpl.java:62)
at sun.reflect.DelegatingConstructorAccessorImpl.newInstance(DelegatingConstructorAccessorImpl.java:45)
at java.lang.reflect.Constructor.newInstance(Constructor.java:423)
at org.openqa.selenium.remote.http.W3CHttpResponseCodec.createException(W3CHttpResponseCodec.java:187)
at org.openqa.selenium.remote.http.W3CHttpResponseCodec.decode(W3CHttpResponseCodec.java:122)
at org.openqa.selenium.remote.http.W3CHttpResponseCodec.decode(W3CHttpResponseCodec.java:49)
at org.openqa.selenium.remote.HttpCommandExecutor.execute(HttpCommandExecutor.java:158)
at org.openqa.selenium.remote.service.DriverCommandExecutor.execute(DriverCommandExecutor.java:83)
at org.openqa.selenium.remote.RemoteWebDriver.execute(RemoteWebDriver.java:552)
at org.openqa.selenium.remote.RemoteWebDriver.findElement(RemoteWebDriver.java:323)
at org.openqa.selenium.remote.RemoteWebDriver.findElementByXPath(RemoteWebDriver.java:428)
at org.openqa.selenium.By$ByXPath.findElement(By.java:353)
at org.openqa.selenium.remote.RemoteWebDriver.findElement(RemoteWebDriver.java:315)
at org.openqa.selenium.support.pagefactory.DefaultElementLocator.findElement(DefaultElementLocator.java:69)
at org.openqa.selenium.support.pagefactory.internal.LocatingElementHandler.invoke(LocatingElementHandler.java:38)
at com.sun.proxy.$Proxy34.getWrappedElement(Unknown Source)
at org.openqa.selenium.remote.internal.WebElementToJsonConverter.apply(WebElementToJsonConverter.java:50)
at java.util.stream.ReferencePipeline$3$1.accept(ReferencePipeline.java:193)
at java.util.Spliterators$ArraySpliterator.forEachRemaining(Spliterators.java:948)
at java.util.stream.AbstractPipeline.copyInto(AbstractPipeline.java:481)
at java.util.stream.AbstractPipeline.wrapAndCopyInto(AbstractPipeline.java:471)
at java.util.stream.ReduceOps$ReduceOp.evaluateSequential(ReduceOps.java:708)
at java.util.stream.AbstractPipeline.evaluate(AbstractPipeline.java:234)
at java.util.stream.ReferencePipeline.collect(ReferencePipeline.java:499)
at org.openqa.selenium.remote.RemoteWebDriver.executeScript(RemoteWebDriver.java:484)
at com.cybage.assignment.objects.utilities.scrollIntoView(utilities.java:162)
at com.cybage.assignment.page.elementsPage.checkPresenceOfBrokenLinkImagesOption(elementsPage.java:393)
at com.cybage.assignment.test.toolsqaElementPageTest.validateBrokenLinkImagesOperations(toolsqaElementPageTest.java:144)
at sun.reflect.NativeMethodAccessorImpl.invoke0(Native Method)
at sun.reflect.NativeMethodAccessorImpl.invoke(NativeMethodAccessorImpl.java:62)
at sun.reflect.DelegatingMethodAccessorImpl.invoke(DelegatingMethodAccessorImpl.java:43)
at java.lang.reflect.Method.invoke(Method.java:498)
at org.testng.internal.MethodInvocationHelper.invokeMethod(MethodInvocationHelper.java:124)
at org.testng.internal.Invoker.invokeMethod(Invoker.java:583)
at org.testng.internal.Invoker.retryFailed(Invoker.java:839)
at org.testng.internal.Invoker.invokeTestMethods(Invoker.java:1010)
at org.testng.internal.TestMethodWorker.invokeTestMethods(TestMethodWorker.java:125)
at org.testng.internal.TestMethodWorker.run(TestMethodWorker.java:109)
at org.testng.TestRunner.privateRun(TestRunner.java:648)
at org.testng.TestRunner.run(TestRunner.java:505)
at org.testng.SuiteRunner.runTest(SuiteRunner.java:455)
at org.testng.SuiteRunner.access$000(SuiteRunner.java:40)
at org.testng.SuiteRunner$SuiteWorker.run(SuiteRunner.java:489)
at org.testng.internal.thread.ThreadUtil$1.call(ThreadUtil.java:52)
at java.util.concurrent.FutureTask.run(FutureTask.java:266)
at java.util.concurrent.ThreadPoolExecutor.runWorker(ThreadPoolExecutor.java:1149)
at java.util.concurrent.ThreadPoolExecutor$Worker.run(ThreadPoolExecutor.java:624)
at java.lang.Thread.run(Thread.java:748)
]]>
            </full-stacktrace>
          </exception> <!-- org.openqa.selenium.WebDriverException -->
          <reporter-output>
          </reporter-output>
        </test-method> <!-- validateBrokenLinkImagesOperations -->
        <test-method status="FAIL" signature="captureAndReport(org.testng.ITestResult)[pri:0, instance:com.cybage.assignment.test.toolsqaElementPageTest@10203de]" name="captureAndReport" is-config="true" duration-ms="12234" started-at="2021-10-04T05:28:34Z" finished-at="2021-10-04T05:28:46Z">
          <params>
            <param index="0">
              <value>
                <![CDATA[[TestResult name=validateBrokenLinkImagesOperations status=FAILURE method=toolsqaElementPageTest.validateBrokenLinkImagesOperations()[pri:0, instance:com.cybage.assignment.test.toolsqaElementPageTest@10203de] output={null}]]]>
              </value>
            </param>
          </params>
          <exception class="org.openqa.selenium.WebDriverException">
            <message>
              <![CDATA[chrome not reachable
  (Session info: chrome=94.0.4606.61)
Build info: version: '3.141.59', revision: 'e82be7d358', time: '2018-11-14T08:17:03'
System info: host: 'SACHINTAW-W10', ip: '172.27.85.17', os.name: 'Windows 10', os.arch: 'x86', os.version: '10.0', java.version: '1.8.0_171'
Driver info: org.openqa.selenium.chrome.ChromeDriver
Capabilities {acceptInsecureCerts: true, browserName: chrome, browserVersion: 94.0.4606.61, chrome: {chromedriverVersion: 93.0.4577.15 (660fc11082ba5..., userDataDir: C:\Users\SACHIN~1\AppData\L...}, goog:chromeOptions: {debuggerAddress: localhost:58822}, javascriptEnabled: true, networkConnectionEnabled: false, pageLoadStrategy: normal, platform: WINDOWS, platformName: WINDOWS, proxy: Proxy(), setWindowRect: true, strictFileInteractability: false, timeouts: {implicit: 0, pageLoad: 300000, script: 30000}, unhandledPromptBehavior: dismiss and notify, webauthn:extension:credBlob: true, webauthn:extension:largeBlob: true, webauthn:virtualAuthenticators: true}
Session ID: 3274ba838aaeb49d70d6ff904f38728f]]>
            </message>
            <full-stacktrace>
              <![CDATA[org.openqa.selenium.WebDriverException: chrome not reachable
  (Session info: chrome=94.0.4606.61)
Build info: version: '3.141.59', revision: 'e82be7d358', time: '2018-11-14T08:17:03'
System info: host: 'SACHINTAW-W10', ip: '172.27.85.17', os.name: 'Windows 10', os.arch: 'x86', os.version: '10.0', java.version: '1.8.0_171'
Driver info: org.openqa.selenium.chrome.ChromeDriver
Capabilities {acceptInsecureCerts: true, browserName: chrome, browserVersion: 94.0.4606.61, chrome: {chromedriverVersion: 93.0.4577.15 (660fc11082ba5..., userDataDir: C:\Users\SACHIN~1\AppData\L...}, goog:chromeOptions: {debuggerAddress: localhost:58822}, javascriptEnabled: true, networkConnectionEnabled: false, pageLoadStrategy: normal, platform: WINDOWS, platformName: WINDOWS, proxy: Proxy(), setWindowRect: true, strictFileInteractability: false, timeouts: {implicit: 0, pageLoad: 300000, script: 30000}, unhandledPromptBehavior: dismiss and notify, webauthn:extension:credBlob: true, webauthn:extension:largeBlob: true, webauthn:virtualAuthenticators: true}
Session ID: 3274ba838aaeb49d70d6ff904f38728f
at sun.reflect.NativeConstructorAccessorImpl.newInstance0(Native Method)
at sun.reflect.NativeConstructorAccessorImpl.newInstance(NativeConstructorAccessorImpl.java:62)
at sun.reflect.DelegatingConstructorAccessorImpl.newInstance(DelegatingConstructorAccessorImpl.java:45)
at java.lang.reflect.Constructor.newInstance(Constructor.java:423)
at org.openqa.selenium.remote.http.W3CHttpResponseCodec.createException(W3CHttpResponseCodec.java:187)
at org.openqa.selenium.remote.http.W3CHttpResponseCodec.decode(W3CHttpResponseCodec.java:122)
at org.openqa.selenium.remote.http.W3CHttpResponseCodec.decode(W3CHttpResponseCodec.java:49)
at org.openqa.selenium.remote.HttpCommandExecutor.execute(HttpCommandExecutor.java:158)
at org.openqa.selenium.remote.service.DriverCommandExecutor.execute(DriverCommandExecutor.java:83)
at org.openqa.selenium.remote.RemoteWebDriver.execute(RemoteWebDriver.java:552)
at org.openqa.selenium.remote.RemoteWebDriver.execute(RemoteWebDriver.java:609)
at org.openqa.selenium.remote.RemoteWebDriver.getScreenshotAs(RemoteWebDriver.java:295)
at com.cybage.assignment.objects.utilities.screenshot(utilities.java:58)
at com.cybage.assignment.test.toolsqaElementPageTest.captureAndReport(toolsqaElementPageTest.java:179)
at sun.reflect.NativeMethodAccessorImpl.invoke0(Native Method)
at sun.reflect.NativeMethodAccessorImpl.invoke(NativeMethodAccessorImpl.java:62)
at sun.reflect.DelegatingMethodAccessorImpl.invoke(DelegatingMethodAccessorImpl.java:43)
at java.lang.reflect.Method.invoke(Method.java:498)
at org.testng.internal.MethodInvocationHelper.invokeMethod(MethodInvocationHelper.java:124)
at org.testng.internal.MethodInvocationHelper.invokeMethodConsideringTimeout(MethodInvocationHelper.java:59)
at org.testng.internal.Invoker.invokeConfigurationMethod(Invoker.java:458)
at org.testng.internal.Invoker.invokeConfigurations(Invoker.java:222)
at org.testng.internal.Invoker.invokeMethod(Invoker.java:646)
at org.testng.internal.Invoker.retryFailed(Invoker.java:839)
at org.testng.internal.Invoker.invokeTestMethods(Invoker.java:1010)
at org.testng.internal.TestMethodWorker.invokeTestMethods(TestMethodWorker.java:125)
at org.testng.internal.TestMethodWorker.run(TestMethodWorker.java:109)
at org.testng.TestRunner.privateRun(TestRunner.java:648)
at org.testng.TestRunner.run(TestRunner.java:505)
at org.testng.SuiteRunner.runTest(SuiteRunner.java:455)
at org.testng.SuiteRunner.access$000(SuiteRunner.java:40)
at org.testng.SuiteRunner$SuiteWorker.run(SuiteRunner.java:489)
at org.testng.internal.thread.ThreadUtil$1.call(ThreadUtil.java:52)
at java.util.concurrent.FutureTask.run(FutureTask.java:266)
at java.util.concurrent.ThreadPoolExecutor.runWorker(ThreadPoolExecutor.java:1149)
at java.util.concurrent.ThreadPoolExecutor$Worker.run(ThreadPoolExecutor.java:624)
at java.lang.Thread.run(Thread.java:748)
]]>
            </full-stacktrace>
          </exception> <!-- org.openqa.selenium.WebDriverException -->
          <reporter-output>
          </reporter-output>
        </test-method> <!-- captureAndReport -->
        <test-method status="SKIP" signature="validateRadioButtonOperations()[pri:0, instance:com.cybage.assignment.test.toolsqaElementPageTest@10203de]" name="validateRadioButtonOperations" duration-ms="0" started-at="2021-10-04T05:28:46Z" depends-on-methods="com.cybage.assignment.test.toolsqaElementPageTest.validateElementScreen" finished-at="2021-10-04T05:28:46Z">
          <exception class="org.openqa.selenium.WebDriverException">
            <message>
              <![CDATA[chrome not reachable
  (Session info: chrome=94.0.4606.61)
Build info: version: '3.141.59', revision: 'e82be7d358', time: '2018-11-14T08:17:03'
System info: host: 'SACHINTAW-W10', ip: '172.27.85.17', os.name: 'Windows 10', os.arch: 'x86', os.version: '10.0', java.version: '1.8.0_171'
Driver info: org.openqa.selenium.chrome.ChromeDriver
Capabilities {acceptInsecureCerts: true, browserName: chrome, browserVersion: 94.0.4606.61, chrome: {chromedriverVersion: 93.0.4577.15 (660fc11082ba5..., userDataDir: C:\Users\SACHIN~1\AppData\L...}, goog:chromeOptions: {debuggerAddress: localhost:58822}, javascriptEnabled: true, networkConnectionEnabled: false, pageLoadStrategy: normal, platform: WINDOWS, platformName: WINDOWS, proxy: Proxy(), setWindowRect: true, strictFileInteractability: false, timeouts: {implicit: 0, pageLoad: 300000, script: 30000}, unhandledPromptBehavior: dismiss and notify, webauthn:extension:credBlob: true, webauthn:extension:largeBlob: true, webauthn:virtualAuthenticators: true}
Session ID: 3274ba838aaeb49d70d6ff904f38728f]]>
            </message>
            <full-stacktrace>
              <![CDATA[org.openqa.selenium.WebDriverException: chrome not reachable
  (Session info: chrome=94.0.4606.61)
Build info: version: '3.141.59', revision: 'e82be7d358', time: '2018-11-14T08:17:03'
System info: host: 'SACHINTAW-W10', ip: '172.27.85.17', os.name: 'Windows 10', os.arch: 'x86', os.version: '10.0', java.version: '1.8.0_171'
Driver info: org.openqa.selenium.chrome.ChromeDriver
Capabilities {acceptInsecureCerts: true, browserName: chrome, browserVersion: 94.0.4606.61, chrome: {chromedriverVersion: 93.0.4577.15 (660fc11082ba5..., userDataDir: C:\Users\SACHIN~1\AppData\L...}, goog:chromeOptions: {debuggerAddress: localhost:58822}, javascriptEnabled: true, networkConnectionEnabled: false, pageLoadStrategy: normal, platform: WINDOWS, platformName: WINDOWS, proxy: Proxy(), setWindowRect: true, strictFileInteractability: false, timeouts: {implicit: 0, pageLoad: 300000, script: 30000}, unhandledPromptBehavior: dismiss and notify, webauthn:extension:credBlob: true, webauthn:extension:largeBlob: true, webauthn:virtualAuthenticators: true}
Session ID: 3274ba838aaeb49d70d6ff904f38728f
at sun.reflect.NativeConstructorAccessorImpl.newInstance0(Native Method)
at sun.reflect.NativeConstructorAccessorImpl.newInstance(NativeConstructorAccessorImpl.java:62)
at sun.reflect.DelegatingConstructorAccessorImpl.newInstance(DelegatingConstructorAccessorImpl.java:45)
at java.lang.reflect.Constructor.newInstance(Constructor.java:423)
at org.openqa.selenium.remote.http.W3CHttpResponseCodec.createException(W3CHttpResponseCodec.java:187)
at org.openqa.selenium.remote.http.W3CHttpResponseCodec.decode(W3CHttpResponseCodec.java:122)
at org.openqa.selenium.remote.http.W3CHttpResponseCodec.decode(W3CHttpResponseCodec.java:49)
at org.openqa.selenium.remote.HttpCommandExecutor.execute(HttpCommandExecutor.java:158)
at org.openqa.selenium.remote.service.DriverCommandExecutor.execute(DriverCommandExecutor.java:83)
at org.openqa.selenium.remote.RemoteWebDriver.execute(RemoteWebDriver.java:552)
at org.openqa.selenium.remote.RemoteWebDriver.execute(RemoteWebDriver.java:609)
at org.openqa.selenium.remote.RemoteWebDriver.getScreenshotAs(RemoteWebDriver.java:295)
at com.cybage.assignment.objects.utilities.screenshot(utilities.java:58)
at com.cybage.assignment.test.toolsqaElementPageTest.captureAndReport(toolsqaElementPageTest.java:179)
at sun.reflect.NativeMethodAccessorImpl.invoke0(Native Method)
at sun.reflect.NativeMethodAccessorImpl.invoke(NativeMethodAccessorImpl.java:62)
at sun.reflect.DelegatingMethodAccessorImpl.invoke(DelegatingMethodAccessorImpl.java:43)
at java.lang.reflect.Method.invoke(Method.java:498)
at org.testng.internal.MethodInvocationHelper.invokeMethod(MethodInvocationHelper.java:124)
at org.testng.internal.MethodInvocationHelper.invokeMethodConsideringTimeout(MethodInvocationHelper.java:59)
at org.testng.internal.Invoker.invokeConfigurationMethod(Invoker.java:458)
at org.testng.internal.Invoker.invokeConfigurations(Invoker.java:222)
at org.testng.internal.Invoker.invokeMethod(Invoker.java:646)
at org.testng.internal.Invoker.retryFailed(Invoker.java:839)
at org.testng.internal.Invoker.invokeTestMethods(Invoker.java:1010)
at org.testng.internal.TestMethodWorker.invokeTestMethods(TestMethodWorker.java:125)
at org.testng.internal.TestMethodWorker.run(TestMethodWorker.java:109)
at org.testng.TestRunner.privateRun(TestRunner.java:648)
at org.testng.TestRunner.run(TestRunner.java:505)
at org.testng.SuiteRunner.runTest(SuiteRunner.java:455)
at org.testng.SuiteRunner.access$000(SuiteRunner.java:40)
at org.testng.SuiteRunner$SuiteWorker.run(SuiteRunner.java:489)
at org.testng.internal.thread.ThreadUtil$1.call(ThreadUtil.java:52)
at java.util.concurrent.FutureTask.run(FutureTask.java:266)
at java.util.concurrent.ThreadPoolExecutor.runWorker(ThreadPoolExecutor.java:1149)
at java.util.concurrent.ThreadPoolExecutor$Worker.run(ThreadPoolExecutor.java:624)
at java.lang.Thread.run(Thread.java:748)
]]>
            </full-stacktrace>
          </exception> <!-- org.openqa.selenium.WebDriverException -->
          <reporter-output>
          </reporter-output>
        </test-method> <!-- validateRadioButtonOperations -->
        <test-method status="SKIP" signature="captureAndReport(org.testng.ITestResult)[pri:0, instance:com.cybage.assignment.test.toolsqaElementPageTest@10203de]" name="captureAndReport" is-config="true" duration-ms="0" started-at="2021-10-04T05:28:46Z" finished-at="2021-10-04T05:28:46Z">
          <reporter-output>
          </reporter-output>
        </test-method> <!-- captureAndReport -->
        <test-method status="SKIP" signature="captureAndReport(org.testng.ITestResult)[pri:0, instance:com.cybage.assignment.test.toolsqaElementPageTest@10203de]" name="captureAndReport" is-config="true" duration-ms="0" started-at="2021-10-04T05:28:46Z" finished-at="2021-10-04T05:28:46Z">
          <reporter-output>
          </reporter-output>
        </test-method> <!-- captureAndReport -->
        <test-method status="SKIP" signature="captureAndReport(org.testng.ITestResult)[pri:0, instance:com.cybage.assignment.test.toolsqaElementPageTest@10203de]" name="captureAndReport" is-config="true" duration-ms="0" started-at="2021-10-04T05:28:46Z" finished-at="2021-10-04T05:28:46Z">
          <reporter-output>
          </reporter-output>
        </test-method> <!-- captureAndReport -->
        <test-method status="SKIP" signature="waitToLoadElements()[pri:0, instance:com.cybage.assignment.test.toolsqaElementPageTest@10203de]" name="waitToLoadElements" is-config="true" duration-ms="0" started-at="2021-10-04T05:28:46Z" finished-at="2021-10-04T05:28:46Z">
          <reporter-output>
          </reporter-output>
        </test-method> <!-- waitToLoadElements -->
        <test-method status="SKIP" signature="validateButtonsOperations()[pri:0, instance:com.cybage.assignment.test.toolsqaElementPageTest@10203de]" name="validateButtonsOperations" duration-ms="0" started-at="2021-10-04T05:28:46Z" depends-on-methods="com.cybage.assignment.test.toolsqaElementPageTest.validateElementScreen" finished-at="2021-10-04T05:28:46Z">
          <exception class="org.openqa.selenium.WebDriverException">
            <message>
              <![CDATA[chrome not reachable
  (Session info: chrome=94.0.4606.61)
Build info: version: '3.141.59', revision: 'e82be7d358', time: '2018-11-14T08:17:03'
System info: host: 'SACHINTAW-W10', ip: '172.27.85.17', os.name: 'Windows 10', os.arch: 'x86', os.version: '10.0', java.version: '1.8.0_171'
Driver info: org.openqa.selenium.chrome.ChromeDriver
Capabilities {acceptInsecureCerts: true, browserName: chrome, browserVersion: 94.0.4606.61, chrome: {chromedriverVersion: 93.0.4577.15 (660fc11082ba5..., userDataDir: C:\Users\SACHIN~1\AppData\L...}, goog:chromeOptions: {debuggerAddress: localhost:58822}, javascriptEnabled: true, networkConnectionEnabled: false, pageLoadStrategy: normal, platform: WINDOWS, platformName: WINDOWS, proxy: Proxy(), setWindowRect: true, strictFileInteractability: false, timeouts: {implicit: 0, pageLoad: 300000, script: 30000}, unhandledPromptBehavior: dismiss and notify, webauthn:extension:credBlob: true, webauthn:extension:largeBlob: true, webauthn:virtualAuthenticators: true}
Session ID: 3274ba838aaeb49d70d6ff904f38728f]]>
            </message>
            <full-stacktrace>
              <![CDATA[org.openqa.selenium.WebDriverException: chrome not reachable
  (Session info: chrome=94.0.4606.61)
Build info: version: '3.141.59', revision: 'e82be7d358', time: '2018-11-14T08:17:03'
System info: host: 'SACHINTAW-W10', ip: '172.27.85.17', os.name: 'Windows 10', os.arch: 'x86', os.version: '10.0', java.version: '1.8.0_171'
Driver info: org.openqa.selenium.chrome.ChromeDriver
Capabilities {acceptInsecureCerts: true, browserName: chrome, browserVersion: 94.0.4606.61, chrome: {chromedriverVersion: 93.0.4577.15 (660fc11082ba5..., userDataDir: C:\Users\SACHIN~1\AppData\L...}, goog:chromeOptions: {debuggerAddress: localhost:58822}, javascriptEnabled: true, networkConnectionEnabled: false, pageLoadStrategy: normal, platform: WINDOWS, platformName: WINDOWS, proxy: Proxy(), setWindowRect: true, strictFileInteractability: false, timeouts: {implicit: 0, pageLoad: 300000, script: 30000}, unhandledPromptBehavior: dismiss and notify, webauthn:extension:credBlob: true, webauthn:extension:largeBlob: true, webauthn:virtualAuthenticators: true}
Session ID: 3274ba838aaeb49d70d6ff904f38728f
at sun.reflect.NativeConstructorAccessorImpl.newInstance0(Native Method)
at sun.reflect.NativeConstructorAccessorImpl.newInstance(NativeConstructorAccessorImpl.java:62)
at sun.reflect.DelegatingConstructorAccessorImpl.newInstance(DelegatingConstructorAccessorImpl.java:45)
at java.lang.reflect.Constructor.newInstance(Constructor.java:423)
at org.openqa.selenium.remote.http.W3CHttpResponseCodec.createException(W3CHttpResponseCodec.java:187)
at org.openqa.selenium.remote.http.W3CHttpResponseCodec.decode(W3CHttpResponseCodec.java:122)
at org.openqa.selenium.remote.http.W3CHttpResponseCodec.decode(W3CHttpResponseCodec.java:49)
at org.openqa.selenium.remote.HttpCommandExecutor.execute(HttpCommandExecutor.java:158)
at org.openqa.selenium.remote.service.DriverCommandExecutor.execute(DriverCommandExecutor.java:83)
at org.openqa.selenium.remote.RemoteWebDriver.execute(RemoteWebDriver.java:552)
at org.openqa.selenium.remote.RemoteWebDriver.execute(RemoteWebDriver.java:609)
at org.openqa.selenium.remote.RemoteWebDriver.getScreenshotAs(RemoteWebDriver.java:295)
at com.cybage.assignment.objects.utilities.screenshot(utilities.java:58)
at com.cybage.assignment.test.toolsqaElementPageTest.captureAndReport(toolsqaElementPageTest.java:179)
at sun.reflect.NativeMethodAccessorImpl.invoke0(Native Method)
at sun.reflect.NativeMethodAccessorImpl.invoke(NativeMethodAccessorImpl.java:62)
at sun.reflect.DelegatingMethodAccessorImpl.invoke(DelegatingMethodAccessorImpl.java:43)
at java.lang.reflect.Method.invoke(Method.java:498)
at org.testng.internal.MethodInvocationHelper.invokeMethod(MethodInvocationHelper.java:124)
at org.testng.internal.MethodInvocationHelper.invokeMethodConsideringTimeout(MethodInvocationHelper.java:59)
at org.testng.internal.Invoker.invokeConfigurationMethod(Invoker.java:458)
at org.testng.internal.Invoker.invokeConfigurations(Invoker.java:222)
at org.testng.internal.Invoker.invokeMethod(Invoker.java:646)
at org.testng.internal.Invoker.retryFailed(Invoker.java:839)
at org.testng.internal.Invoker.invokeTestMethods(Invoker.java:1010)
at org.testng.internal.TestMethodWorker.invokeTestMethods(TestMethodWorker.java:125)
at org.testng.internal.TestMethodWorker.run(TestMethodWorker.java:109)
at org.testng.TestRunner.privateRun(TestRunner.java:648)
at org.testng.TestRunner.run(TestRunner.java:505)
at org.testng.SuiteRunner.runTest(SuiteRunner.java:455)
at org.testng.SuiteRunner.access$000(SuiteRunner.java:40)
at org.testng.SuiteRunner$SuiteWorker.run(SuiteRunner.java:489)
at org.testng.internal.thread.ThreadUtil$1.call(ThreadUtil.java:52)
at java.util.concurrent.FutureTask.run(FutureTask.java:266)
at java.util.concurrent.ThreadPoolExecutor.runWorker(ThreadPoolExecutor.java:1149)
at java.util.concurrent.ThreadPoolExecutor$Worker.run(ThreadPoolExecutor.java:624)
at java.lang.Thread.run(Thread.java:748)
]]>
            </full-stacktrace>
          </exception> <!-- org.openqa.selenium.WebDriverException -->
          <reporter-output>
          </reporter-output>
        </test-method> <!-- validateButtonsOperations -->
        <test-method status="SKIP" signature="waitToLoadElements()[pri:0, instance:com.cybage.assignment.test.toolsqaElementPageTest@10203de]" name="waitToLoadElements" is-config="true" duration-ms="0" started-at="2021-10-04T05:28:46Z" finished-at="2021-10-04T05:28:46Z">
          <reporter-output>
          </reporter-output>
        </test-method> <!-- waitToLoadElements -->
        <test-method status="SKIP" signature="waitToLoadElements()[pri:0, instance:com.cybage.assignment.test.toolsqaElementPageTest@10203de]" name="waitToLoadElements" is-config="true" duration-ms="0" started-at="2021-10-04T05:28:46Z" finished-at="2021-10-04T05:28:46Z">
          <reporter-output>
          </reporter-output>
        </test-method> <!-- waitToLoadElements -->
        <test-method status="SKIP" signature="validateDynamicButtonsOperations()[pri:0, instance:com.cybage.assignment.test.toolsqaElementPageTest@10203de]" name="validateDynamicButtonsOperations" duration-ms="0" started-at="2021-10-04T05:28:46Z" depends-on-methods="com.cybage.assignment.test.toolsqaElementPageTest.validateElementScreen" finished-at="2021-10-04T05:28:46Z">
          <exception class="org.openqa.selenium.WebDriverException">
            <message>
              <![CDATA[chrome not reachable
  (Session info: chrome=94.0.4606.61)
Build info: version: '3.141.59', revision: 'e82be7d358', time: '2018-11-14T08:17:03'
System info: host: 'SACHINTAW-W10', ip: '172.27.85.17', os.name: 'Windows 10', os.arch: 'x86', os.version: '10.0', java.version: '1.8.0_171'
Driver info: org.openqa.selenium.chrome.ChromeDriver
Capabilities {acceptInsecureCerts: true, browserName: chrome, browserVersion: 94.0.4606.61, chrome: {chromedriverVersion: 93.0.4577.15 (660fc11082ba5..., userDataDir: C:\Users\SACHIN~1\AppData\L...}, goog:chromeOptions: {debuggerAddress: localhost:58822}, javascriptEnabled: true, networkConnectionEnabled: false, pageLoadStrategy: normal, platform: WINDOWS, platformName: WINDOWS, proxy: Proxy(), setWindowRect: true, strictFileInteractability: false, timeouts: {implicit: 0, pageLoad: 300000, script: 30000}, unhandledPromptBehavior: dismiss and notify, webauthn:extension:credBlob: true, webauthn:extension:largeBlob: true, webauthn:virtualAuthenticators: true}
Session ID: 3274ba838aaeb49d70d6ff904f38728f]]>
            </message>
            <full-stacktrace>
              <![CDATA[org.openqa.selenium.WebDriverException: chrome not reachable
  (Session info: chrome=94.0.4606.61)
Build info: version: '3.141.59', revision: 'e82be7d358', time: '2018-11-14T08:17:03'
System info: host: 'SACHINTAW-W10', ip: '172.27.85.17', os.name: 'Windows 10', os.arch: 'x86', os.version: '10.0', java.version: '1.8.0_171'
Driver info: org.openqa.selenium.chrome.ChromeDriver
Capabilities {acceptInsecureCerts: true, browserName: chrome, browserVersion: 94.0.4606.61, chrome: {chromedriverVersion: 93.0.4577.15 (660fc11082ba5..., userDataDir: C:\Users\SACHIN~1\AppData\L...}, goog:chromeOptions: {debuggerAddress: localhost:58822}, javascriptEnabled: true, networkConnectionEnabled: false, pageLoadStrategy: normal, platform: WINDOWS, platformName: WINDOWS, proxy: Proxy(), setWindowRect: true, strictFileInteractability: false, timeouts: {implicit: 0, pageLoad: 300000, script: 30000}, unhandledPromptBehavior: dismiss and notify, webauthn:extension:credBlob: true, webauthn:extension:largeBlob: true, webauthn:virtualAuthenticators: true}
Session ID: 3274ba838aaeb49d70d6ff904f38728f
at sun.reflect.NativeConstructorAccessorImpl.newInstance0(Native Method)
at sun.reflect.NativeConstructorAccessorImpl.newInstance(NativeConstructorAccessorImpl.java:62)
at sun.reflect.DelegatingConstructorAccessorImpl.newInstance(DelegatingConstructorAccessorImpl.java:45)
at java.lang.reflect.Constructor.newInstance(Constructor.java:423)
at org.openqa.selenium.remote.http.W3CHttpResponseCodec.createException(W3CHttpResponseCodec.java:187)
at org.openqa.selenium.remote.http.W3CHttpResponseCodec.decode(W3CHttpResponseCodec.java:122)
at org.openqa.selenium.remote.http.W3CHttpResponseCodec.decode(W3CHttpResponseCodec.java:49)
at org.openqa.selenium.remote.HttpCommandExecutor.execute(HttpCommandExecutor.java:158)
at org.openqa.selenium.remote.service.DriverCommandExecutor.execute(DriverCommandExecutor.java:83)
at org.openqa.selenium.remote.RemoteWebDriver.execute(RemoteWebDriver.java:552)
at org.openqa.selenium.remote.RemoteWebDriver.execute(RemoteWebDriver.java:609)
at org.openqa.selenium.remote.RemoteWebDriver.getScreenshotAs(RemoteWebDriver.java:295)
at com.cybage.assignment.objects.utilities.screenshot(utilities.java:58)
at com.cybage.assignment.test.toolsqaElementPageTest.captureAndReport(toolsqaElementPageTest.java:179)
at sun.reflect.NativeMethodAccessorImpl.invoke0(Native Method)
at sun.reflect.NativeMethodAccessorImpl.invoke(NativeMethodAccessorImpl.java:62)
at sun.reflect.DelegatingMethodAccessorImpl.invoke(DelegatingMethodAccessorImpl.java:43)
at java.lang.reflect.Method.invoke(Method.java:498)
at org.testng.internal.MethodInvocationHelper.invokeMethod(MethodInvocationHelper.java:124)
at org.testng.internal.MethodInvocationHelper.invokeMethodConsideringTimeout(MethodInvocationHelper.java:59)
at org.testng.internal.Invoker.invokeConfigurationMethod(Invoker.java:458)
at org.testng.internal.Invoker.invokeConfigurations(Invoker.java:222)
at org.testng.internal.Invoker.invokeMethod(Invoker.java:646)
at org.testng.internal.Invoker.retryFailed(Invoker.java:839)
at org.testng.internal.Invoker.invokeTestMethods(Invoker.java:1010)
at org.testng.internal.TestMethodWorker.invokeTestMethods(TestMethodWorker.java:125)
at org.testng.internal.TestMethodWorker.run(TestMethodWorker.java:109)
at org.testng.TestRunner.privateRun(TestRunner.java:648)
at org.testng.TestRunner.run(TestRunner.java:505)
at org.testng.SuiteRunner.runTest(SuiteRunner.java:455)
at org.testng.SuiteRunner.access$000(SuiteRunner.java:40)
at org.testng.SuiteRunner$SuiteWorker.run(SuiteRunner.java:489)
at org.testng.internal.thread.ThreadUtil$1.call(ThreadUtil.java:52)
at java.util.concurrent.FutureTask.run(FutureTask.java:266)
at java.util.concurrent.ThreadPoolExecutor.runWorker(ThreadPoolExecutor.java:1149)
at java.util.concurrent.ThreadPoolExecutor$Worker.run(ThreadPoolExecutor.java:624)
at java.lang.Thread.run(Thread.java:748)
]]>
            </full-stacktrace>
          </exception> <!-- org.openqa.selenium.WebDriverException -->
          <reporter-output>
          </reporter-output>
        </test-method> <!-- validateDynamicButtonsOperations -->
        <test-method status="SKIP" signature="captureAndReport(org.testng.ITestResult)[pri:0, instance:com.cybage.assignment.test.toolsqaElementPageTest@10203de]" name="captureAndReport" is-config="true" duration-ms="0" started-at="2021-10-04T05:28:46Z" finished-at="2021-10-04T05:28:46Z">
          <reporter-output>
          </reporter-output>
        </test-method> <!-- captureAndReport -->
        <test-method status="SKIP" signature="validateCheckBoxOperation()[pri:0, instance:com.cybage.assignment.test.toolsqaElementPageTest@10203de]" name="validateCheckBoxOperation" duration-ms="0" started-at="2021-10-04T05:28:46Z" depends-on-methods="com.cybage.assignment.test.toolsqaElementPageTest.validateElementScreen" finished-at="2021-10-04T05:28:46Z">
          <exception class="org.openqa.selenium.WebDriverException">
            <message>
              <![CDATA[chrome not reachable
  (Session info: chrome=94.0.4606.61)
Build info: version: '3.141.59', revision: 'e82be7d358', time: '2018-11-14T08:17:03'
System info: host: 'SACHINTAW-W10', ip: '172.27.85.17', os.name: 'Windows 10', os.arch: 'x86', os.version: '10.0', java.version: '1.8.0_171'
Driver info: org.openqa.selenium.chrome.ChromeDriver
Capabilities {acceptInsecureCerts: true, browserName: chrome, browserVersion: 94.0.4606.61, chrome: {chromedriverVersion: 93.0.4577.15 (660fc11082ba5..., userDataDir: C:\Users\SACHIN~1\AppData\L...}, goog:chromeOptions: {debuggerAddress: localhost:58822}, javascriptEnabled: true, networkConnectionEnabled: false, pageLoadStrategy: normal, platform: WINDOWS, platformName: WINDOWS, proxy: Proxy(), setWindowRect: true, strictFileInteractability: false, timeouts: {implicit: 0, pageLoad: 300000, script: 30000}, unhandledPromptBehavior: dismiss and notify, webauthn:extension:credBlob: true, webauthn:extension:largeBlob: true, webauthn:virtualAuthenticators: true}
Session ID: 3274ba838aaeb49d70d6ff904f38728f]]>
            </message>
            <full-stacktrace>
              <![CDATA[org.openqa.selenium.WebDriverException: chrome not reachable
  (Session info: chrome=94.0.4606.61)
Build info: version: '3.141.59', revision: 'e82be7d358', time: '2018-11-14T08:17:03'
System info: host: 'SACHINTAW-W10', ip: '172.27.85.17', os.name: 'Windows 10', os.arch: 'x86', os.version: '10.0', java.version: '1.8.0_171'
Driver info: org.openqa.selenium.chrome.ChromeDriver
Capabilities {acceptInsecureCerts: true, browserName: chrome, browserVersion: 94.0.4606.61, chrome: {chromedriverVersion: 93.0.4577.15 (660fc11082ba5..., userDataDir: C:\Users\SACHIN~1\AppData\L...}, goog:chromeOptions: {debuggerAddress: localhost:58822}, javascriptEnabled: true, networkConnectionEnabled: false, pageLoadStrategy: normal, platform: WINDOWS, platformName: WINDOWS, proxy: Proxy(), setWindowRect: true, strictFileInteractability: false, timeouts: {implicit: 0, pageLoad: 300000, script: 30000}, unhandledPromptBehavior: dismiss and notify, webauthn:extension:credBlob: true, webauthn:extension:largeBlob: true, webauthn:virtualAuthenticators: true}
Session ID: 3274ba838aaeb49d70d6ff904f38728f
at sun.reflect.NativeConstructorAccessorImpl.newInstance0(Native Method)
at sun.reflect.NativeConstructorAccessorImpl.newInstance(NativeConstructorAccessorImpl.java:62)
at sun.reflect.DelegatingConstructorAccessorImpl.newInstance(DelegatingConstructorAccessorImpl.java:45)
at java.lang.reflect.Constructor.newInstance(Constructor.java:423)
at org.openqa.selenium.remote.http.W3CHttpResponseCodec.createException(W3CHttpResponseCodec.java:187)
at org.openqa.selenium.remote.http.W3CHttpResponseCodec.decode(W3CHttpResponseCodec.java:122)
at org.openqa.selenium.remote.http.W3CHttpResponseCodec.decode(W3CHttpResponseCodec.java:49)
at org.openqa.selenium.remote.HttpCommandExecutor.execute(HttpCommandExecutor.java:158)
at org.openqa.selenium.remote.service.DriverCommandExecutor.execute(DriverCommandExecutor.java:83)
at org.openqa.selenium.remote.RemoteWebDriver.execute(RemoteWebDriver.java:552)
at org.openqa.selenium.remote.RemoteWebDriver.execute(RemoteWebDriver.java:609)
at org.openqa.selenium.remote.RemoteWebDriver.getScreenshotAs(RemoteWebDriver.java:295)
at com.cybage.assignment.objects.utilities.screenshot(utilities.java:58)
at com.cybage.assignment.test.toolsqaElementPageTest.captureAndReport(toolsqaElementPageTest.java:179)
at sun.reflect.NativeMethodAccessorImpl.invoke0(Native Method)
at sun.reflect.NativeMethodAccessorImpl.invoke(NativeMethodAccessorImpl.java:62)
at sun.reflect.DelegatingMethodAccessorImpl.invoke(DelegatingMethodAccessorImpl.java:43)
at java.lang.reflect.Method.invoke(Method.java:498)
at org.testng.internal.MethodInvocationHelper.invokeMethod(MethodInvocationHelper.java:124)
at org.testng.internal.MethodInvocationHelper.invokeMethodConsideringTimeout(MethodInvocationHelper.java:59)
at org.testng.internal.Invoker.invokeConfigurationMethod(Invoker.java:458)
at org.testng.internal.Invoker.invokeConfigurations(Invoker.java:222)
at org.testng.internal.Invoker.invokeMethod(Invoker.java:646)
at org.testng.internal.Invoker.retryFailed(Invoker.java:839)
at org.testng.internal.Invoker.invokeTestMethods(Invoker.java:1010)
at org.testng.internal.TestMethodWorker.invokeTestMethods(TestMethodWorker.java:125)
at org.testng.internal.TestMethodWorker.run(TestMethodWorker.java:109)
at org.testng.TestRunner.privateRun(TestRunner.java:648)
at org.testng.TestRunner.run(TestRunner.java:505)
at org.testng.SuiteRunner.runTest(SuiteRunner.java:455)
at org.testng.SuiteRunner.access$000(SuiteRunner.java:40)
at org.testng.SuiteRunner$SuiteWorker.run(SuiteRunner.java:489)
at org.testng.internal.thread.ThreadUtil$1.call(ThreadUtil.java:52)
at java.util.concurrent.FutureTask.run(FutureTask.java:266)
at java.util.concurrent.ThreadPoolExecutor.runWorker(ThreadPoolExecutor.java:1149)
at java.util.concurrent.ThreadPoolExecutor$Worker.run(ThreadPoolExecutor.java:624)
at java.lang.Thread.run(Thread.java:748)
]]>
            </full-stacktrace>
          </exception> <!-- org.openqa.selenium.WebDriverException -->
          <reporter-output>
          </reporter-output>
        </test-method> <!-- validateCheckBoxOperation -->
        <test-method status="SKIP" signature="waitToLoadElements()[pri:0, instance:com.cybage.assignment.test.toolsqaElementPageTest@10203de]" name="waitToLoadElements" is-config="true" duration-ms="0" started-at="2021-10-04T05:28:46Z" finished-at="2021-10-04T05:28:46Z">
          <reporter-output>
          </reporter-output>
        </test-method> <!-- waitToLoadElements -->
        <test-method status="SKIP" signature="waitToLoadElements()[pri:0, instance:com.cybage.assignment.test.toolsqaElementPageTest@10203de]" name="waitToLoadElements" is-config="true" duration-ms="0" started-at="2021-10-04T05:28:46Z" finished-at="2021-10-04T05:28:46Z">
          <reporter-output>
          </reporter-output>
        </test-method> <!-- waitToLoadElements -->
        <test-method status="SKIP" signature="captureAndReport(org.testng.ITestResult)[pri:0, instance:com.cybage.assignment.test.toolsqaElementPageTest@10203de]" name="captureAndReport" is-config="true" duration-ms="0" started-at="2021-10-04T05:28:46Z" finished-at="2021-10-04T05:28:46Z">
          <reporter-output>
          </reporter-output>
        </test-method> <!-- captureAndReport -->
        <test-method status="SKIP" signature="captureAndReport(org.testng.ITestResult)[pri:0, instance:com.cybage.assignment.test.toolsqaElementPageTest@10203de]" name="captureAndReport" is-config="true" duration-ms="0" started-at="2021-10-04T05:28:46Z" finished-at="2021-10-04T05:28:46Z">
          <reporter-output>
          </reporter-output>
        </test-method> <!-- captureAndReport -->
        <test-method status="SKIP" signature="validateTextBoxOnSubmission()[pri:0, instance:com.cybage.assignment.test.toolsqaElementPageTest@10203de]" name="validateTextBoxOnSubmission" duration-ms="0" started-at="2021-10-04T05:28:46Z" depends-on-methods="com.cybage.assignment.test.toolsqaElementPageTest.validateElementScreen" finished-at="2021-10-04T05:28:46Z">
          <exception class="org.openqa.selenium.WebDriverException">
            <message>
              <![CDATA[chrome not reachable
  (Session info: chrome=94.0.4606.61)
Build info: version: '3.141.59', revision: 'e82be7d358', time: '2018-11-14T08:17:03'
System info: host: 'SACHINTAW-W10', ip: '172.27.85.17', os.name: 'Windows 10', os.arch: 'x86', os.version: '10.0', java.version: '1.8.0_171'
Driver info: org.openqa.selenium.chrome.ChromeDriver
Capabilities {acceptInsecureCerts: true, browserName: chrome, browserVersion: 94.0.4606.61, chrome: {chromedriverVersion: 93.0.4577.15 (660fc11082ba5..., userDataDir: C:\Users\SACHIN~1\AppData\L...}, goog:chromeOptions: {debuggerAddress: localhost:58822}, javascriptEnabled: true, networkConnectionEnabled: false, pageLoadStrategy: normal, platform: WINDOWS, platformName: WINDOWS, proxy: Proxy(), setWindowRect: true, strictFileInteractability: false, timeouts: {implicit: 0, pageLoad: 300000, script: 30000}, unhandledPromptBehavior: dismiss and notify, webauthn:extension:credBlob: true, webauthn:extension:largeBlob: true, webauthn:virtualAuthenticators: true}
Session ID: 3274ba838aaeb49d70d6ff904f38728f]]>
            </message>
            <full-stacktrace>
              <![CDATA[org.openqa.selenium.WebDriverException: chrome not reachable
  (Session info: chrome=94.0.4606.61)
Build info: version: '3.141.59', revision: 'e82be7d358', time: '2018-11-14T08:17:03'
System info: host: 'SACHINTAW-W10', ip: '172.27.85.17', os.name: 'Windows 10', os.arch: 'x86', os.version: '10.0', java.version: '1.8.0_171'
Driver info: org.openqa.selenium.chrome.ChromeDriver
Capabilities {acceptInsecureCerts: true, browserName: chrome, browserVersion: 94.0.4606.61, chrome: {chromedriverVersion: 93.0.4577.15 (660fc11082ba5..., userDataDir: C:\Users\SACHIN~1\AppData\L...}, goog:chromeOptions: {debuggerAddress: localhost:58822}, javascriptEnabled: true, networkConnectionEnabled: false, pageLoadStrategy: normal, platform: WINDOWS, platformName: WINDOWS, proxy: Proxy(), setWindowRect: true, strictFileInteractability: false, timeouts: {implicit: 0, pageLoad: 300000, script: 30000}, unhandledPromptBehavior: dismiss and notify, webauthn:extension:credBlob: true, webauthn:extension:largeBlob: true, webauthn:virtualAuthenticators: true}
Session ID: 3274ba838aaeb49d70d6ff904f38728f
at sun.reflect.NativeConstructorAccessorImpl.newInstance0(Native Method)
at sun.reflect.NativeConstructorAccessorImpl.newInstance(NativeConstructorAccessorImpl.java:62)
at sun.reflect.DelegatingConstructorAccessorImpl.newInstance(DelegatingConstructorAccessorImpl.java:45)
at java.lang.reflect.Constructor.newInstance(Constructor.java:423)
at org.openqa.selenium.remote.http.W3CHttpResponseCodec.createException(W3CHttpResponseCodec.java:187)
at org.openqa.selenium.remote.http.W3CHttpResponseCodec.decode(W3CHttpResponseCodec.java:122)
at org.openqa.selenium.remote.http.W3CHttpResponseCodec.decode(W3CHttpResponseCodec.java:49)
at org.openqa.selenium.remote.HttpCommandExecutor.execute(HttpCommandExecutor.java:158)
at org.openqa.selenium.remote.service.DriverCommandExecutor.execute(DriverCommandExecutor.java:83)
at org.openqa.selenium.remote.RemoteWebDriver.execute(RemoteWebDriver.java:552)
at org.openqa.selenium.remote.RemoteWebDriver.execute(RemoteWebDriver.java:609)
at org.openqa.selenium.remote.RemoteWebDriver.getScreenshotAs(RemoteWebDriver.java:295)
at com.cybage.assignment.objects.utilities.screenshot(utilities.java:58)
at com.cybage.assignment.test.toolsqaElementPageTest.captureAndReport(toolsqaElementPageTest.java:179)
at sun.reflect.NativeMethodAccessorImpl.invoke0(Native Method)
at sun.reflect.NativeMethodAccessorImpl.invoke(NativeMethodAccessorImpl.java:62)
at sun.reflect.DelegatingMethodAccessorImpl.invoke(DelegatingMethodAccessorImpl.java:43)
at java.lang.reflect.Method.invoke(Method.java:498)
at org.testng.internal.MethodInvocationHelper.invokeMethod(MethodInvocationHelper.java:124)
at org.testng.internal.MethodInvocationHelper.invokeMethodConsideringTimeout(MethodInvocationHelper.java:59)
at org.testng.internal.Invoker.invokeConfigurationMethod(Invoker.java:458)
at org.testng.internal.Invoker.invokeConfigurations(Invoker.java:222)
at org.testng.internal.Invoker.invokeMethod(Invoker.java:646)
at org.testng.internal.Invoker.retryFailed(Invoker.java:839)
at org.testng.internal.Invoker.invokeTestMethods(Invoker.java:1010)
at org.testng.internal.TestMethodWorker.invokeTestMethods(TestMethodWorker.java:125)
at org.testng.internal.TestMethodWorker.run(TestMethodWorker.java:109)
at org.testng.TestRunner.privateRun(TestRunner.java:648)
at org.testng.TestRunner.run(TestRunner.java:505)
at org.testng.SuiteRunner.runTest(SuiteRunner.java:455)
at org.testng.SuiteRunner.access$000(SuiteRunner.java:40)
at org.testng.SuiteRunner$SuiteWorker.run(SuiteRunner.java:489)
at org.testng.internal.thread.ThreadUtil$1.call(ThreadUtil.java:52)
at java.util.concurrent.FutureTask.run(FutureTask.java:266)
at java.util.concurrent.ThreadPoolExecutor.runWorker(ThreadPoolExecutor.java:1149)
at java.util.concurrent.ThreadPoolExecutor$Worker.run(ThreadPoolExecutor.java:624)
at java.lang.Thread.run(Thread.java:748)
]]>
            </full-stacktrace>
          </exception> <!-- org.openqa.selenium.WebDriverException -->
          <reporter-output>
          </reporter-output>
        </test-method> <!-- validateTextBoxOnSubmission -->
        <test-method status="SKIP" signature="validateLinksOperations()[pri:0, instance:com.cybage.assignment.test.toolsqaElementPageTest@10203de]" name="validateLinksOperations" duration-ms="0" started-at="2021-10-04T05:28:46Z" depends-on-methods="com.cybage.assignment.test.toolsqaElementPageTest.validateElementScreen" finished-at="2021-10-04T05:28:46Z">
          <exception class="org.openqa.selenium.WebDriverException">
            <message>
              <![CDATA[chrome not reachable
  (Session info: chrome=94.0.4606.61)
Build info: version: '3.141.59', revision: 'e82be7d358', time: '2018-11-14T08:17:03'
System info: host: 'SACHINTAW-W10', ip: '172.27.85.17', os.name: 'Windows 10', os.arch: 'x86', os.version: '10.0', java.version: '1.8.0_171'
Driver info: org.openqa.selenium.chrome.ChromeDriver
Capabilities {acceptInsecureCerts: true, browserName: chrome, browserVersion: 94.0.4606.61, chrome: {chromedriverVersion: 93.0.4577.15 (660fc11082ba5..., userDataDir: C:\Users\SACHIN~1\AppData\L...}, goog:chromeOptions: {debuggerAddress: localhost:58822}, javascriptEnabled: true, networkConnectionEnabled: false, pageLoadStrategy: normal, platform: WINDOWS, platformName: WINDOWS, proxy: Proxy(), setWindowRect: true, strictFileInteractability: false, timeouts: {implicit: 0, pageLoad: 300000, script: 30000}, unhandledPromptBehavior: dismiss and notify, webauthn:extension:credBlob: true, webauthn:extension:largeBlob: true, webauthn:virtualAuthenticators: true}
Session ID: 3274ba838aaeb49d70d6ff904f38728f]]>
            </message>
            <full-stacktrace>
              <![CDATA[org.openqa.selenium.WebDriverException: chrome not reachable
  (Session info: chrome=94.0.4606.61)
Build info: version: '3.141.59', revision: 'e82be7d358', time: '2018-11-14T08:17:03'
System info: host: 'SACHINTAW-W10', ip: '172.27.85.17', os.name: 'Windows 10', os.arch: 'x86', os.version: '10.0', java.version: '1.8.0_171'
Driver info: org.openqa.selenium.chrome.ChromeDriver
Capabilities {acceptInsecureCerts: true, browserName: chrome, browserVersion: 94.0.4606.61, chrome: {chromedriverVersion: 93.0.4577.15 (660fc11082ba5..., userDataDir: C:\Users\SACHIN~1\AppData\L...}, goog:chromeOptions: {debuggerAddress: localhost:58822}, javascriptEnabled: true, networkConnectionEnabled: false, pageLoadStrategy: normal, platform: WINDOWS, platformName: WINDOWS, proxy: Proxy(), setWindowRect: true, strictFileInteractability: false, timeouts: {implicit: 0, pageLoad: 300000, script: 30000}, unhandledPromptBehavior: dismiss and notify, webauthn:extension:credBlob: true, webauthn:extension:largeBlob: true, webauthn:virtualAuthenticators: true}
Session ID: 3274ba838aaeb49d70d6ff904f38728f
at sun.reflect.NativeConstructorAccessorImpl.newInstance0(Native Method)
at sun.reflect.NativeConstructorAccessorImpl.newInstance(NativeConstructorAccessorImpl.java:62)
at sun.reflect.DelegatingConstructorAccessorImpl.newInstance(DelegatingConstructorAccessorImpl.java:45)
at java.lang.reflect.Constructor.newInstance(Constructor.java:423)
at org.openqa.selenium.remote.http.W3CHttpResponseCodec.createException(W3CHttpResponseCodec.java:187)
at org.openqa.selenium.remote.http.W3CHttpResponseCodec.decode(W3CHttpResponseCodec.java:122)
at org.openqa.selenium.remote.http.W3CHttpResponseCodec.decode(W3CHttpResponseCodec.java:49)
at org.openqa.selenium.remote.HttpCommandExecutor.execute(HttpCommandExecutor.java:158)
at org.openqa.selenium.remote.service.DriverCommandExecutor.execute(DriverCommandExecutor.java:83)
at org.openqa.selenium.remote.RemoteWebDriver.execute(RemoteWebDriver.java:552)
at org.openqa.selenium.remote.RemoteWebDriver.execute(RemoteWebDriver.java:609)
at org.openqa.selenium.remote.RemoteWebDriver.getScreenshotAs(RemoteWebDriver.java:295)
at com.cybage.assignment.objects.utilities.screenshot(utilities.java:58)
at com.cybage.assignment.test.toolsqaElementPageTest.captureAndReport(toolsqaElementPageTest.java:179)
at sun.reflect.NativeMethodAccessorImpl.invoke0(Native Method)
at sun.reflect.NativeMethodAccessorImpl.invoke(NativeMethodAccessorImpl.java:62)
at sun.reflect.DelegatingMethodAccessorImpl.invoke(DelegatingMethodAccessorImpl.java:43)
at java.lang.reflect.Method.invoke(Method.java:498)
at org.testng.internal.MethodInvocationHelper.invokeMethod(MethodInvocationHelper.java:124)
at org.testng.internal.MethodInvocationHelper.invokeMethodConsideringTimeout(MethodInvocationHelper.java:59)
at org.testng.internal.Invoker.invokeConfigurationMethod(Invoker.java:458)
at org.testng.internal.Invoker.invokeConfigurations(Invoker.java:222)
at org.testng.internal.Invoker.invokeMethod(Invoker.java:646)
at org.testng.internal.Invoker.retryFailed(Invoker.java:839)
at org.testng.internal.Invoker.invokeTestMethods(Invoker.java:1010)
at org.testng.internal.TestMethodWorker.invokeTestMethods(TestMethodWorker.java:125)
at org.testng.internal.TestMethodWorker.run(TestMethodWorker.java:109)
at org.testng.TestRunner.privateRun(TestRunner.java:648)
at org.testng.TestRunner.run(TestRunner.java:505)
at org.testng.SuiteRunner.runTest(SuiteRunner.java:455)
at org.testng.SuiteRunner.access$000(SuiteRunner.java:40)
at org.testng.SuiteRunner$SuiteWorker.run(SuiteRunner.java:489)
at org.testng.internal.thread.ThreadUtil$1.call(ThreadUtil.java:52)
at java.util.concurrent.FutureTask.run(FutureTask.java:266)
at java.util.concurrent.ThreadPoolExecutor.runWorker(ThreadPoolExecutor.java:1149)
at java.util.concurrent.ThreadPoolExecutor$Worker.run(ThreadPoolExecutor.java:624)
at java.lang.Thread.run(Thread.java:748)
]]>
            </full-stacktrace>
          </exception> <!-- org.openqa.selenium.WebDriverException -->
          <reporter-output>
          </reporter-output>
        </test-method> <!-- validateLinksOperations -->
        <test-method status="SKIP" signature="waitToLoadElements()[pri:0, instance:com.cybage.assignment.test.toolsqaElementPageTest@10203de]" name="waitToLoadElements" is-config="true" duration-ms="0" started-at="2021-10-04T05:28:46Z" finished-at="2021-10-04T05:28:46Z">
          <reporter-output>
          </reporter-output>
        </test-method> <!-- waitToLoadElements -->
        <test-method status="SKIP" signature="captureAndReport(org.testng.ITestResult)[pri:0, instance:com.cybage.assignment.test.toolsqaElementPageTest@10203de]" name="captureAndReport" is-config="true" duration-ms="0" started-at="2021-10-04T05:28:46Z" finished-at="2021-10-04T05:28:46Z">
          <reporter-output>
          </reporter-output>
        </test-method> <!-- captureAndReport -->
        <test-method status="SKIP" signature="testCleanUp()[pri:0, instance:com.cybage.assignment.test.toolsqaElementPageTest@10203de]" name="testCleanUp" is-config="true" duration-ms="0" started-at="2021-10-04T05:28:46Z" finished-at="2021-10-04T05:28:46Z">
          <reporter-output>
          </reporter-output>
        </test-method> <!-- testCleanUp -->
        <test-method status="SKIP" signature="releaseDriver()[pri:0, instance:com.cybage.assignment.test.toolsqaElementPageTest@10203de]" name="releaseDriver" is-config="true" duration-ms="0" started-at="2021-10-04T05:28:46Z" finished-at="2021-10-04T05:28:46Z">
          <reporter-output>
          </reporter-output>
        </test-method> <!-- releaseDriver -->
        <test-method status="SKIP" signature="waitToLoadElements()[pri:0, instance:com.cybage.assignment.test.toolsqaElementPageTest@10203de]" name="waitToLoadElements" is-config="true" duration-ms="0" started-at="2021-10-04T05:28:46Z" finished-at="2021-10-04T05:28:46Z">
          <reporter-output>
          </reporter-output>
        </test-method> <!-- waitToLoadElements -->
        <test-method status="SKIP" signature="waitToLoadElements()[pri:0, instance:com.cybage.assignment.test.toolsqaElementPageTest@10203de]" name="waitToLoadElements" is-config="true" duration-ms="0" started-at="2021-10-04T05:28:46Z" finished-at="2021-10-04T05:28:46Z">
          <reporter-output>
          </reporter-output>
        </test-method> <!-- waitToLoadElements -->
        <test-method status="SKIP" signature="validateWebTablesOperations()[pri:0, instance:com.cybage.assignment.test.toolsqaElementPageTest@10203de]" name="validateWebTablesOperations" duration-ms="0" started-at="2021-10-04T05:28:46Z" depends-on-methods="com.cybage.assignment.test.toolsqaElementPageTest.validateElementScreen" finished-at="2021-10-04T05:28:46Z">
          <exception class="org.openqa.selenium.WebDriverException">
            <message>
              <![CDATA[chrome not reachable
  (Session info: chrome=94.0.4606.61)
Build info: version: '3.141.59', revision: 'e82be7d358', time: '2018-11-14T08:17:03'
System info: host: 'SACHINTAW-W10', ip: '172.27.85.17', os.name: 'Windows 10', os.arch: 'x86', os.version: '10.0', java.version: '1.8.0_171'
Driver info: org.openqa.selenium.chrome.ChromeDriver
Capabilities {acceptInsecureCerts: true, browserName: chrome, browserVersion: 94.0.4606.61, chrome: {chromedriverVersion: 93.0.4577.15 (660fc11082ba5..., userDataDir: C:\Users\SACHIN~1\AppData\L...}, goog:chromeOptions: {debuggerAddress: localhost:58822}, javascriptEnabled: true, networkConnectionEnabled: false, pageLoadStrategy: normal, platform: WINDOWS, platformName: WINDOWS, proxy: Proxy(), setWindowRect: true, strictFileInteractability: false, timeouts: {implicit: 0, pageLoad: 300000, script: 30000}, unhandledPromptBehavior: dismiss and notify, webauthn:extension:credBlob: true, webauthn:extension:largeBlob: true, webauthn:virtualAuthenticators: true}
Session ID: 3274ba838aaeb49d70d6ff904f38728f]]>
            </message>
            <full-stacktrace>
              <![CDATA[org.openqa.selenium.WebDriverException: chrome not reachable
  (Session info: chrome=94.0.4606.61)
Build info: version: '3.141.59', revision: 'e82be7d358', time: '2018-11-14T08:17:03'
System info: host: 'SACHINTAW-W10', ip: '172.27.85.17', os.name: 'Windows 10', os.arch: 'x86', os.version: '10.0', java.version: '1.8.0_171'
Driver info: org.openqa.selenium.chrome.ChromeDriver
Capabilities {acceptInsecureCerts: true, browserName: chrome, browserVersion: 94.0.4606.61, chrome: {chromedriverVersion: 93.0.4577.15 (660fc11082ba5..., userDataDir: C:\Users\SACHIN~1\AppData\L...}, goog:chromeOptions: {debuggerAddress: localhost:58822}, javascriptEnabled: true, networkConnectionEnabled: false, pageLoadStrategy: normal, platform: WINDOWS, platformName: WINDOWS, proxy: Proxy(), setWindowRect: true, strictFileInteractability: false, timeouts: {implicit: 0, pageLoad: 300000, script: 30000}, unhandledPromptBehavior: dismiss and notify, webauthn:extension:credBlob: true, webauthn:extension:largeBlob: true, webauthn:virtualAuthenticators: true}
Session ID: 3274ba838aaeb49d70d6ff904f38728f
at sun.reflect.NativeConstructorAccessorImpl.newInstance0(Native Method)
at sun.reflect.NativeConstructorAccessorImpl.newInstance(NativeConstructorAccessorImpl.java:62)
at sun.reflect.DelegatingConstructorAccessorImpl.newInstance(DelegatingConstructorAccessorImpl.java:45)
at java.lang.reflect.Constructor.newInstance(Constructor.java:423)
at org.openqa.selenium.remote.http.W3CHttpResponseCodec.createException(W3CHttpResponseCodec.java:187)
at org.openqa.selenium.remote.http.W3CHttpResponseCodec.decode(W3CHttpResponseCodec.java:122)
at org.openqa.selenium.remote.http.W3CHttpResponseCodec.decode(W3CHttpResponseCodec.java:49)
at org.openqa.selenium.remote.HttpCommandExecutor.execute(HttpCommandExecutor.java:158)
at org.openqa.selenium.remote.service.DriverCommandExecutor.execute(DriverCommandExecutor.java:83)
at org.openqa.selenium.remote.RemoteWebDriver.execute(RemoteWebDriver.java:552)
at org.openqa.selenium.remote.RemoteWebDriver.execute(RemoteWebDriver.java:609)
at org.openqa.selenium.remote.RemoteWebDriver.getScreenshotAs(RemoteWebDriver.java:295)
at com.cybage.assignment.objects.utilities.screenshot(utilities.java:58)
at com.cybage.assignment.test.toolsqaElementPageTest.captureAndReport(toolsqaElementPageTest.java:179)
at sun.reflect.NativeMethodAccessorImpl.invoke0(Native Method)
at sun.reflect.NativeMethodAccessorImpl.invoke(NativeMethodAccessorImpl.java:62)
at sun.reflect.DelegatingMethodAccessorImpl.invoke(DelegatingMethodAccessorImpl.java:43)
at java.lang.reflect.Method.invoke(Method.java:498)
at org.testng.internal.MethodInvocationHelper.invokeMethod(MethodInvocationHelper.java:124)
at org.testng.internal.MethodInvocationHelper.invokeMethodConsideringTimeout(MethodInvocationHelper.java:59)
at org.testng.internal.Invoker.invokeConfigurationMethod(Invoker.java:458)
at org.testng.internal.Invoker.invokeConfigurations(Invoker.java:222)
at org.testng.internal.Invoker.invokeMethod(Invoker.java:646)
at org.testng.internal.Invoker.retryFailed(Invoker.java:839)
at org.testng.internal.Invoker.invokeTestMethods(Invoker.java:1010)
at org.testng.internal.TestMethodWorker.invokeTestMethods(TestMethodWorker.java:125)
at org.testng.internal.TestMethodWorker.run(TestMethodWorker.java:109)
at org.testng.TestRunner.privateRun(TestRunner.java:648)
at org.testng.TestRunner.run(TestRunner.java:505)
at org.testng.SuiteRunner.runTest(SuiteRunner.java:455)
at org.testng.SuiteRunner.access$000(SuiteRunner.java:40)
at org.testng.SuiteRunner$SuiteWorker.run(SuiteRunner.java:489)
at org.testng.internal.thread.ThreadUtil$1.call(ThreadUtil.java:52)
at java.util.concurrent.FutureTask.run(FutureTask.java:266)
at java.util.concurrent.ThreadPoolExecutor.runWorker(ThreadPoolExecutor.java:1149)
at java.util.concurrent.ThreadPoolExecutor$Worker.run(ThreadPoolExecutor.java:624)
at java.lang.Thread.run(Thread.java:748)
]]>
            </full-stacktrace>
          </exception> <!-- org.openqa.selenium.WebDriverException -->
          <reporter-output>
          </reporter-output>
        </test-method> <!-- validateWebTablesOperations -->
        <test-method status="SKIP" signature="captureAndReport(org.testng.ITestResult)[pri:0, instance:com.cybage.assignment.test.toolsqaElementPageTest@10203de]" name="captureAndReport" is-config="true" duration-ms="0" started-at="2021-10-04T05:28:46Z" finished-at="2021-10-04T05:28:46Z">
          <reporter-output>
          </reporter-output>
        </test-method> <!-- captureAndReport -->
        <test-method status="SKIP" signature="validateUploadDownloadOperations()[pri:0, instance:com.cybage.assignment.test.toolsqaElementPageTest@10203de]" name="validateUploadDownloadOperations" duration-ms="0" started-at="2021-10-04T05:28:46Z" depends-on-methods="com.cybage.assignment.test.toolsqaElementPageTest.validateElementScreen" finished-at="2021-10-04T05:28:46Z">
          <exception class="org.openqa.selenium.WebDriverException">
            <message>
              <![CDATA[chrome not reachable
  (Session info: chrome=94.0.4606.61)
Build info: version: '3.141.59', revision: 'e82be7d358', time: '2018-11-14T08:17:03'
System info: host: 'SACHINTAW-W10', ip: '172.27.85.17', os.name: 'Windows 10', os.arch: 'x86', os.version: '10.0', java.version: '1.8.0_171'
Driver info: org.openqa.selenium.chrome.ChromeDriver
Capabilities {acceptInsecureCerts: true, browserName: chrome, browserVersion: 94.0.4606.61, chrome: {chromedriverVersion: 93.0.4577.15 (660fc11082ba5..., userDataDir: C:\Users\SACHIN~1\AppData\L...}, goog:chromeOptions: {debuggerAddress: localhost:58822}, javascriptEnabled: true, networkConnectionEnabled: false, pageLoadStrategy: normal, platform: WINDOWS, platformName: WINDOWS, proxy: Proxy(), setWindowRect: true, strictFileInteractability: false, timeouts: {implicit: 0, pageLoad: 300000, script: 30000}, unhandledPromptBehavior: dismiss and notify, webauthn:extension:credBlob: true, webauthn:extension:largeBlob: true, webauthn:virtualAuthenticators: true}
Session ID: 3274ba838aaeb49d70d6ff904f38728f]]>
            </message>
            <full-stacktrace>
              <![CDATA[org.openqa.selenium.WebDriverException: chrome not reachable
  (Session info: chrome=94.0.4606.61)
Build info: version: '3.141.59', revision: 'e82be7d358', time: '2018-11-14T08:17:03'
System info: host: 'SACHINTAW-W10', ip: '172.27.85.17', os.name: 'Windows 10', os.arch: 'x86', os.version: '10.0', java.version: '1.8.0_171'
Driver info: org.openqa.selenium.chrome.ChromeDriver
Capabilities {acceptInsecureCerts: true, browserName: chrome, browserVersion: 94.0.4606.61, chrome: {chromedriverVersion: 93.0.4577.15 (660fc11082ba5..., userDataDir: C:\Users\SACHIN~1\AppData\L...}, goog:chromeOptions: {debuggerAddress: localhost:58822}, javascriptEnabled: true, networkConnectionEnabled: false, pageLoadStrategy: normal, platform: WINDOWS, platformName: WINDOWS, proxy: Proxy(), setWindowRect: true, strictFileInteractability: false, timeouts: {implicit: 0, pageLoad: 300000, script: 30000}, unhandledPromptBehavior: dismiss and notify, webauthn:extension:credBlob: true, webauthn:extension:largeBlob: true, webauthn:virtualAuthenticators: true}
Session ID: 3274ba838aaeb49d70d6ff904f38728f
at sun.reflect.NativeConstructorAccessorImpl.newInstance0(Native Method)
at sun.reflect.NativeConstructorAccessorImpl.newInstance(NativeConstructorAccessorImpl.java:62)
at sun.reflect.DelegatingConstructorAccessorImpl.newInstance(DelegatingConstructorAccessorImpl.java:45)
at java.lang.reflect.Constructor.newInstance(Constructor.java:423)
at org.openqa.selenium.remote.http.W3CHttpResponseCodec.createException(W3CHttpResponseCodec.java:187)
at org.openqa.selenium.remote.http.W3CHttpResponseCodec.decode(W3CHttpResponseCodec.java:122)
at org.openqa.selenium.remote.http.W3CHttpResponseCodec.decode(W3CHttpResponseCodec.java:49)
at org.openqa.selenium.remote.HttpCommandExecutor.execute(HttpCommandExecutor.java:158)
at org.openqa.selenium.remote.service.DriverCommandExecutor.execute(DriverCommandExecutor.java:83)
at org.openqa.selenium.remote.RemoteWebDriver.execute(RemoteWebDriver.java:552)
at org.openqa.selenium.remote.RemoteWebDriver.execute(RemoteWebDriver.java:609)
at org.openqa.selenium.remote.RemoteWebDriver.getScreenshotAs(RemoteWebDriver.java:295)
at com.cybage.assignment.objects.utilities.screenshot(utilities.java:58)
at com.cybage.assignment.test.toolsqaElementPageTest.captureAndReport(toolsqaElementPageTest.java:179)
at sun.reflect.NativeMethodAccessorImpl.invoke0(Native Method)
at sun.reflect.NativeMethodAccessorImpl.invoke(NativeMethodAccessorImpl.java:62)
at sun.reflect.DelegatingMethodAccessorImpl.invoke(DelegatingMethodAccessorImpl.java:43)
at java.lang.reflect.Method.invoke(Method.java:498)
at org.testng.internal.MethodInvocationHelper.invokeMethod(MethodInvocationHelper.java:124)
at org.testng.internal.MethodInvocationHelper.invokeMethodConsideringTimeout(MethodInvocationHelper.java:59)
at org.testng.internal.Invoker.invokeConfigurationMethod(Invoker.java:458)
at org.testng.internal.Invoker.invokeConfigurations(Invoker.java:222)
at org.testng.internal.Invoker.invokeMethod(Invoker.java:646)
at org.testng.internal.Invoker.retryFailed(Invoker.java:839)
at org.testng.internal.Invoker.invokeTestMethods(Invoker.java:1010)
at org.testng.internal.TestMethodWorker.invokeTestMethods(TestMethodWorker.java:125)
at org.testng.internal.TestMethodWorker.run(TestMethodWorker.java:109)
at org.testng.TestRunner.privateRun(TestRunner.java:648)
at org.testng.TestRunner.run(TestRunner.java:505)
at org.testng.SuiteRunner.runTest(SuiteRunner.java:455)
at org.testng.SuiteRunner.access$000(SuiteRunner.java:40)
at org.testng.SuiteRunner$SuiteWorker.run(SuiteRunner.java:489)
at org.testng.internal.thread.ThreadUtil$1.call(ThreadUtil.java:52)
at java.util.concurrent.FutureTask.run(FutureTask.java:266)
at java.util.concurrent.ThreadPoolExecutor.runWorker(ThreadPoolExecutor.java:1149)
at java.util.concurrent.ThreadPoolExecutor$Worker.run(ThreadPoolExecutor.java:624)
at java.lang.Thread.run(Thread.java:748)
]]>
            </full-stacktrace>
          </exception> <!-- org.openqa.selenium.WebDriverException -->
          <reporter-output>
          </reporter-output>
        </test-method> <!-- validateUploadDownloadOperations -->
      </class> <!-- com.cybage.assignment.test.toolsqaElementPageTest -->
    </test> <!-- toolsqaElementTest -->
  </suite> <!-- DemoQATest -->
</testng-results>
