<?xml version="1.0" encoding="UTF-8"?>
<!-- Generated by org.testng.reporters.JUnitXMLReporter -->
<testsuite hostname="sachintaw-w10" ignored="0" name="toolsqaWidgetTest" tests="10" failures="2" timestamp="01 Oct 2021 05:03:07 GMT" time="101.636" errors="0">
  <testcase name="validatePresenceOfWidgetOptions" time="0.855" classname="com.cybage.assignment.test.widgetsPageTest"/>
  <testcase name="validateAccordianPageOperations" time="4.785" classname="com.cybage.assignment.test.widgetsPageTest"/>
  <testcase name="validateAutoCompleteTextBoxes" time="3.853" classname="com.cybage.assignment.test.widgetsPageTest">
    <skipped/>
  </testcase> <!-- validateAutoCompleteTextBoxes -->
  <testcase name="validateAutoCompleteTextBoxes" time="3.75" classname="com.cybage.assignment.test.widgetsPageTest">
    <skipped/>
  </testcase> <!-- validateAutoCompleteTextBoxes -->
  <testcase name="validateAutoCompleteTextBoxes" time="3.766" classname="com.cybage.assignment.test.widgetsPageTest">
    <skipped/>
  </testcase> <!-- validateAutoCompleteTextBoxes -->
  <testcase name="validateAutoCompleteTextBoxes" time="3.826" classname="com.cybage.assignment.test.widgetsPageTest">
    <failure type="java.lang.AssertionError" message="The following asserts failed:
	expected [Purple] but found [Red],
	expected [Red] but found [Green]">
      <![CDATA[java.lang.AssertionError: The following asserts failed:
expected [Purple] but found [Red],
expected [Red] but found [Green]
at com.cybage.assignment.test.widgetsPageTest.validateAutoCompleteTextBoxes(widgetsPageTest.java:88)
at java.util.concurrent.FutureTask.run(FutureTask.java:266)
at java.util.concurrent.ThreadPoolExecutor.runWorker(ThreadPoolExecutor.java:1149)
at java.util.concurrent.ThreadPoolExecutor$Worker.run(ThreadPoolExecutor.java:624)
at java.lang.Thread.run(Thread.java:748)
... Removed 17 stack frames]]>
    </failure>
  </testcase> <!-- validateAutoCompleteTextBoxes -->
  <testcase name="validateDatePickerOperation" time="4.731" classname="com.cybage.assignment.test.widgetsPageTest">
    <skipped/>
  </testcase> <!-- validateDatePickerOperation -->
  <testcase name="validateDatePickerOperation" time="22.177" classname="com.cybage.assignment.test.widgetsPageTest">
    <skipped/>
  </testcase> <!-- validateDatePickerOperation -->
  <testcase name="validateDatePickerOperation" time="2.884" classname="com.cybage.assignment.test.widgetsPageTest">
    <skipped/>
  </testcase> <!-- validateDatePickerOperation -->
  <testcase name="validateDatePickerOperation" time="2.887" classname="com.cybage.assignment.test.widgetsPageTest">
    <failure type="org.openqa.selenium.ElementClickInterceptedException" message="element click intercepted: Element &amp;lt;div class=&amp;quot;react-datepicker__day react-datepicker__day--0...&amp;quot; tabindex=&amp;quot;-1&amp;quot; aria-label=&amp;quot;Choose Wednesday, May 25th, 1988&amp;quot; role=&amp;quot;option&amp;quot; aria-disabled=&amp;quot;false&amp;quot;&amp;gt;25&amp;lt;/div&amp;gt; is not clickable at point (644, 244). Other element would receive the click: &amp;lt;div class=&amp;quot;react-datepicker__year-option&amp;quot;&amp;gt;...&amp;lt;/div&amp;gt;
  (Session info: chrome=93.0.4577.82)
Build info: version: &amp;apos;3.141.59&amp;apos;, revision: &amp;apos;e82be7d358&amp;apos;, time: &amp;apos;2018-11-14T08:17:03&amp;apos;
System info: host: &amp;apos;SACHINTAW-W10&amp;apos;, ip: &amp;apos;172.27.85.17&amp;apos;, os.name: &amp;apos;Windows 10&amp;apos;, os.arch: &amp;apos;x86&amp;apos;, os.version: &amp;apos;10.0&amp;apos;, java.version: &amp;apos;1.8.0_171&amp;apos;
Driver info: org.openqa.selenium.chrome.ChromeDriver
Capabilities {acceptInsecureCerts: true, browserName: chrome, browserVersion: 93.0.4577.82, chrome: {chromedriverVersion: 93.0.4577.15 (660fc11082ba5..., userDataDir: C:\Users\SACHIN~1\AppData\L...}, goog:chromeOptions: {debuggerAddress: localhost:50552}, javascriptEnabled: true, networkConnectionEnabled: false, pageLoadStrategy: normal, platform: WINDOWS, platformName: WINDOWS, proxy: Proxy(), setWindowRect: true, strictFileInteractability: false, timeouts: {implicit: 0, pageLoad: 300000, script: 30000}, unhandledPromptBehavior: dismiss and notify, webauthn:extension:credBlob: true, webauthn:extension:largeBlob: true, webauthn:virtualAuthenticators: true}
Session ID: 9363b6f16f4270114bd8e9288a0a12a2">
      <![CDATA[org.openqa.selenium.ElementClickInterceptedException: element click intercepted: Element <div class="react-datepicker__day react-datepicker__day--0..." tabindex="-1" aria-label="Choose Wednesday, May 25th, 1988" role="option" aria-disabled="false">25</div> is not clickable at point (644, 244). Other element would receive the click: <div class="react-datepicker__year-option">...</div>
  (Session info: chrome=93.0.4577.82)
Build info: version: '3.141.59', revision: 'e82be7d358', time: '2018-11-14T08:17:03'
System info: host: 'SACHINTAW-W10', ip: '172.27.85.17', os.name: 'Windows 10', os.arch: 'x86', os.version: '10.0', java.version: '1.8.0_171'
Driver info: org.openqa.selenium.chrome.ChromeDriver
Capabilities {acceptInsecureCerts: true, browserName: chrome, browserVersion: 93.0.4577.82, chrome: {chromedriverVersion: 93.0.4577.15 (660fc11082ba5..., userDataDir: C:\Users\SACHIN~1\AppData\L...}, goog:chromeOptions: {debuggerAddress: localhost:50552}, javascriptEnabled: true, networkConnectionEnabled: false, pageLoadStrategy: normal, platform: WINDOWS, platformName: WINDOWS, proxy: Proxy(), setWindowRect: true, strictFileInteractability: false, timeouts: {implicit: 0, pageLoad: 300000, script: 30000}, unhandledPromptBehavior: dismiss and notify, webauthn:extension:credBlob: true, webauthn:extension:largeBlob: true, webauthn:virtualAuthenticators: true}
Session ID: 9363b6f16f4270114bd8e9288a0a12a2
at org.openqa.selenium.remote.http.W3CHttpResponseCodec.createException(W3CHttpResponseCodec.java:187)
at org.openqa.selenium.remote.http.W3CHttpResponseCodec.decode(W3CHttpResponseCodec.java:122)
at org.openqa.selenium.remote.http.W3CHttpResponseCodec.decode(W3CHttpResponseCodec.java:49)
at org.openqa.selenium.remote.HttpCommandExecutor.execute(HttpCommandExecutor.java:158)
at org.openqa.selenium.remote.service.DriverCommandExecutor.execute(DriverCommandExecutor.java:83)
at org.openqa.selenium.remote.RemoteWebDriver.execute(RemoteWebDriver.java:552)
at org.openqa.selenium.remote.RemoteWebElement.execute(RemoteWebElement.java:285)
at org.openqa.selenium.remote.RemoteWebElement.click(RemoteWebElement.java:84)
at com.cybage.assignment.page.widgetsPage.selectDateTimeUsingDatePicker(widgetsPage.java:260)
at com.cybage.assignment.test.widgetsPageTest.validateDatePickerOperation(widgetsPageTest.java:97)
at java.util.concurrent.FutureTask.run(FutureTask.java:266)
at java.util.concurrent.ThreadPoolExecutor.runWorker(ThreadPoolExecutor.java:1149)
at java.util.concurrent.ThreadPoolExecutor$Worker.run(ThreadPoolExecutor.java:624)
at java.lang.Thread.run(Thread.java:748)
... Removed 20 stack frames]]>
    </failure>
  </testcase> <!-- validateDatePickerOperation -->
</testsuite> <!-- toolsqaWidgetTest -->
