<html>
<head>
<title>TestNG:  toolsqaHomeTest</title>
<link href="../testng.css" rel="stylesheet" type="text/css" />
<link href="../my-testng.css" rel="stylesheet" type="text/css" />

<style type="text/css">
.log { display: none;} 
.stack-trace { display: none;} 
</style>
<script type="text/javascript">
<!--
function flip(e) {
  current = e.style.display;
  if (current == 'block') {
    e.style.display = 'none';
    return 0;
  }
  else {
    e.style.display = 'block';
    return 1;
  }
}

function toggleBox(szDivId, elem, msg1, msg2)
{
  var res = -1;  if (document.getElementById) {
    res = flip(document.getElementById(szDivId));
  }
  else if (document.all) {
    // this is the way old msie versions work
    res = flip(document.all[szDivId]);
  }
  if(elem) {
    if(res == 0) elem.innerHTML = msg1; else elem.innerHTML = msg2;
  }

}

function toggleAllBoxes() {
  if (document.getElementsByTagName) {
    d = document.getElementsByTagName('div');
    for (i = 0; i < d.length; i++) {
      if (d[i].className == 'log') {
        flip(d[i]);
      }
    }
  }
}

// -->
</script>

</head>
<body>
<h2 align='center'>toolsqaHomeTest</h2><table border='1' align="center">
<tr>
<td>Tests passed/Failed/Skipped:</td><td>0/0/9</td>
</tr><tr>
<td>Started on:</td><td>Wed Oct 06 14:41:47 IST 2021</td>
</tr>
<tr><td>Total time:</td><td>0 seconds (31 ms)</td>
</tr><tr>
<td>Included groups:</td><td></td>
</tr><tr>
<td>Excluded groups:</td><td></td>
</tr>
</table><p/>
<small><i>(Hover the method name to see the test class name)</i></small><p/>
<table width='100%' border='1' class='invocation-failed'>
<tr><td colspan='4' align='center'><b>FAILED CONFIGURATIONS</b></td></tr>
<tr><td><b>Test method</b></td>
<td width="30%"><b>Exception</b></td>
<td width="10%"><b>Time (seconds)</b></td>
<td><b>Instance</b></td>
</tr>
<tr>
<td title='com.cybage.assignment.test.toolsqaHomePageTest.testSetUp()'><b>testSetUp</b><br>Test class: com.cybage.assignment.test.toolsqaHomePageTest</td>
<td><div><pre>java.lang.NullPointerException: key can&apos;t be null
	at java.lang.System.checkKey(System.java:838)
	at java.lang.System.setProperty(System.java:789)
	at com.cybage.assignment.objects.toolsqaBase.initialize(toolsqaBase.java:37)
	at com.cybage.assignment.test.toolsqaHomePageTest.testSetUp(toolsqaHomePageTest.java:26)
	at java.util.concurrent.FutureTask.run(FutureTask.java:266)
	at java.util.concurrent.ThreadPoolExecutor.runWorker(ThreadPoolExecutor.java:1149)
	at java.util.concurrent.ThreadPoolExecutor$Worker.run(ThreadPoolExecutor.java:624)
	at java.lang.Thread.run(Thread.java:748)
... Removed 17 stack frames</pre></div><a href='#' onClick='toggleBox("stack-trace30116926", this, "Click to show all stack frames", "Click to hide stack frames")'>Click to show all stack frames</a>
<div class='stack-trace' id='stack-trace30116926'><pre>java.lang.NullPointerException: key can&apos;t be null
	at java.lang.System.checkKey(System.java:838)
	at java.lang.System.setProperty(System.java:789)
	at com.cybage.assignment.objects.toolsqaBase.initialize(toolsqaBase.java:37)
	at com.cybage.assignment.test.toolsqaHomePageTest.testSetUp(toolsqaHomePageTest.java:26)
	at sun.reflect.NativeMethodAccessorImpl.invoke0(Native Method)
	at sun.reflect.NativeMethodAccessorImpl.invoke(NativeMethodAccessorImpl.java:62)
	at sun.reflect.DelegatingMethodAccessorImpl.invoke(DelegatingMethodAccessorImpl.java:43)
	at java.lang.reflect.Method.invoke(Method.java:498)
	at org.testng.internal.MethodInvocationHelper.invokeMethod(MethodInvocationHelper.java:124)
	at org.testng.internal.MethodInvocationHelper.invokeMethodConsideringTimeout(MethodInvocationHelper.java:59)
	at org.testng.internal.Invoker.invokeConfigurationMethod(Invoker.java:458)
	at org.testng.internal.Invoker.invokeConfigurations(Invoker.java:222)
	at org.testng.internal.Invoker.invokeConfigurations(Invoker.java:142)
	at org.testng.internal.TestMethodWorker.invokeBeforeClassMethods(TestMethodWorker.java:168)
	at org.testng.internal.TestMethodWorker.run(TestMethodWorker.java:105)
	at org.testng.TestRunner.privateRun(TestRunner.java:648)
	at org.testng.TestRunner.run(TestRunner.java:505)
	at org.testng.SuiteRunner.runTest(SuiteRunner.java:455)
	at org.testng.SuiteRunner.access$000(SuiteRunner.java:40)
	at org.testng.SuiteRunner$SuiteWorker.run(SuiteRunner.java:489)
	at org.testng.internal.thread.ThreadUtil$1.call(ThreadUtil.java:52)
	at java.util.concurrent.FutureTask.run(FutureTask.java:266)
	at java.util.concurrent.ThreadPoolExecutor.runWorker(ThreadPoolExecutor.java:1149)
	at java.util.concurrent.ThreadPoolExecutor$Worker.run(ThreadPoolExecutor.java:624)
	at java.lang.Thread.run(Thread.java:748)
</pre></div></td>
<td>0</td>
<td>com.cybage.assignment.test.toolsqaHomePageTest@3fac7e</td></tr>
<tr>
<td title='com.cybage.assignment.test.toolsqaElementPageTest.testSetUp()'><b>testSetUp</b><br>Test class: com.cybage.assignment.test.toolsqaElementPageTest</td>
<td><div><pre>java.lang.NullPointerException: key can&apos;t be null
	at java.lang.System.checkKey(System.java:838)
	at java.lang.System.setProperty(System.java:789)
	at com.cybage.assignment.objects.toolsqaBase.initialize(toolsqaBase.java:37)
	at com.cybage.assignment.test.toolsqaElementPageTest.testSetUp(toolsqaElementPageTest.java:33)
	at java.util.concurrent.FutureTask.run(FutureTask.java:266)
	at java.util.concurrent.ThreadPoolExecutor.runWorker(ThreadPoolExecutor.java:1149)
	at java.util.concurrent.ThreadPoolExecutor$Worker.run(ThreadPoolExecutor.java:624)
	at java.lang.Thread.run(Thread.java:748)
... Removed 17 stack frames</pre></div><a href='#' onClick='toggleBox("stack-trace749819", this, "Click to show all stack frames", "Click to hide stack frames")'>Click to show all stack frames</a>
<div class='stack-trace' id='stack-trace749819'><pre>java.lang.NullPointerException: key can&apos;t be null
	at java.lang.System.checkKey(System.java:838)
	at java.lang.System.setProperty(System.java:789)
	at com.cybage.assignment.objects.toolsqaBase.initialize(toolsqaBase.java:37)
	at com.cybage.assignment.test.toolsqaElementPageTest.testSetUp(toolsqaElementPageTest.java:33)
	at sun.reflect.NativeMethodAccessorImpl.invoke0(Native Method)
	at sun.reflect.NativeMethodAccessorImpl.invoke(NativeMethodAccessorImpl.java:62)
	at sun.reflect.DelegatingMethodAccessorImpl.invoke(DelegatingMethodAccessorImpl.java:43)
	at java.lang.reflect.Method.invoke(Method.java:498)
	at org.testng.internal.MethodInvocationHelper.invokeMethod(MethodInvocationHelper.java:124)
	at org.testng.internal.MethodInvocationHelper.invokeMethodConsideringTimeout(MethodInvocationHelper.java:59)
	at org.testng.internal.Invoker.invokeConfigurationMethod(Invoker.java:458)
	at org.testng.internal.Invoker.invokeConfigurations(Invoker.java:222)
	at org.testng.internal.Invoker.invokeConfigurations(Invoker.java:142)
	at org.testng.internal.TestMethodWorker.invokeBeforeClassMethods(TestMethodWorker.java:168)
	at org.testng.internal.TestMethodWorker.run(TestMethodWorker.java:105)
	at org.testng.TestRunner.privateRun(TestRunner.java:648)
	at org.testng.TestRunner.run(TestRunner.java:505)
	at org.testng.SuiteRunner.runTest(SuiteRunner.java:455)
	at org.testng.SuiteRunner.access$000(SuiteRunner.java:40)
	at org.testng.SuiteRunner$SuiteWorker.run(SuiteRunner.java:489)
	at org.testng.internal.thread.ThreadUtil$1.call(ThreadUtil.java:52)
	at java.util.concurrent.FutureTask.run(FutureTask.java:266)
	at java.util.concurrent.ThreadPoolExecutor.runWorker(ThreadPoolExecutor.java:1149)
	at java.util.concurrent.ThreadPoolExecutor$Worker.run(ThreadPoolExecutor.java:624)
	at java.lang.Thread.run(Thread.java:748)
</pre></div></td>
<td>0</td>
<td>com.cybage.assignment.test.toolsqaElementPageTest@6a47fd</td></tr>
</table><p>
<table width='100%' border='1' class='invocation-skipped'>
<tr><td colspan='4' align='center'><b>SKIPPED CONFIGURATIONS</b></td></tr>
<tr><td><b>Test method</b></td>
<td width="30%"><b>Exception</b></td>
<td width="10%"><b>Time (seconds)</b></td>
<td><b>Instance</b></td>
</tr>
<tr>
<td title='com.cybage.assignment.test.toolsqaHomePageTest.waitToLoadElements()'><b>waitToLoadElements</b><br>Test class: com.cybage.assignment.test.toolsqaHomePageTest</td>
<td></td>
<td>0</td>
<td>com.cybage.assignment.test.toolsqaHomePageTest@3fac7e</td></tr>
<tr>
<td title='com.cybage.assignment.test.toolsqaElementPageTest.waitToLoadElements()'><b>waitToLoadElements</b><br>Test class: com.cybage.assignment.test.toolsqaElementPageTest</td>
<td></td>
<td>0</td>
<td>com.cybage.assignment.test.toolsqaElementPageTest@6a47fd</td></tr>
<tr>
<td title='com.cybage.assignment.test.toolsqaHomePageTest.waitToLoadElements()'><b>waitToLoadElements</b><br>Test class: com.cybage.assignment.test.toolsqaHomePageTest</td>
<td></td>
<td>0</td>
<td>com.cybage.assignment.test.toolsqaHomePageTest@3fac7e</td></tr>
<tr>
<td title='com.cybage.assignment.test.toolsqaHomePageTest.waitToLoadElements()'><b>waitToLoadElements</b><br>Test class: com.cybage.assignment.test.toolsqaHomePageTest</td>
<td></td>
<td>0</td>
<td>com.cybage.assignment.test.toolsqaHomePageTest@3fac7e</td></tr>
<tr>
<td title='com.cybage.assignment.test.toolsqaHomePageTest.waitToLoadElements()'><b>waitToLoadElements</b><br>Test class: com.cybage.assignment.test.toolsqaHomePageTest</td>
<td></td>
<td>0</td>
<td>com.cybage.assignment.test.toolsqaHomePageTest@3fac7e</td></tr>
<tr>
<td title='com.cybage.assignment.test.toolsqaHomePageTest.waitToLoadElements()'><b>waitToLoadElements</b><br>Test class: com.cybage.assignment.test.toolsqaHomePageTest</td>
<td></td>
<td>0</td>
<td>com.cybage.assignment.test.toolsqaHomePageTest@3fac7e</td></tr>
<tr>
<td title='com.cybage.assignment.test.toolsqaHomePageTest.waitToLoadElements()'><b>waitToLoadElements</b><br>Test class: com.cybage.assignment.test.toolsqaHomePageTest</td>
<td></td>
<td>0</td>
<td>com.cybage.assignment.test.toolsqaHomePageTest@3fac7e</td></tr>
<tr>
<td title='com.cybage.assignment.test.toolsqaHomePageTest.waitToLoadElements()'><b>waitToLoadElements</b><br>Test class: com.cybage.assignment.test.toolsqaHomePageTest</td>
<td></td>
<td>0</td>
<td>com.cybage.assignment.test.toolsqaHomePageTest@3fac7e</td></tr>
<tr>
<td title='com.cybage.assignment.test.toolsqaHomePageTest.waitToLoadElements()'><b>waitToLoadElements</b><br>Test class: com.cybage.assignment.test.toolsqaHomePageTest</td>
<td></td>
<td>0</td>
<td>com.cybage.assignment.test.toolsqaHomePageTest@3fac7e</td></tr>
<tr>
<td title='com.cybage.assignment.test.toolsqaHomePageTest.waitToLoadElements()'><b>waitToLoadElements</b><br>Test class: com.cybage.assignment.test.toolsqaHomePageTest</td>
<td></td>
<td>0</td>
<td>com.cybage.assignment.test.toolsqaHomePageTest@3fac7e</td></tr>
<tr>
<td title='com.cybage.assignment.test.toolsqaHomePageTest.captureAndReport()'><b>captureAndReport</b><br>Test class: com.cybage.assignment.test.toolsqaHomePageTest</td>
<td></td>
<td>0</td>
<td>com.cybage.assignment.test.toolsqaHomePageTest@3fac7e</td></tr>
<tr>
<td title='com.cybage.assignment.test.toolsqaElementPageTest.captureAndReport()'><b>captureAndReport</b><br>Test class: com.cybage.assignment.test.toolsqaElementPageTest</td>
<td></td>
<td>0</td>
<td>com.cybage.assignment.test.toolsqaElementPageTest@6a47fd</td></tr>
<tr>
<td title='com.cybage.assignment.test.toolsqaHomePageTest.captureAndReport()'><b>captureAndReport</b><br>Test class: com.cybage.assignment.test.toolsqaHomePageTest</td>
<td></td>
<td>0</td>
<td>com.cybage.assignment.test.toolsqaHomePageTest@3fac7e</td></tr>
<tr>
<td title='com.cybage.assignment.test.toolsqaHomePageTest.captureAndReport()'><b>captureAndReport</b><br>Test class: com.cybage.assignment.test.toolsqaHomePageTest</td>
<td></td>
<td>0</td>
<td>com.cybage.assignment.test.toolsqaHomePageTest@3fac7e</td></tr>
<tr>
<td title='com.cybage.assignment.test.toolsqaHomePageTest.captureAndReport()'><b>captureAndReport</b><br>Test class: com.cybage.assignment.test.toolsqaHomePageTest</td>
<td></td>
<td>0</td>
<td>com.cybage.assignment.test.toolsqaHomePageTest@3fac7e</td></tr>
<tr>
<td title='com.cybage.assignment.test.toolsqaHomePageTest.captureAndReport()'><b>captureAndReport</b><br>Test class: com.cybage.assignment.test.toolsqaHomePageTest</td>
<td></td>
<td>0</td>
<td>com.cybage.assignment.test.toolsqaHomePageTest@3fac7e</td></tr>
<tr>
<td title='com.cybage.assignment.test.toolsqaHomePageTest.captureAndReport()'><b>captureAndReport</b><br>Test class: com.cybage.assignment.test.toolsqaHomePageTest</td>
<td></td>
<td>0</td>
<td>com.cybage.assignment.test.toolsqaHomePageTest@3fac7e</td></tr>
<tr>
<td title='com.cybage.assignment.test.toolsqaHomePageTest.captureAndReport()'><b>captureAndReport</b><br>Test class: com.cybage.assignment.test.toolsqaHomePageTest</td>
<td></td>
<td>0</td>
<td>com.cybage.assignment.test.toolsqaHomePageTest@3fac7e</td></tr>
<tr>
<td title='com.cybage.assignment.test.toolsqaHomePageTest.captureAndReport()'><b>captureAndReport</b><br>Test class: com.cybage.assignment.test.toolsqaHomePageTest</td>
<td></td>
<td>0</td>
<td>com.cybage.assignment.test.toolsqaHomePageTest@3fac7e</td></tr>
<tr>
<td title='com.cybage.assignment.test.toolsqaHomePageTest.captureAndReport()'><b>captureAndReport</b><br>Test class: com.cybage.assignment.test.toolsqaHomePageTest</td>
<td></td>
<td>0</td>
<td>com.cybage.assignment.test.toolsqaHomePageTest@3fac7e</td></tr>
<tr>
<td title='com.cybage.assignment.test.toolsqaElementPageTest.testCleanUp()'><b>testCleanUp</b><br>Test class: com.cybage.assignment.test.toolsqaElementPageTest</td>
<td></td>
<td>0</td>
<td>com.cybage.assignment.test.toolsqaElementPageTest@6a47fd</td></tr>
<tr>
<td title='com.cybage.assignment.test.toolsqaHomePageTest.testCleanUp()'><b>testCleanUp</b><br>Test class: com.cybage.assignment.test.toolsqaHomePageTest</td>
<td></td>
<td>0</td>
<td>com.cybage.assignment.test.toolsqaHomePageTest@3fac7e</td></tr>
<tr>
<td title='com.cybage.assignment.test.toolsqaElementPageTest.releaseDriver()'><b>releaseDriver</b><br>Test class: com.cybage.assignment.test.toolsqaElementPageTest</td>
<td></td>
<td>0</td>
<td>com.cybage.assignment.test.toolsqaElementPageTest@6a47fd</td></tr>
<tr>
<td title='com.cybage.assignment.test.toolsqaHomePageTest.releaseDriver()'><b>releaseDriver</b><br>Test class: com.cybage.assignment.test.toolsqaHomePageTest</td>
<td></td>
<td>0</td>
<td>com.cybage.assignment.test.toolsqaHomePageTest@3fac7e</td></tr>
</table><p>
<table width='100%' border='1' class='invocation-skipped'>
<tr><td colspan='4' align='center'><b>SKIPPED TESTS</b></td></tr>
<tr><td><b>Test method</b></td>
<td width="30%"><b>Exception</b></td>
<td width="10%"><b>Time (seconds)</b></td>
<td><b>Instance</b></td>
</tr>
<tr>
<td title='com.cybage.assignment.test.toolsqaHomePageTest.validateIfAlertTabPresent()'><b>validateIfAlertTabPresent</b><br>Test class: com.cybage.assignment.test.toolsqaHomePageTest</td>
<td><div><pre>java.lang.NullPointerException: key can&apos;t be null
	at java.lang.System.checkKey(System.java:838)
	at java.lang.System.setProperty(System.java:789)
	at com.cybage.assignment.objects.toolsqaBase.initialize(toolsqaBase.java:37)
	at com.cybage.assignment.test.toolsqaHomePageTest.testSetUp(toolsqaHomePageTest.java:26)
	at java.util.concurrent.FutureTask.run(FutureTask.java:266)
	at java.util.concurrent.ThreadPoolExecutor.runWorker(ThreadPoolExecutor.java:1149)
	at java.util.concurrent.ThreadPoolExecutor$Worker.run(ThreadPoolExecutor.java:624)
	at java.lang.Thread.run(Thread.java:748)
... Removed 17 stack frames</pre></div><a href='#' onClick='toggleBox("stack-trace10005272", this, "Click to show all stack frames", "Click to hide stack frames")'>Click to show all stack frames</a>
<div class='stack-trace' id='stack-trace10005272'><pre>java.lang.NullPointerException: key can&apos;t be null
	at java.lang.System.checkKey(System.java:838)
	at java.lang.System.setProperty(System.java:789)
	at com.cybage.assignment.objects.toolsqaBase.initialize(toolsqaBase.java:37)
	at com.cybage.assignment.test.toolsqaHomePageTest.testSetUp(toolsqaHomePageTest.java:26)
	at sun.reflect.NativeMethodAccessorImpl.invoke0(Native Method)
	at sun.reflect.NativeMethodAccessorImpl.invoke(NativeMethodAccessorImpl.java:62)
	at sun.reflect.DelegatingMethodAccessorImpl.invoke(DelegatingMethodAccessorImpl.java:43)
	at java.lang.reflect.Method.invoke(Method.java:498)
	at org.testng.internal.MethodInvocationHelper.invokeMethod(MethodInvocationHelper.java:124)
	at org.testng.internal.MethodInvocationHelper.invokeMethodConsideringTimeout(MethodInvocationHelper.java:59)
	at org.testng.internal.Invoker.invokeConfigurationMethod(Invoker.java:458)
	at org.testng.internal.Invoker.invokeConfigurations(Invoker.java:222)
	at org.testng.internal.Invoker.invokeConfigurations(Invoker.java:142)
	at org.testng.internal.TestMethodWorker.invokeBeforeClassMethods(TestMethodWorker.java:168)
	at org.testng.internal.TestMethodWorker.run(TestMethodWorker.java:105)
	at org.testng.TestRunner.privateRun(TestRunner.java:648)
	at org.testng.TestRunner.run(TestRunner.java:505)
	at org.testng.SuiteRunner.runTest(SuiteRunner.java:455)
	at org.testng.SuiteRunner.access$000(SuiteRunner.java:40)
	at org.testng.SuiteRunner$SuiteWorker.run(SuiteRunner.java:489)
	at org.testng.internal.thread.ThreadUtil$1.call(ThreadUtil.java:52)
	at java.util.concurrent.FutureTask.run(FutureTask.java:266)
	at java.util.concurrent.ThreadPoolExecutor.runWorker(ThreadPoolExecutor.java:1149)
	at java.util.concurrent.ThreadPoolExecutor$Worker.run(ThreadPoolExecutor.java:624)
	at java.lang.Thread.run(Thread.java:748)
</pre></div></td>
<td>0</td>
<td>com.cybage.assignment.test.toolsqaHomePageTest@3fac7e</td></tr>
<tr>
<td title='com.cybage.assignment.test.toolsqaHomePageTest.validateIfBookStoreTabPresent()'><b>validateIfBookStoreTabPresent</b><br>Test class: com.cybage.assignment.test.toolsqaHomePageTest</td>
<td><div><pre>java.lang.NullPointerException: key can&apos;t be null
	at java.lang.System.checkKey(System.java:838)
	at java.lang.System.setProperty(System.java:789)
	at com.cybage.assignment.objects.toolsqaBase.initialize(toolsqaBase.java:37)
	at com.cybage.assignment.test.toolsqaHomePageTest.testSetUp(toolsqaHomePageTest.java:26)
	at java.util.concurrent.FutureTask.run(FutureTask.java:266)
	at java.util.concurrent.ThreadPoolExecutor.runWorker(ThreadPoolExecutor.java:1149)
	at java.util.concurrent.ThreadPoolExecutor$Worker.run(ThreadPoolExecutor.java:624)
	at java.lang.Thread.run(Thread.java:748)
... Removed 17 stack frames</pre></div><a href='#' onClick='toggleBox("stack-trace23253999", this, "Click to show all stack frames", "Click to hide stack frames")'>Click to show all stack frames</a>
<div class='stack-trace' id='stack-trace23253999'><pre>java.lang.NullPointerException: key can&apos;t be null
	at java.lang.System.checkKey(System.java:838)
	at java.lang.System.setProperty(System.java:789)
	at com.cybage.assignment.objects.toolsqaBase.initialize(toolsqaBase.java:37)
	at com.cybage.assignment.test.toolsqaHomePageTest.testSetUp(toolsqaHomePageTest.java:26)
	at sun.reflect.NativeMethodAccessorImpl.invoke0(Native Method)
	at sun.reflect.NativeMethodAccessorImpl.invoke(NativeMethodAccessorImpl.java:62)
	at sun.reflect.DelegatingMethodAccessorImpl.invoke(DelegatingMethodAccessorImpl.java:43)
	at java.lang.reflect.Method.invoke(Method.java:498)
	at org.testng.internal.MethodInvocationHelper.invokeMethod(MethodInvocationHelper.java:124)
	at org.testng.internal.MethodInvocationHelper.invokeMethodConsideringTimeout(MethodInvocationHelper.java:59)
	at org.testng.internal.Invoker.invokeConfigurationMethod(Invoker.java:458)
	at org.testng.internal.Invoker.invokeConfigurations(Invoker.java:222)
	at org.testng.internal.Invoker.invokeConfigurations(Invoker.java:142)
	at org.testng.internal.TestMethodWorker.invokeBeforeClassMethods(TestMethodWorker.java:168)
	at org.testng.internal.TestMethodWorker.run(TestMethodWorker.java:105)
	at org.testng.TestRunner.privateRun(TestRunner.java:648)
	at org.testng.TestRunner.run(TestRunner.java:505)
	at org.testng.SuiteRunner.runTest(SuiteRunner.java:455)
	at org.testng.SuiteRunner.access$000(SuiteRunner.java:40)
	at org.testng.SuiteRunner$SuiteWorker.run(SuiteRunner.java:489)
	at org.testng.internal.thread.ThreadUtil$1.call(ThreadUtil.java:52)
	at java.util.concurrent.FutureTask.run(FutureTask.java:266)
	at java.util.concurrent.ThreadPoolExecutor.runWorker(ThreadPoolExecutor.java:1149)
	at java.util.concurrent.ThreadPoolExecutor$Worker.run(ThreadPoolExecutor.java:624)
	at java.lang.Thread.run(Thread.java:748)
</pre></div></td>
<td>0</td>
<td>com.cybage.assignment.test.toolsqaHomePageTest@3fac7e</td></tr>
<tr>
<td title='com.cybage.assignment.test.toolsqaHomePageTest.validateIfElementsTabPresent()'><b>validateIfElementsTabPresent</b><br>Test class: com.cybage.assignment.test.toolsqaHomePageTest</td>
<td><div><pre>java.lang.NullPointerException: key can&apos;t be null
	at java.lang.System.checkKey(System.java:838)
	at java.lang.System.setProperty(System.java:789)
	at com.cybage.assignment.objects.toolsqaBase.initialize(toolsqaBase.java:37)
	at com.cybage.assignment.test.toolsqaHomePageTest.testSetUp(toolsqaHomePageTest.java:26)
	at java.util.concurrent.FutureTask.run(FutureTask.java:266)
	at java.util.concurrent.ThreadPoolExecutor.runWorker(ThreadPoolExecutor.java:1149)
	at java.util.concurrent.ThreadPoolExecutor$Worker.run(ThreadPoolExecutor.java:624)
	at java.lang.Thread.run(Thread.java:748)
... Removed 17 stack frames</pre></div><a href='#' onClick='toggleBox("stack-trace25416243", this, "Click to show all stack frames", "Click to hide stack frames")'>Click to show all stack frames</a>
<div class='stack-trace' id='stack-trace25416243'><pre>java.lang.NullPointerException: key can&apos;t be null
	at java.lang.System.checkKey(System.java:838)
	at java.lang.System.setProperty(System.java:789)
	at com.cybage.assignment.objects.toolsqaBase.initialize(toolsqaBase.java:37)
	at com.cybage.assignment.test.toolsqaHomePageTest.testSetUp(toolsqaHomePageTest.java:26)
	at sun.reflect.NativeMethodAccessorImpl.invoke0(Native Method)
	at sun.reflect.NativeMethodAccessorImpl.invoke(NativeMethodAccessorImpl.java:62)
	at sun.reflect.DelegatingMethodAccessorImpl.invoke(DelegatingMethodAccessorImpl.java:43)
	at java.lang.reflect.Method.invoke(Method.java:498)
	at org.testng.internal.MethodInvocationHelper.invokeMethod(MethodInvocationHelper.java:124)
	at org.testng.internal.MethodInvocationHelper.invokeMethodConsideringTimeout(MethodInvocationHelper.java:59)
	at org.testng.internal.Invoker.invokeConfigurationMethod(Invoker.java:458)
	at org.testng.internal.Invoker.invokeConfigurations(Invoker.java:222)
	at org.testng.internal.Invoker.invokeConfigurations(Invoker.java:142)
	at org.testng.internal.TestMethodWorker.invokeBeforeClassMethods(TestMethodWorker.java:168)
	at org.testng.internal.TestMethodWorker.run(TestMethodWorker.java:105)
	at org.testng.TestRunner.privateRun(TestRunner.java:648)
	at org.testng.TestRunner.run(TestRunner.java:505)
	at org.testng.SuiteRunner.runTest(SuiteRunner.java:455)
	at org.testng.SuiteRunner.access$000(SuiteRunner.java:40)
	at org.testng.SuiteRunner$SuiteWorker.run(SuiteRunner.java:489)
	at org.testng.internal.thread.ThreadUtil$1.call(ThreadUtil.java:52)
	at java.util.concurrent.FutureTask.run(FutureTask.java:266)
	at java.util.concurrent.ThreadPoolExecutor.runWorker(ThreadPoolExecutor.java:1149)
	at java.util.concurrent.ThreadPoolExecutor$Worker.run(ThreadPoolExecutor.java:624)
	at java.lang.Thread.run(Thread.java:748)
</pre></div></td>
<td>0</td>
<td>com.cybage.assignment.test.toolsqaHomePageTest@3fac7e</td></tr>
<tr>
<td title='com.cybage.assignment.test.toolsqaHomePageTest.validateIfFormsTabPresent()'><b>validateIfFormsTabPresent</b><br>Test class: com.cybage.assignment.test.toolsqaHomePageTest</td>
<td><div><pre>java.lang.NullPointerException: key can&apos;t be null
	at java.lang.System.checkKey(System.java:838)
	at java.lang.System.setProperty(System.java:789)
	at com.cybage.assignment.objects.toolsqaBase.initialize(toolsqaBase.java:37)
	at com.cybage.assignment.test.toolsqaHomePageTest.testSetUp(toolsqaHomePageTest.java:26)
	at java.util.concurrent.FutureTask.run(FutureTask.java:266)
	at java.util.concurrent.ThreadPoolExecutor.runWorker(ThreadPoolExecutor.java:1149)
	at java.util.concurrent.ThreadPoolExecutor$Worker.run(ThreadPoolExecutor.java:624)
	at java.lang.Thread.run(Thread.java:748)
... Removed 17 stack frames</pre></div><a href='#' onClick='toggleBox("stack-trace25747420", this, "Click to show all stack frames", "Click to hide stack frames")'>Click to show all stack frames</a>
<div class='stack-trace' id='stack-trace25747420'><pre>java.lang.NullPointerException: key can&apos;t be null
	at java.lang.System.checkKey(System.java:838)
	at java.lang.System.setProperty(System.java:789)
	at com.cybage.assignment.objects.toolsqaBase.initialize(toolsqaBase.java:37)
	at com.cybage.assignment.test.toolsqaHomePageTest.testSetUp(toolsqaHomePageTest.java:26)
	at sun.reflect.NativeMethodAccessorImpl.invoke0(Native Method)
	at sun.reflect.NativeMethodAccessorImpl.invoke(NativeMethodAccessorImpl.java:62)
	at sun.reflect.DelegatingMethodAccessorImpl.invoke(DelegatingMethodAccessorImpl.java:43)
	at java.lang.reflect.Method.invoke(Method.java:498)
	at org.testng.internal.MethodInvocationHelper.invokeMethod(MethodInvocationHelper.java:124)
	at org.testng.internal.MethodInvocationHelper.invokeMethodConsideringTimeout(MethodInvocationHelper.java:59)
	at org.testng.internal.Invoker.invokeConfigurationMethod(Invoker.java:458)
	at org.testng.internal.Invoker.invokeConfigurations(Invoker.java:222)
	at org.testng.internal.Invoker.invokeConfigurations(Invoker.java:142)
	at org.testng.internal.TestMethodWorker.invokeBeforeClassMethods(TestMethodWorker.java:168)
	at org.testng.internal.TestMethodWorker.run(TestMethodWorker.java:105)
	at org.testng.TestRunner.privateRun(TestRunner.java:648)
	at org.testng.TestRunner.run(TestRunner.java:505)
	at org.testng.SuiteRunner.runTest(SuiteRunner.java:455)
	at org.testng.SuiteRunner.access$000(SuiteRunner.java:40)
	at org.testng.SuiteRunner$SuiteWorker.run(SuiteRunner.java:489)
	at org.testng.internal.thread.ThreadUtil$1.call(ThreadUtil.java:52)
	at java.util.concurrent.FutureTask.run(FutureTask.java:266)
	at java.util.concurrent.ThreadPoolExecutor.runWorker(ThreadPoolExecutor.java:1149)
	at java.util.concurrent.ThreadPoolExecutor$Worker.run(ThreadPoolExecutor.java:624)
	at java.lang.Thread.run(Thread.java:748)
</pre></div></td>
<td>0</td>
<td>com.cybage.assignment.test.toolsqaHomePageTest@3fac7e</td></tr>
<tr>
<td title='com.cybage.assignment.test.toolsqaHomePageTest.validateIfInteractionsTabPresent()'><b>validateIfInteractionsTabPresent</b><br>Test class: com.cybage.assignment.test.toolsqaHomePageTest</td>
<td><div><pre>java.lang.NullPointerException: key can&apos;t be null
	at java.lang.System.checkKey(System.java:838)
	at java.lang.System.setProperty(System.java:789)
	at com.cybage.assignment.objects.toolsqaBase.initialize(toolsqaBase.java:37)
	at com.cybage.assignment.test.toolsqaHomePageTest.testSetUp(toolsqaHomePageTest.java:26)
	at java.util.concurrent.FutureTask.run(FutureTask.java:266)
	at java.util.concurrent.ThreadPoolExecutor.runWorker(ThreadPoolExecutor.java:1149)
	at java.util.concurrent.ThreadPoolExecutor$Worker.run(ThreadPoolExecutor.java:624)
	at java.lang.Thread.run(Thread.java:748)
... Removed 17 stack frames</pre></div><a href='#' onClick='toggleBox("stack-trace33376298", this, "Click to show all stack frames", "Click to hide stack frames")'>Click to show all stack frames</a>
<div class='stack-trace' id='stack-trace33376298'><pre>java.lang.NullPointerException: key can&apos;t be null
	at java.lang.System.checkKey(System.java:838)
	at java.lang.System.setProperty(System.java:789)
	at com.cybage.assignment.objects.toolsqaBase.initialize(toolsqaBase.java:37)
	at com.cybage.assignment.test.toolsqaHomePageTest.testSetUp(toolsqaHomePageTest.java:26)
	at sun.reflect.NativeMethodAccessorImpl.invoke0(Native Method)
	at sun.reflect.NativeMethodAccessorImpl.invoke(NativeMethodAccessorImpl.java:62)
	at sun.reflect.DelegatingMethodAccessorImpl.invoke(DelegatingMethodAccessorImpl.java:43)
	at java.lang.reflect.Method.invoke(Method.java:498)
	at org.testng.internal.MethodInvocationHelper.invokeMethod(MethodInvocationHelper.java:124)
	at org.testng.internal.MethodInvocationHelper.invokeMethodConsideringTimeout(MethodInvocationHelper.java:59)
	at org.testng.internal.Invoker.invokeConfigurationMethod(Invoker.java:458)
	at org.testng.internal.Invoker.invokeConfigurations(Invoker.java:222)
	at org.testng.internal.Invoker.invokeConfigurations(Invoker.java:142)
	at org.testng.internal.TestMethodWorker.invokeBeforeClassMethods(TestMethodWorker.java:168)
	at org.testng.internal.TestMethodWorker.run(TestMethodWorker.java:105)
	at org.testng.TestRunner.privateRun(TestRunner.java:648)
	at org.testng.TestRunner.run(TestRunner.java:505)
	at org.testng.SuiteRunner.runTest(SuiteRunner.java:455)
	at org.testng.SuiteRunner.access$000(SuiteRunner.java:40)
	at org.testng.SuiteRunner$SuiteWorker.run(SuiteRunner.java:489)
	at org.testng.internal.thread.ThreadUtil$1.call(ThreadUtil.java:52)
	at java.util.concurrent.FutureTask.run(FutureTask.java:266)
	at java.util.concurrent.ThreadPoolExecutor.runWorker(ThreadPoolExecutor.java:1149)
	at java.util.concurrent.ThreadPoolExecutor$Worker.run(ThreadPoolExecutor.java:624)
	at java.lang.Thread.run(Thread.java:748)
</pre></div></td>
<td>0</td>
<td>com.cybage.assignment.test.toolsqaHomePageTest@3fac7e</td></tr>
<tr>
<td title='com.cybage.assignment.test.toolsqaHomePageTest.validateIfLogoPresent()'><b>validateIfLogoPresent</b><br>Test class: com.cybage.assignment.test.toolsqaHomePageTest</td>
<td><div><pre>java.lang.NullPointerException: key can&apos;t be null
	at java.lang.System.checkKey(System.java:838)
	at java.lang.System.setProperty(System.java:789)
	at com.cybage.assignment.objects.toolsqaBase.initialize(toolsqaBase.java:37)
	at com.cybage.assignment.test.toolsqaHomePageTest.testSetUp(toolsqaHomePageTest.java:26)
	at java.util.concurrent.FutureTask.run(FutureTask.java:266)
	at java.util.concurrent.ThreadPoolExecutor.runWorker(ThreadPoolExecutor.java:1149)
	at java.util.concurrent.ThreadPoolExecutor$Worker.run(ThreadPoolExecutor.java:624)
	at java.lang.Thread.run(Thread.java:748)
... Removed 17 stack frames</pre></div><a href='#' onClick='toggleBox("stack-trace27474789", this, "Click to show all stack frames", "Click to hide stack frames")'>Click to show all stack frames</a>
<div class='stack-trace' id='stack-trace27474789'><pre>java.lang.NullPointerException: key can&apos;t be null
	at java.lang.System.checkKey(System.java:838)
	at java.lang.System.setProperty(System.java:789)
	at com.cybage.assignment.objects.toolsqaBase.initialize(toolsqaBase.java:37)
	at com.cybage.assignment.test.toolsqaHomePageTest.testSetUp(toolsqaHomePageTest.java:26)
	at sun.reflect.NativeMethodAccessorImpl.invoke0(Native Method)
	at sun.reflect.NativeMethodAccessorImpl.invoke(NativeMethodAccessorImpl.java:62)
	at sun.reflect.DelegatingMethodAccessorImpl.invoke(DelegatingMethodAccessorImpl.java:43)
	at java.lang.reflect.Method.invoke(Method.java:498)
	at org.testng.internal.MethodInvocationHelper.invokeMethod(MethodInvocationHelper.java:124)
	at org.testng.internal.MethodInvocationHelper.invokeMethodConsideringTimeout(MethodInvocationHelper.java:59)
	at org.testng.internal.Invoker.invokeConfigurationMethod(Invoker.java:458)
	at org.testng.internal.Invoker.invokeConfigurations(Invoker.java:222)
	at org.testng.internal.Invoker.invokeConfigurations(Invoker.java:142)
	at org.testng.internal.TestMethodWorker.invokeBeforeClassMethods(TestMethodWorker.java:168)
	at org.testng.internal.TestMethodWorker.run(TestMethodWorker.java:105)
	at org.testng.TestRunner.privateRun(TestRunner.java:648)
	at org.testng.TestRunner.run(TestRunner.java:505)
	at org.testng.SuiteRunner.runTest(SuiteRunner.java:455)
	at org.testng.SuiteRunner.access$000(SuiteRunner.java:40)
	at org.testng.SuiteRunner$SuiteWorker.run(SuiteRunner.java:489)
	at org.testng.internal.thread.ThreadUtil$1.call(ThreadUtil.java:52)
	at java.util.concurrent.FutureTask.run(FutureTask.java:266)
	at java.util.concurrent.ThreadPoolExecutor.runWorker(ThreadPoolExecutor.java:1149)
	at java.util.concurrent.ThreadPoolExecutor$Worker.run(ThreadPoolExecutor.java:624)
	at java.lang.Thread.run(Thread.java:748)
</pre></div></td>
<td>0</td>
<td>com.cybage.assignment.test.toolsqaHomePageTest@3fac7e</td></tr>
<tr>
<td title='com.cybage.assignment.test.toolsqaHomePageTest.validateIfWidgetTabPresent()'><b>validateIfWidgetTabPresent</b><br>Test class: com.cybage.assignment.test.toolsqaHomePageTest</td>
<td><div><pre>java.lang.NullPointerException: key can&apos;t be null
	at java.lang.System.checkKey(System.java:838)
	at java.lang.System.setProperty(System.java:789)
	at com.cybage.assignment.objects.toolsqaBase.initialize(toolsqaBase.java:37)
	at com.cybage.assignment.test.toolsqaHomePageTest.testSetUp(toolsqaHomePageTest.java:26)
	at java.util.concurrent.FutureTask.run(FutureTask.java:266)
	at java.util.concurrent.ThreadPoolExecutor.runWorker(ThreadPoolExecutor.java:1149)
	at java.util.concurrent.ThreadPoolExecutor$Worker.run(ThreadPoolExecutor.java:624)
	at java.lang.Thread.run(Thread.java:748)
... Removed 17 stack frames</pre></div><a href='#' onClick='toggleBox("stack-trace6441934", this, "Click to show all stack frames", "Click to hide stack frames")'>Click to show all stack frames</a>
<div class='stack-trace' id='stack-trace6441934'><pre>java.lang.NullPointerException: key can&apos;t be null
	at java.lang.System.checkKey(System.java:838)
	at java.lang.System.setProperty(System.java:789)
	at com.cybage.assignment.objects.toolsqaBase.initialize(toolsqaBase.java:37)
	at com.cybage.assignment.test.toolsqaHomePageTest.testSetUp(toolsqaHomePageTest.java:26)
	at sun.reflect.NativeMethodAccessorImpl.invoke0(Native Method)
	at sun.reflect.NativeMethodAccessorImpl.invoke(NativeMethodAccessorImpl.java:62)
	at sun.reflect.DelegatingMethodAccessorImpl.invoke(DelegatingMethodAccessorImpl.java:43)
	at java.lang.reflect.Method.invoke(Method.java:498)
	at org.testng.internal.MethodInvocationHelper.invokeMethod(MethodInvocationHelper.java:124)
	at org.testng.internal.MethodInvocationHelper.invokeMethodConsideringTimeout(MethodInvocationHelper.java:59)
	at org.testng.internal.Invoker.invokeConfigurationMethod(Invoker.java:458)
	at org.testng.internal.Invoker.invokeConfigurations(Invoker.java:222)
	at org.testng.internal.Invoker.invokeConfigurations(Invoker.java:142)
	at org.testng.internal.TestMethodWorker.invokeBeforeClassMethods(TestMethodWorker.java:168)
	at org.testng.internal.TestMethodWorker.run(TestMethodWorker.java:105)
	at org.testng.TestRunner.privateRun(TestRunner.java:648)
	at org.testng.TestRunner.run(TestRunner.java:505)
	at org.testng.SuiteRunner.runTest(SuiteRunner.java:455)
	at org.testng.SuiteRunner.access$000(SuiteRunner.java:40)
	at org.testng.SuiteRunner$SuiteWorker.run(SuiteRunner.java:489)
	at org.testng.internal.thread.ThreadUtil$1.call(ThreadUtil.java:52)
	at java.util.concurrent.FutureTask.run(FutureTask.java:266)
	at java.util.concurrent.ThreadPoolExecutor.runWorker(ThreadPoolExecutor.java:1149)
	at java.util.concurrent.ThreadPoolExecutor$Worker.run(ThreadPoolExecutor.java:624)
	at java.lang.Thread.run(Thread.java:748)
</pre></div></td>
<td>0</td>
<td>com.cybage.assignment.test.toolsqaHomePageTest@3fac7e</td></tr>
<tr>
<td title='com.cybage.assignment.test.toolsqaHomePageTest.validatePageBanner()'><b>validatePageBanner</b><br>Test class: com.cybage.assignment.test.toolsqaHomePageTest</td>
<td><div><pre>java.lang.NullPointerException: key can&apos;t be null
	at java.lang.System.checkKey(System.java:838)
	at java.lang.System.setProperty(System.java:789)
	at com.cybage.assignment.objects.toolsqaBase.initialize(toolsqaBase.java:37)
	at com.cybage.assignment.test.toolsqaHomePageTest.testSetUp(toolsqaHomePageTest.java:26)
	at java.util.concurrent.FutureTask.run(FutureTask.java:266)
	at java.util.concurrent.ThreadPoolExecutor.runWorker(ThreadPoolExecutor.java:1149)
	at java.util.concurrent.ThreadPoolExecutor$Worker.run(ThreadPoolExecutor.java:624)
	at java.lang.Thread.run(Thread.java:748)
... Removed 17 stack frames</pre></div><a href='#' onClick='toggleBox("stack-trace25435795", this, "Click to show all stack frames", "Click to hide stack frames")'>Click to show all stack frames</a>
<div class='stack-trace' id='stack-trace25435795'><pre>java.lang.NullPointerException: key can&apos;t be null
	at java.lang.System.checkKey(System.java:838)
	at java.lang.System.setProperty(System.java:789)
	at com.cybage.assignment.objects.toolsqaBase.initialize(toolsqaBase.java:37)
	at com.cybage.assignment.test.toolsqaHomePageTest.testSetUp(toolsqaHomePageTest.java:26)
	at sun.reflect.NativeMethodAccessorImpl.invoke0(Native Method)
	at sun.reflect.NativeMethodAccessorImpl.invoke(NativeMethodAccessorImpl.java:62)
	at sun.reflect.DelegatingMethodAccessorImpl.invoke(DelegatingMethodAccessorImpl.java:43)
	at java.lang.reflect.Method.invoke(Method.java:498)
	at org.testng.internal.MethodInvocationHelper.invokeMethod(MethodInvocationHelper.java:124)
	at org.testng.internal.MethodInvocationHelper.invokeMethodConsideringTimeout(MethodInvocationHelper.java:59)
	at org.testng.internal.Invoker.invokeConfigurationMethod(Invoker.java:458)
	at org.testng.internal.Invoker.invokeConfigurations(Invoker.java:222)
	at org.testng.internal.Invoker.invokeConfigurations(Invoker.java:142)
	at org.testng.internal.TestMethodWorker.invokeBeforeClassMethods(TestMethodWorker.java:168)
	at org.testng.internal.TestMethodWorker.run(TestMethodWorker.java:105)
	at org.testng.TestRunner.privateRun(TestRunner.java:648)
	at org.testng.TestRunner.run(TestRunner.java:505)
	at org.testng.SuiteRunner.runTest(SuiteRunner.java:455)
	at org.testng.SuiteRunner.access$000(SuiteRunner.java:40)
	at org.testng.SuiteRunner$SuiteWorker.run(SuiteRunner.java:489)
	at org.testng.internal.thread.ThreadUtil$1.call(ThreadUtil.java:52)
	at java.util.concurrent.FutureTask.run(FutureTask.java:266)
	at java.util.concurrent.ThreadPoolExecutor.runWorker(ThreadPoolExecutor.java:1149)
	at java.util.concurrent.ThreadPoolExecutor$Worker.run(ThreadPoolExecutor.java:624)
	at java.lang.Thread.run(Thread.java:748)
</pre></div></td>
<td>0</td>
<td>com.cybage.assignment.test.toolsqaHomePageTest@3fac7e</td></tr>
<tr>
<td title='com.cybage.assignment.test.toolsqaHomePageTest.validatePageTitle()'><b>validatePageTitle</b><br>Test class: com.cybage.assignment.test.toolsqaHomePageTest</td>
<td><div><pre>java.lang.NullPointerException: key can&apos;t be null
	at java.lang.System.checkKey(System.java:838)
	at java.lang.System.setProperty(System.java:789)
	at com.cybage.assignment.objects.toolsqaBase.initialize(toolsqaBase.java:37)
	at com.cybage.assignment.test.toolsqaHomePageTest.testSetUp(toolsqaHomePageTest.java:26)
	at java.util.concurrent.FutureTask.run(FutureTask.java:266)
	at java.util.concurrent.ThreadPoolExecutor.runWorker(ThreadPoolExecutor.java:1149)
	at java.util.concurrent.ThreadPoolExecutor$Worker.run(ThreadPoolExecutor.java:624)
	at java.lang.Thread.run(Thread.java:748)
... Removed 17 stack frames</pre></div><a href='#' onClick='toggleBox("stack-trace12011468", this, "Click to show all stack frames", "Click to hide stack frames")'>Click to show all stack frames</a>
<div class='stack-trace' id='stack-trace12011468'><pre>java.lang.NullPointerException: key can&apos;t be null
	at java.lang.System.checkKey(System.java:838)
	at java.lang.System.setProperty(System.java:789)
	at com.cybage.assignment.objects.toolsqaBase.initialize(toolsqaBase.java:37)
	at com.cybage.assignment.test.toolsqaHomePageTest.testSetUp(toolsqaHomePageTest.java:26)
	at sun.reflect.NativeMethodAccessorImpl.invoke0(Native Method)
	at sun.reflect.NativeMethodAccessorImpl.invoke(NativeMethodAccessorImpl.java:62)
	at sun.reflect.DelegatingMethodAccessorImpl.invoke(DelegatingMethodAccessorImpl.java:43)
	at java.lang.reflect.Method.invoke(Method.java:498)
	at org.testng.internal.MethodInvocationHelper.invokeMethod(MethodInvocationHelper.java:124)
	at org.testng.internal.MethodInvocationHelper.invokeMethodConsideringTimeout(MethodInvocationHelper.java:59)
	at org.testng.internal.Invoker.invokeConfigurationMethod(Invoker.java:458)
	at org.testng.internal.Invoker.invokeConfigurations(Invoker.java:222)
	at org.testng.internal.Invoker.invokeConfigurations(Invoker.java:142)
	at org.testng.internal.TestMethodWorker.invokeBeforeClassMethods(TestMethodWorker.java:168)
	at org.testng.internal.TestMethodWorker.run(TestMethodWorker.java:105)
	at org.testng.TestRunner.privateRun(TestRunner.java:648)
	at org.testng.TestRunner.run(TestRunner.java:505)
	at org.testng.SuiteRunner.runTest(SuiteRunner.java:455)
	at org.testng.SuiteRunner.access$000(SuiteRunner.java:40)
	at org.testng.SuiteRunner$SuiteWorker.run(SuiteRunner.java:489)
	at org.testng.internal.thread.ThreadUtil$1.call(ThreadUtil.java:52)
	at java.util.concurrent.FutureTask.run(FutureTask.java:266)
	at java.util.concurrent.ThreadPoolExecutor.runWorker(ThreadPoolExecutor.java:1149)
	at java.util.concurrent.ThreadPoolExecutor$Worker.run(ThreadPoolExecutor.java:624)
	at java.lang.Thread.run(Thread.java:748)
</pre></div></td>
<td>0</td>
<td>com.cybage.assignment.test.toolsqaHomePageTest@3fac7e</td></tr>
</table><p>
</body>
</html>