<?xml version="1.0" encoding="UTF-8"?>
<!-- Generated by org.testng.reporters.JUnitXMLReporter -->
<testsuite hostname="sachintaw-w10" ignored="0" name="toolsqaElementTest" tests="13" failures="1" timestamp="04 Oct 2021 05:28:46 GMT" time="697.999" errors="0">
  <testcase name="@AfterMethod captureAndReport" time="12.234" classname="com.cybage.assignment.test.toolsqaElementPageTest">
    <failure type="org.openqa.selenium.WebDriverException" message="chrome not reachable
  (Session info: chrome=94.0.4606.61)
Build info: version: &amp;apos;3.141.59&amp;apos;, revision: &amp;apos;e82be7d358&amp;apos;, time: &amp;apos;2018-11-14T08:17:03&amp;apos;
System info: host: &amp;apos;SACHINTAW-W10&amp;apos;, ip: &amp;apos;172.27.85.17&amp;apos;, os.name: &amp;apos;Windows 10&amp;apos;, os.arch: &amp;apos;x86&amp;apos;, os.version: &amp;apos;10.0&amp;apos;, java.version: &amp;apos;1.8.0_171&amp;apos;
Driver info: org.openqa.selenium.chrome.ChromeDriver
Capabilities {acceptInsecureCerts: true, browserName: chrome, browserVersion: 94.0.4606.61, chrome: {chromedriverVersion: 93.0.4577.15 (660fc11082ba5..., userDataDir: C:\Users\SACHIN~1\AppData\L...}, goog:chromeOptions: {debuggerAddress: localhost:58822}, javascriptEnabled: true, networkConnectionEnabled: false, pageLoadStrategy: normal, platform: WINDOWS, platformName: WINDOWS, proxy: Proxy(), setWindowRect: true, strictFileInteractability: false, timeouts: {implicit: 0, pageLoad: 300000, script: 30000}, unhandledPromptBehavior: dismiss and notify, webauthn:extension:credBlob: true, webauthn:extension:largeBlob: true, webauthn:virtualAuthenticators: true}
Session ID: 3274ba838aaeb49d70d6ff904f38728f">
      <![CDATA[org.openqa.selenium.WebDriverException: chrome not reachable
  (Session info: chrome=94.0.4606.61)
Build info: version: '3.141.59', revision: 'e82be7d358', time: '2018-11-14T08:17:03'
System info: host: 'SACHINTAW-W10', ip: '172.27.85.17', os.name: 'Windows 10', os.arch: 'x86', os.version: '10.0', java.version: '1.8.0_171'
Driver info: org.openqa.selenium.chrome.ChromeDriver
Capabilities {acceptInsecureCerts: true, browserName: chrome, browserVersion: 94.0.4606.61, chrome: {chromedriverVersion: 93.0.4577.15 (660fc11082ba5..., userDataDir: C:\Users\SACHIN~1\AppData\L...}, goog:chromeOptions: {debuggerAddress: localhost:58822}, javascriptEnabled: true, networkConnectionEnabled: false, pageLoadStrategy: normal, platform: WINDOWS, platformName: WINDOWS, proxy: Proxy(), setWindowRect: true, strictFileInteractability: false, timeouts: {implicit: 0, pageLoad: 300000, script: 30000}, unhandledPromptBehavior: dismiss and notify, webauthn:extension:credBlob: true, webauthn:extension:largeBlob: true, webauthn:virtualAuthenticators: true}
Session ID: 3274ba838aaeb49d70d6ff904f38728f
at org.openqa.selenium.remote.http.W3CHttpResponseCodec.createException(W3CHttpResponseCodec.java:187)
at org.openqa.selenium.remote.http.W3CHttpResponseCodec.decode(W3CHttpResponseCodec.java:122)
at org.openqa.selenium.remote.http.W3CHttpResponseCodec.decode(W3CHttpResponseCodec.java:49)
at org.openqa.selenium.remote.HttpCommandExecutor.execute(HttpCommandExecutor.java:158)
at org.openqa.selenium.remote.service.DriverCommandExecutor.execute(DriverCommandExecutor.java:83)
at org.openqa.selenium.remote.RemoteWebDriver.execute(RemoteWebDriver.java:552)
at org.openqa.selenium.remote.RemoteWebDriver.execute(RemoteWebDriver.java:609)
at org.openqa.selenium.remote.RemoteWebDriver.getScreenshotAs(RemoteWebDriver.java:295)
at com.cybage.assignment.objects.utilities.screenshot(utilities.java:58)
at com.cybage.assignment.test.toolsqaElementPageTest.captureAndReport(toolsqaElementPageTest.java:179)
at java.util.concurrent.FutureTask.run(FutureTask.java:266)
at java.util.concurrent.ThreadPoolExecutor.runWorker(ThreadPoolExecutor.java:1149)
at java.util.concurrent.ThreadPoolExecutor$Worker.run(ThreadPoolExecutor.java:624)
at java.lang.Thread.run(Thread.java:748)
... Removed 23 stack frames]]>
    </failure>
  </testcase> <!-- @AfterMethod captureAndReport -->
  <testcase name="@BeforeMethod waitToLoadElements" time="0.0" classname="com.cybage.assignment.test.toolsqaElementPageTest">
    <skipped/>
  </testcase> <!-- @BeforeMethod waitToLoadElements -->
  <testcase name="@AfterMethod captureAndReport" time="0.0" classname="com.cybage.assignment.test.toolsqaElementPageTest">
    <skipped/>
  </testcase> <!-- @AfterMethod captureAndReport -->
  <testcase name="@BeforeMethod waitToLoadElements" time="0.0" classname="com.cybage.assignment.test.toolsqaElementPageTest">
    <skipped/>
  </testcase> <!-- @BeforeMethod waitToLoadElements -->
  <testcase name="@AfterMethod captureAndReport" time="0.0" classname="com.cybage.assignment.test.toolsqaElementPageTest">
    <skipped/>
  </testcase> <!-- @AfterMethod captureAndReport -->
  <testcase name="@BeforeMethod waitToLoadElements" time="0.0" classname="com.cybage.assignment.test.toolsqaElementPageTest">
    <skipped/>
  </testcase> <!-- @BeforeMethod waitToLoadElements -->
  <testcase name="@AfterMethod captureAndReport" time="0.0" classname="com.cybage.assignment.test.toolsqaElementPageTest">
    <skipped/>
  </testcase> <!-- @AfterMethod captureAndReport -->
  <testcase name="@BeforeMethod waitToLoadElements" time="0.0" classname="com.cybage.assignment.test.toolsqaElementPageTest">
    <skipped/>
  </testcase> <!-- @BeforeMethod waitToLoadElements -->
  <testcase name="@AfterMethod captureAndReport" time="0.0" classname="com.cybage.assignment.test.toolsqaElementPageTest">
    <skipped/>
  </testcase> <!-- @AfterMethod captureAndReport -->
  <testcase name="@BeforeMethod waitToLoadElements" time="0.0" classname="com.cybage.assignment.test.toolsqaElementPageTest">
    <skipped/>
  </testcase> <!-- @BeforeMethod waitToLoadElements -->
  <testcase name="@AfterMethod captureAndReport" time="0.0" classname="com.cybage.assignment.test.toolsqaElementPageTest">
    <skipped/>
  </testcase> <!-- @AfterMethod captureAndReport -->
  <testcase name="@BeforeMethod waitToLoadElements" time="0.0" classname="com.cybage.assignment.test.toolsqaElementPageTest">
    <skipped/>
  </testcase> <!-- @BeforeMethod waitToLoadElements -->
  <testcase name="@AfterMethod captureAndReport" time="0.0" classname="com.cybage.assignment.test.toolsqaElementPageTest">
    <skipped/>
  </testcase> <!-- @AfterMethod captureAndReport -->
  <testcase name="@BeforeMethod waitToLoadElements" time="0.0" classname="com.cybage.assignment.test.toolsqaElementPageTest">
    <skipped/>
  </testcase> <!-- @BeforeMethod waitToLoadElements -->
  <testcase name="@AfterMethod captureAndReport" time="0.0" classname="com.cybage.assignment.test.toolsqaElementPageTest">
    <skipped/>
  </testcase> <!-- @AfterMethod captureAndReport -->
  <testcase name="@BeforeMethod waitToLoadElements" time="0.0" classname="com.cybage.assignment.test.toolsqaElementPageTest">
    <skipped/>
  </testcase> <!-- @BeforeMethod waitToLoadElements -->
  <testcase name="@AfterMethod captureAndReport" time="0.0" classname="com.cybage.assignment.test.toolsqaElementPageTest">
    <skipped/>
  </testcase> <!-- @AfterMethod captureAndReport -->
  <testcase name="@AfterClass testCleanUp" time="0.0" classname="com.cybage.assignment.test.toolsqaElementPageTest">
    <skipped/>
  </testcase> <!-- @AfterClass testCleanUp -->
  <testcase name="@AfterTest releaseDriver" time="0.0" classname="com.cybage.assignment.test.toolsqaElementPageTest">
    <skipped/>
  </testcase> <!-- @AfterTest releaseDriver -->
  <testcase name="validateElementScreen" time="0.427" classname="com.cybage.assignment.test.toolsqaElementPageTest"/>
  <testcase name="validateBrokenLinkImagesOperations" time="620.8" classname="com.cybage.assignment.test.toolsqaElementPageTest">
    <skipped/>
  </testcase> <!-- validateBrokenLinkImagesOperations -->
  <testcase name="validateBrokenLinkImagesOperations" time="12.125" classname="com.cybage.assignment.test.toolsqaElementPageTest">
    <skipped/>
  </testcase> <!-- validateBrokenLinkImagesOperations -->
  <testcase name="validateBrokenLinkImagesOperations" time="12.202" classname="com.cybage.assignment.test.toolsqaElementPageTest">
    <skipped/>
  </testcase> <!-- validateBrokenLinkImagesOperations -->
  <testcase name="validateBrokenLinkImagesOperations" time="12.188" classname="com.cybage.assignment.test.toolsqaElementPageTest">
    <failure type="org.openqa.selenium.WebDriverException" message="chrome not reachable
  (Session info: chrome=94.0.4606.61)
Build info: version: &amp;apos;3.141.59&amp;apos;, revision: &amp;apos;e82be7d358&amp;apos;, time: &amp;apos;2018-11-14T08:17:03&amp;apos;
System info: host: &amp;apos;SACHINTAW-W10&amp;apos;, ip: &amp;apos;172.27.85.17&amp;apos;, os.name: &amp;apos;Windows 10&amp;apos;, os.arch: &amp;apos;x86&amp;apos;, os.version: &amp;apos;10.0&amp;apos;, java.version: &amp;apos;1.8.0_171&amp;apos;
Driver info: org.openqa.selenium.chrome.ChromeDriver
Capabilities {acceptInsecureCerts: true, browserName: chrome, browserVersion: 94.0.4606.61, chrome: {chromedriverVersion: 93.0.4577.15 (660fc11082ba5..., userDataDir: C:\Users\SACHIN~1\AppData\L...}, goog:chromeOptions: {debuggerAddress: localhost:58822}, javascriptEnabled: true, networkConnectionEnabled: false, pageLoadStrategy: normal, platform: WINDOWS, platformName: WINDOWS, proxy: Proxy(), setWindowRect: true, strictFileInteractability: false, timeouts: {implicit: 0, pageLoad: 300000, script: 30000}, unhandledPromptBehavior: dismiss and notify, webauthn:extension:credBlob: true, webauthn:extension:largeBlob: true, webauthn:virtualAuthenticators: true}
Session ID: 3274ba838aaeb49d70d6ff904f38728f
*** Element info: {Using=xpath, value=//div[@class=&amp;apos;element-list collapse show&amp;apos;]//ul//li[7]}">
      <![CDATA[org.openqa.selenium.WebDriverException: chrome not reachable
  (Session info: chrome=94.0.4606.61)
Build info: version: '3.141.59', revision: 'e82be7d358', time: '2018-11-14T08:17:03'
System info: host: 'SACHINTAW-W10', ip: '172.27.85.17', os.name: 'Windows 10', os.arch: 'x86', os.version: '10.0', java.version: '1.8.0_171'
Driver info: org.openqa.selenium.chrome.ChromeDriver
Capabilities {acceptInsecureCerts: true, browserName: chrome, browserVersion: 94.0.4606.61, chrome: {chromedriverVersion: 93.0.4577.15 (660fc11082ba5..., userDataDir: C:\Users\SACHIN~1\AppData\L...}, goog:chromeOptions: {debuggerAddress: localhost:58822}, javascriptEnabled: true, networkConnectionEnabled: false, pageLoadStrategy: normal, platform: WINDOWS, platformName: WINDOWS, proxy: Proxy(), setWindowRect: true, strictFileInteractability: false, timeouts: {implicit: 0, pageLoad: 300000, script: 30000}, unhandledPromptBehavior: dismiss and notify, webauthn:extension:credBlob: true, webauthn:extension:largeBlob: true, webauthn:virtualAuthenticators: true}
Session ID: 3274ba838aaeb49d70d6ff904f38728f
*** Element info: {Using=xpath, value=//div[@class='element-list collapse show']//ul//li[7]}
at org.openqa.selenium.remote.http.W3CHttpResponseCodec.createException(W3CHttpResponseCodec.java:187)
at org.openqa.selenium.remote.http.W3CHttpResponseCodec.decode(W3CHttpResponseCodec.java:122)
at org.openqa.selenium.remote.http.W3CHttpResponseCodec.decode(W3CHttpResponseCodec.java:49)
at org.openqa.selenium.remote.HttpCommandExecutor.execute(HttpCommandExecutor.java:158)
at org.openqa.selenium.remote.service.DriverCommandExecutor.execute(DriverCommandExecutor.java:83)
at org.openqa.selenium.remote.RemoteWebDriver.execute(RemoteWebDriver.java:552)
at org.openqa.selenium.remote.RemoteWebDriver.findElement(RemoteWebDriver.java:323)
at org.openqa.selenium.remote.RemoteWebDriver.findElementByXPath(RemoteWebDriver.java:428)
at org.openqa.selenium.By$ByXPath.findElement(By.java:353)
at org.openqa.selenium.remote.RemoteWebDriver.findElement(RemoteWebDriver.java:315)
at org.openqa.selenium.support.pagefactory.DefaultElementLocator.findElement(DefaultElementLocator.java:69)
at org.openqa.selenium.support.pagefactory.internal.LocatingElementHandler.invoke(LocatingElementHandler.java:38)
at com.sun.proxy.$Proxy34.getWrappedElement(Unknown Source)
at org.openqa.selenium.remote.internal.WebElementToJsonConverter.apply(WebElementToJsonConverter.java:50)
at java.util.stream.ReferencePipeline$3$1.accept(ReferencePipeline.java:193)
at java.util.Spliterators$ArraySpliterator.forEachRemaining(Spliterators.java:948)
at java.util.stream.AbstractPipeline.copyInto(AbstractPipeline.java:481)
at java.util.stream.AbstractPipeline.wrapAndCopyInto(AbstractPipeline.java:471)
at java.util.stream.ReduceOps$ReduceOp.evaluateSequential(ReduceOps.java:708)
at java.util.stream.AbstractPipeline.evaluate(AbstractPipeline.java:234)
at java.util.stream.ReferencePipeline.collect(ReferencePipeline.java:499)
at org.openqa.selenium.remote.RemoteWebDriver.executeScript(RemoteWebDriver.java:484)
at com.cybage.assignment.objects.utilities.scrollIntoView(utilities.java:162)
at com.cybage.assignment.page.elementsPage.checkPresenceOfBrokenLinkImagesOption(elementsPage.java:393)
at com.cybage.assignment.test.toolsqaElementPageTest.validateBrokenLinkImagesOperations(toolsqaElementPageTest.java:144)
at java.util.concurrent.FutureTask.run(FutureTask.java:266)
at java.util.concurrent.ThreadPoolExecutor.runWorker(ThreadPoolExecutor.java:1149)
at java.util.concurrent.ThreadPoolExecutor$Worker.run(ThreadPoolExecutor.java:624)
at java.lang.Thread.run(Thread.java:748)
... Removed 20 stack frames]]>
    </failure>
  </testcase> <!-- validateBrokenLinkImagesOperations -->
  <testcase name="validateButtonsOperations" time="0.0" classname="com.cybage.assignment.test.toolsqaElementPageTest">
    <skipped/>
  </testcase> <!-- validateButtonsOperations -->
  <testcase name="validateCheckBoxOperation" time="0.0" classname="com.cybage.assignment.test.toolsqaElementPageTest">
    <skipped/>
  </testcase> <!-- validateCheckBoxOperation -->
  <testcase name="validateDynamicButtonsOperations" time="0.0" classname="com.cybage.assignment.test.toolsqaElementPageTest">
    <skipped/>
  </testcase> <!-- validateDynamicButtonsOperations -->
  <testcase name="validateLinksOperations" time="0.0" classname="com.cybage.assignment.test.toolsqaElementPageTest">
    <skipped/>
  </testcase> <!-- validateLinksOperations -->
  <testcase name="validateRadioButtonOperations" time="0.0" classname="com.cybage.assignment.test.toolsqaElementPageTest">
    <skipped/>
  </testcase> <!-- validateRadioButtonOperations -->
  <testcase name="validateTextBoxOnSubmission" time="0.0" classname="com.cybage.assignment.test.toolsqaElementPageTest">
    <skipped/>
  </testcase> <!-- validateTextBoxOnSubmission -->
  <testcase name="validateUploadDownloadOperations" time="0.0" classname="com.cybage.assignment.test.toolsqaElementPageTest">
    <skipped/>
  </testcase> <!-- validateUploadDownloadOperations -->
  <testcase name="validateWebTablesOperations" time="0.0" classname="com.cybage.assignment.test.toolsqaElementPageTest">
    <skipped/>
  </testcase> <!-- validateWebTablesOperations -->
</testsuite> <!-- toolsqaElementTest -->
